<?xml version="1.0" encoding="UTF-8"?>
<testsuites name="Maya Home" time="474.186" tests="5" failures="0" errors="1">
   <testsuite name="Maya Home" tests="5" failures="0" errors="1" time="474.186" skipped="0" timestamp="2022-04-21 17:28:31" hostname="vinayeddla - localhost" id="Test Suites/Maya Home">
      <properties>
         <property name="deviceName" value="samsung SM-G960F (Android 10)"/>
         <property name="devicePlatform" value=""/>
         <property name="logFolder" value="/Users/vinayeddla/git/MAYA-Home/Reports/20220421_172819/Maya Home/20220421_172820"/>
         <property name="logFiles" value="/Users/vinayeddla/git/MAYA-Home/Reports/20220421_172819/Maya Home/20220421_172820/execution0.log, /Users/vinayeddla/git/MAYA-Home/Reports/20220421_172819/Maya Home/20220421_172820/appium.log"/>
         <property name="attachments" value=""/>
         <property name="hostName" value="vinayeddla - localhost"/>
         <property name="os" value="Mac OS X 64bit"/>
         <property name="appiumServerStatus" value="{&quot;value&quot;:{&quot;build&quot;:{&quot;version&quot;:&quot;1.22.3&quot;}},&quot;sessionId&quot;:null,&quot;status&quot;:0}"/>
         <property name="katalonVersion" value="8.2.0.208"/>
         <property name="deviceOS" value="Android"/>
         <property name="appiumVersion" value="1.22.3"/>
         <property name="deviceModel" value="SM-G960F"/>
         <property name="hostAddress" value="127.0.0.1"/>
         <property name="deviceManufacturer" value="samsung"/>
         <property name="deviceId" value="225ac1ea21057ece"/>
         <property name="deviceName" value="samsung SM-G960F (Android 10)"/>
         <property name="deviceOSVersion" value="10"/>
      </properties>
      <testcase name="Test Cases/MayaHome/mayahome_CESearchProperties" time="78.622" classname="Test Cases/MayaHome/mayahome_CESearchProperties" status="PASSED">
         <system-out><![CDATA[2022-04-21 17:28:31 - [TEST_CASE][PASSED] - Test Cases/MayaHome/mayahome_CESearchProperties: Test Cases/MayaHome/mayahome_CESearchProperties

2022-04-21 17:28:31 - [TEST_STEP][PASSED] - startApplication(appPathSIT, false): Started app at: '/Users/vinayeddla/Desktop/MAE/app-sit-universal-release.apk'

2022-04-21 17:28:32 - [MESSAGE][INFO] - User set preference: ['appWaitActivity', '*']

2022-04-21 17:28:32 - [MESSAGE][INFO] - User set preference: ['deviceId', '225ac1ea21057ece']

2022-04-21 17:28:33 - [MESSAGE][INFO] - Appium server started on port 58,274

2022-04-21 17:28:44 - [MESSAGE][PASSED] - Started app at: '/Users/vinayeddla/Desktop/MAE/app-sit-universal-release.apk'

2022-04-21 17:28:44 - [TEST_STEP][PASSED] - tap(findTestObject("MayaHome/mayahome - MobileSpy 1/dashboard - more3dotsBtn"), 0, CONTINUE_ON_FAILURE): Tapped on element 'Object Repository/MayaHome/mayahome - MobileSpy 1/dashboard - more3dotsBtn'

2022-04-21 17:28:44 - [MESSAGE][WARNING] - Timeout '0' is invalid. Using default page load timeout: '20'

2022-04-21 17:28:49 - [MESSAGE][PASSED] - Tapped on element 'Object Repository/MayaHome/mayahome - MobileSpy 1/dashboard - more3dotsBtn'

2022-04-21 17:28:49 - [TEST_STEP][PASSED] - delay(3): Delayed 3 second(s)

2022-04-21 17:28:52 - [MESSAGE][PASSED] - Delayed 3 second(s)

2022-04-21 17:28:52 - [TEST_STEP][PASSED] - tap(findTestObject("MayaHome/mayahome - MobileSpy 3/home2u - Btn"), 0): Tapped on element 'Object Repository/MayaHome/mayahome - MobileSpy 3/home2u - Btn'

2022-04-21 17:28:52 - [MESSAGE][WARNING] - Timeout '0' is invalid. Using default page load timeout: '20'

2022-04-21 17:28:56 - [MESSAGE][PASSED] - Tapped on element 'Object Repository/MayaHome/mayahome - MobileSpy 3/home2u - Btn'

2022-04-21 17:28:56 - [TEST_STEP][PASSED] - if (verifyElementVisible(findTestObject("Login Onboarding/onboardWelcomeSkipBtn"), 0, OPTIONAL)): Element 'Object Repository/Login Onboarding/onboardWelcomeSkipBtn' not found

2022-04-21 17:28:56 - [MESSAGE][WARNING] - Timeout '0' is invalid. Using default page load timeout: '20'

2022-04-21 17:29:16 - [MESSAGE][WARNING] - Element 'Object Repository/Login Onboarding/onboardWelcomeSkipBtn' not found

2022-04-21 17:29:16 - [TEST_STEP][PASSED] - else: null

2022-04-21 17:29:16 - [TEST_STEP][PASSED] - verifyElementVisible(findTestObject("MayaHome/mayahome - MobileSpy 6/property - Header"), 0, CONTINUE_ON_FAILURE): Element 'Object Repository/MayaHome/mayahome - MobileSpy 6/property - Header' is visible

2022-04-21 17:29:16 - [MESSAGE][WARNING] - Timeout '0' is invalid. Using default page load timeout: '20'

2022-04-21 17:29:17 - [MESSAGE][PASSED] - Element 'Object Repository/MayaHome/mayahome - MobileSpy 6/property - Header' is visible

2022-04-21 17:29:17 - [TEST_STEP][PASSED] - verifyElementVisible(findTestObject("MayaHome/mayahome - MobileSpy 6/discover - Header"), 0, CONTINUE_ON_FAILURE): Element 'Object Repository/MayaHome/mayahome - MobileSpy 6/discover - Header' is visible

2022-04-21 17:29:17 - [MESSAGE][WARNING] - Timeout '0' is invalid. Using default page load timeout: '20'

2022-04-21 17:29:17 - [MESSAGE][PASSED] - Element 'Object Repository/MayaHome/mayahome - MobileSpy 6/discover - Header' is visible

2022-04-21 17:29:17 - [TEST_STEP][PASSED] - tap(findTestObject("MayaHome/mayahome - MobileSpy 1/Search properties - Txtfield"), 0): Tapped on element 'Object Repository/MayaHome/mayahome - MobileSpy 1/Search properties - Txtfield'

2022-04-21 17:29:17 - [MESSAGE][WARNING] - Timeout '0' is invalid. Using default page load timeout: '20'

2022-04-21 17:29:18 - [MESSAGE][PASSED] - Tapped on element 'Object Repository/MayaHome/mayahome - MobileSpy 1/Search properties - Txtfield'

2022-04-21 17:29:18 - [TEST_STEP][PASSED] - setText(findTestObject("MayaHome/mayahome - MobileSpy 1/searchproperties - editTxt"), findTestData("mayahomeCredentials").getValue(3, 1), 0): Text 'Kinabalu Residence' has been set to element 'Object Repository/MayaHome/mayahome - MobileSpy 1/searchproperties - editTxt'

2022-04-21 17:29:18 - [MESSAGE][WARNING] - Timeout '0' is invalid. Using default page load timeout: '20'

2022-04-21 17:29:19 - [MESSAGE][PASSED] - Text 'Kinabalu Residence' has been set to element 'Object Repository/MayaHome/mayahome - MobileSpy 1/searchproperties - editTxt'

2022-04-21 17:29:19 - [TEST_STEP][PASSED] - hideKeyboard(): Keyboard is hidden

2022-04-21 17:29:21 - [MESSAGE][PASSED] - Keyboard is hidden

2022-04-21 17:29:21 - [TEST_STEP][PASSED] - delay(2, STOP_ON_FAILURE): Delayed 2 second(s)

2022-04-21 17:29:23 - [MESSAGE][PASSED] - Delayed 2 second(s)

2022-04-21 17:29:23 - [TEST_STEP][PASSED] - waitForElementPresent(findTestObject("MayaHome/mayahome - MobileSpy 2/propertyDisplayCard - Frame"), 0): Element 'Object Repository/MayaHome/mayahome - MobileSpy 2/propertyDisplayCard - Frame' is present

2022-04-21 17:29:23 - [MESSAGE][WARNING] - Timeout '0' is invalid. Using default page load timeout: '20'

2022-04-21 17:29:23 - [MESSAGE][PASSED] - Element 'Object Repository/MayaHome/mayahome - MobileSpy 2/propertyDisplayCard - Frame' is present

2022-04-21 17:29:23 - [TEST_STEP][PASSED] - verifyElementVisible(findTestObject("MayaHome/mayahome - MobileSpy 2/propertyDisplayCard - Frame"), 0, CONTINUE_ON_FAILURE): Element 'Object Repository/MayaHome/mayahome - MobileSpy 2/propertyDisplayCard - Frame' is visible

2022-04-21 17:29:23 - [MESSAGE][WARNING] - Timeout '0' is invalid. Using default page load timeout: '20'

2022-04-21 17:29:23 - [MESSAGE][PASSED] - Element 'Object Repository/MayaHome/mayahome - MobileSpy 2/propertyDisplayCard - Frame' is visible

2022-04-21 17:29:23 - [TEST_STEP][PASSED] - doubleTap(findTestObject("MayaHome/mayahome - MobileSpy 2/propertyDisplayCard - Frame"), 0): Double tapped on element 'Object Repository/MayaHome/mayahome - MobileSpy 2/propertyDisplayCard - Frame'

2022-04-21 17:29:23 - [MESSAGE][WARNING] - Timeout '0' is invalid. Using default page load timeout: '20'

2022-04-21 17:29:25 - [MESSAGE][PASSED] - Double tapped on element 'Object Repository/MayaHome/mayahome - MobileSpy 2/propertyDisplayCard - Frame'

2022-04-21 17:29:25 - [TEST_STEP][PASSED] - delay(3, STOP_ON_FAILURE): Delayed 3 second(s)

2022-04-21 17:29:28 - [MESSAGE][PASSED] - Delayed 3 second(s)

2022-04-21 17:29:28 - [TEST_STEP][PASSED] - verifyElementVisible(findTestObject("MayaHome/mayahome - MobileSpy 6/propertyName - Txt"), 0, CONTINUE_ON_FAILURE): Element 'Object Repository/MayaHome/mayahome - MobileSpy 6/propertyName - Txt' is visible

2022-04-21 17:29:28 - [MESSAGE][WARNING] - Timeout '0' is invalid. Using default page load timeout: '20'

2022-04-21 17:29:28 - [MESSAGE][PASSED] - Element 'Object Repository/MayaHome/mayahome - MobileSpy 6/propertyName - Txt' is visible

2022-04-21 17:29:28 - [TEST_STEP][PASSED] - propertyName = getText(findTestObject("MayaHome/mayahome - MobileSpy 6/propertyName - Txt"), 0): Text of element 'Object Repository/MayaHome/mayahome - MobileSpy 6/propertyName - Txt' is: 'Kinabalu Residence'

2022-04-21 17:29:28 - [MESSAGE][WARNING] - Timeout '0' is invalid. Using default page load timeout: '20'

2022-04-21 17:29:29 - [MESSAGE][PASSED] - Text of element 'Object Repository/MayaHome/mayahome - MobileSpy 6/propertyName - Txt' is: 'Kinabalu Residence'

2022-04-21 17:29:29 - [TEST_STEP][PASSED] - verifyElementVisible(findTestObject("MayaHome/mayahome - MobileSpy 6/propertyPrice - Txt"), 0, CONTINUE_ON_FAILURE): Element 'Object Repository/MayaHome/mayahome - MobileSpy 6/propertyPrice - Txt' is visible

2022-04-21 17:29:29 - [MESSAGE][WARNING] - Timeout '0' is invalid. Using default page load timeout: '20'

2022-04-21 17:29:29 - [MESSAGE][PASSED] - Element 'Object Repository/MayaHome/mayahome - MobileSpy 6/propertyPrice - Txt' is visible

2022-04-21 17:29:29 - [TEST_STEP][PASSED] - propertyPrice = getText(findTestObject("MayaHome/mayahome - MobileSpy 6/propertyPrice - Txt"), 0): Text of element 'Object Repository/MayaHome/mayahome - MobileSpy 6/propertyPrice - Txt' is: 'RM 100,000 - RM 650,000'

2022-04-21 17:29:29 - [MESSAGE][WARNING] - Timeout '0' is invalid. Using default page load timeout: '20'

2022-04-21 17:29:29 - [MESSAGE][PASSED] - Text of element 'Object Repository/MayaHome/mayahome - MobileSpy 6/propertyPrice - Txt' is: 'RM 100,000 - RM 650,000'

2022-04-21 17:29:29 - [TEST_STEP][PASSED] - verifyElementVisible(findTestObject("MayaHome/mayahome - MobileSpy 6/propertySize - Txt"), 0, CONTINUE_ON_FAILURE): Element 'Object Repository/MayaHome/mayahome - MobileSpy 6/propertySize - Txt' is visible

2022-04-21 17:29:29 - [MESSAGE][WARNING] - Timeout '0' is invalid. Using default page load timeout: '20'

2022-04-21 17:29:29 - [MESSAGE][PASSED] - Element 'Object Repository/MayaHome/mayahome - MobileSpy 6/propertySize - Txt' is visible

2022-04-21 17:29:29 - [TEST_STEP][PASSED] - propertySize = getText(findTestObject("MayaHome/mayahome - MobileSpy 6/propertySize - Txt"), 0): Text of element 'Object Repository/MayaHome/mayahome - MobileSpy 6/propertySize - Txt' is: '1235 - 1821 sqft'

2022-04-21 17:29:30 - [MESSAGE][WARNING] - Timeout '0' is invalid. Using default page load timeout: '20'

2022-04-21 17:29:30 - [MESSAGE][PASSED] - Text of element 'Object Repository/MayaHome/mayahome - MobileSpy 6/propertySize - Txt' is: '1235 - 1821 sqft'

2022-04-21 17:29:30 - [TEST_STEP][PASSED] - verifyElementVisible(findTestObject("MayaHome/mayahome - MobileSpy 6/unitType - txt"), 0, CONTINUE_ON_FAILURE): Element 'Object Repository/MayaHome/mayahome - MobileSpy 6/unitType - txt' is visible

2022-04-21 17:29:30 - [MESSAGE][WARNING] - Timeout '0' is invalid. Using default page load timeout: '20'

2022-04-21 17:29:30 - [MESSAGE][PASSED] - Element 'Object Repository/MayaHome/mayahome - MobileSpy 6/unitType - txt' is visible

2022-04-21 17:29:30 - [TEST_STEP][PASSED] - unitType = getText(findTestObject("MayaHome/mayahome - MobileSpy 6/unitType - txt"), 0): Text of element 'Object Repository/MayaHome/mayahome - MobileSpy 6/unitType - txt' is: 'Semi-detached
SOHO - Small Office Home Office
SOFO  - Small Office Virtual Office
Service Apartment
Terrace / Link
Detached / Bungalow
Townhouse
Condominium'

2022-04-21 17:29:30 - [MESSAGE][WARNING] - Timeout '0' is invalid. Using default page load timeout: '20'

2022-04-21 17:29:31 - [MESSAGE][PASSED] - Text of element 'Object Repository/MayaHome/mayahome - MobileSpy 6/unitType - txt' is: 'Semi-detached
SOHO - Small Office Home Office
SOFO  - Small Office Virtual Office
Service Apartment
Terrace / Link
Detached / Bungalow
Townhouse
Condominium'

2022-04-21 17:29:31 - [TEST_STEP][PASSED] - scrollToText("Unit Types"): Scrolling to text 'Unit Types' successfully

2022-04-21 17:29:36 - [MESSAGE][PASSED] - Scrolling to text 'Unit Types' successfully

2022-04-21 17:29:36 - [TEST_STEP][PASSED] - verifyElementVisible(findTestObject("MayaHome/mayahome - MobileSpy 6/unitType - Header"), 0, CONTINUE_ON_FAILURE): Element 'Object Repository/MayaHome/mayahome - MobileSpy 6/unitType - Header' is visible

2022-04-21 17:29:36 - [MESSAGE][WARNING] - Timeout '0' is invalid. Using default page load timeout: '20'

2022-04-21 17:29:37 - [MESSAGE][PASSED] - Element 'Object Repository/MayaHome/mayahome - MobileSpy 6/unitType - Header' is visible

2022-04-21 17:29:37 - [TEST_STEP][PASSED] - verifyElementVisible(findTestObject("MayaHome/mayahome - MobileSpy 6/unitTypeVisualCard1 - Img"), 0, CONTINUE_ON_FAILURE): Element 'Object Repository/MayaHome/mayahome - MobileSpy 6/unitTypeVisualCard1 - Img' is visible

2022-04-21 17:29:37 - [MESSAGE][WARNING] - Timeout '0' is invalid. Using default page load timeout: '20'

2022-04-21 17:29:37 - [MESSAGE][PASSED] - Element 'Object Repository/MayaHome/mayahome - MobileSpy 6/unitTypeVisualCard1 - Img' is visible

2022-04-21 17:29:37 - [TEST_STEP][PASSED] - scrollToText("Check Eligibility"): Scrolling to text 'Check Eligibility' successfully

2022-04-21 17:29:49 - [MESSAGE][PASSED] - Scrolling to text 'Check Eligibility' successfully

2022-04-21 17:29:49 - [TEST_STEP][PASSED] - verifyElementVisible(findTestObject("MayaHome/mayahome - MobileSpy 6/developer - Header"), 0, CONTINUE_ON_FAILURE): Element 'Object Repository/MayaHome/mayahome - MobileSpy 6/developer - Header' is visible

2022-04-21 17:29:49 - [MESSAGE][WARNING] - Timeout '0' is invalid. Using default page load timeout: '20'

2022-04-21 17:29:49 - [MESSAGE][PASSED] - Element 'Object Repository/MayaHome/mayahome - MobileSpy 6/developer - Header' is visible

2022-04-21 17:29:49 - [TEST_STEP][PASSED] - verifyElementVisible(findTestObject("MayaHome/mayahome - MobileSpy 6/developerNameCEscreen - Txt"), 0, CONTINUE_ON_FAILURE): Element 'Object Repository/MayaHome/mayahome - MobileSpy 6/developerNameCEscreen - Txt' is visible

2022-04-21 17:29:49 - [MESSAGE][WARNING] - Timeout '0' is invalid. Using default page load timeout: '20'

2022-04-21 17:29:49 - [MESSAGE][PASSED] - Element 'Object Repository/MayaHome/mayahome - MobileSpy 6/developerNameCEscreen - Txt' is visible

2022-04-21 17:29:49 - [TEST_STEP][PASSED] - developerName = getText(findTestObject("MayaHome/mayahome - MobileSpy 6/developerNameCEscreen - Txt"), 0): Text of element 'Object Repository/MayaHome/mayahome - MobileSpy 6/developerNameCEscreen - Txt' is: 'Eco World'

2022-04-21 17:29:49 - [MESSAGE][WARNING] - Timeout '0' is invalid. Using default page load timeout: '20'

2022-04-21 17:29:49 - [MESSAGE][PASSED] - Text of element 'Object Repository/MayaHome/mayahome - MobileSpy 6/developerNameCEscreen - Txt' is: 'Eco World'

2022-04-21 17:29:49 - [TEST_STEP][PASSED] - println("Property Name: " + propertyName): null

2022-04-21 17:29:49 - [TEST_STEP][PASSED] - println("Property Price: " + propertyPrice): null

2022-04-21 17:29:49 - [TEST_STEP][PASSED] - println("Property Size: " + propertySize): null

2022-04-21 17:29:49 - [TEST_STEP][PASSED] - println("Unit Type: " + unitType): null

2022-04-21 17:29:49 - [TEST_STEP][PASSED] - println("Developer Name" + developerName): null

2022-04-21 17:29:49 - [TEST_STEP][PASSED] - tap(findTestObject("MayaHome/mayahome - MobileSpy 1/checkeligibility - Btn"), 0): Tapped on element 'Object Repository/MayaHome/mayahome - MobileSpy 1/checkeligibility - Btn'

2022-04-21 17:29:49 - [MESSAGE][WARNING] - Timeout '0' is invalid. Using default page load timeout: '20'

2022-04-21 17:29:50 - [MESSAGE][PASSED] - Tapped on element 'Object Repository/MayaHome/mayahome - MobileSpy 1/checkeligibility - Btn']]></system-out>
         <system-err><![CDATA[]]></system-err>
      </testcase>
      <testcase name="Test Cases/MayaHome/mayahome_CEAgreementCheck" time="25.657" classname="Test Cases/MayaHome/mayahome_CEAgreementCheck" status="PASSED">
         <system-out><![CDATA[2022-04-21 17:29:50 - [TEST_CASE][PASSED] - Test Cases/MayaHome/mayahome_CEAgreementCheck: Test Cases/MayaHome/mayahome_CEAgreementCheck

2022-04-21 17:29:50 - [TEST_STEP][PASSED] - if (verifyElementExist(findTestObject("MayaHome/mayahome - MobileSpy 2/header6DigitPin - Txt"), 0, OPTIONAL)): null

2022-04-21 17:29:50 - [MESSAGE][WARNING] - Timeout '0' is invalid. Using default page load timeout: '20'

2022-04-21 17:29:52 - [MESSAGE][PASSED] - Element 'Object Repository/MayaHome/mayahome - MobileSpy 2/header6DigitPin - Txt' is exist

2022-04-21 17:29:52 - [TEST_STEP][PASSED] - tap(findTestObject("MayaHome/mayahome - MobileSpy 1/pinlogin - 1"), 0): Tapped on element 'Object Repository/MayaHome/mayahome - MobileSpy 1/pinlogin - 1'

2022-04-21 17:29:52 - [MESSAGE][WARNING] - Timeout '0' is invalid. Using default page load timeout: '20'

2022-04-21 17:29:52 - [MESSAGE][PASSED] - Tapped on element 'Object Repository/MayaHome/mayahome - MobileSpy 1/pinlogin - 1'

2022-04-21 17:29:52 - [TEST_STEP][PASSED] - tap(findTestObject("MayaHome/mayahome - MobileSpy 1/pinlogin - 2"), 0): Tapped on element 'Object Repository/MayaHome/mayahome - MobileSpy 1/pinlogin - 2'

2022-04-21 17:29:52 - [MESSAGE][WARNING] - Timeout '0' is invalid. Using default page load timeout: '20'

2022-04-21 17:29:54 - [MESSAGE][PASSED] - Tapped on element 'Object Repository/MayaHome/mayahome - MobileSpy 1/pinlogin - 2'

2022-04-21 17:29:54 - [TEST_STEP][PASSED] - tap(findTestObject("MayaHome/mayahome - MobileSpy 1/pinlogin - 3"), 0): Tapped on element 'Object Repository/MayaHome/mayahome - MobileSpy 1/pinlogin - 3'

2022-04-21 17:29:54 - [MESSAGE][WARNING] - Timeout '0' is invalid. Using default page load timeout: '20'

2022-04-21 17:29:55 - [MESSAGE][PASSED] - Tapped on element 'Object Repository/MayaHome/mayahome - MobileSpy 1/pinlogin - 3'

2022-04-21 17:29:55 - [TEST_STEP][PASSED] - tap(findTestObject("MayaHome/mayahome - MobileSpy 1/pinlogin - 4"), 0): Tapped on element 'Object Repository/MayaHome/mayahome - MobileSpy 1/pinlogin - 4'

2022-04-21 17:29:55 - [MESSAGE][WARNING] - Timeout '0' is invalid. Using default page load timeout: '20'

2022-04-21 17:29:57 - [MESSAGE][PASSED] - Tapped on element 'Object Repository/MayaHome/mayahome - MobileSpy 1/pinlogin - 4'

2022-04-21 17:29:57 - [TEST_STEP][PASSED] - tap(findTestObject("MayaHome/mayahome - MobileSpy 1/pinlogin - 5"), 0): Tapped on element 'Object Repository/MayaHome/mayahome - MobileSpy 1/pinlogin - 5'

2022-04-21 17:29:57 - [MESSAGE][WARNING] - Timeout '0' is invalid. Using default page load timeout: '20'

2022-04-21 17:30:01 - [MESSAGE][PASSED] - Tapped on element 'Object Repository/MayaHome/mayahome - MobileSpy 1/pinlogin - 5'

2022-04-21 17:30:01 - [TEST_STEP][PASSED] - tap(findTestObject("MayaHome/mayahome - MobileSpy 1/pinlogin - 6"), 0): Tapped on element 'Object Repository/MayaHome/mayahome - MobileSpy 1/pinlogin - 6'

2022-04-21 17:30:01 - [MESSAGE][WARNING] - Timeout '0' is invalid. Using default page load timeout: '20'

2022-04-21 17:30:01 - [MESSAGE][PASSED] - Tapped on element 'Object Repository/MayaHome/mayahome - MobileSpy 1/pinlogin - 6'

2022-04-21 17:30:01 - [TEST_STEP][PASSED] - delay(3): Delayed 3 second(s)

2022-04-21 17:30:04 - [MESSAGE][PASSED] - Delayed 3 second(s)

2022-04-21 17:30:04 - [TEST_STEP][PASSED] - verifyElementVisible(findTestObject("MayaHome/mayahome - MobileSpy 6/checkEligibility - Header"), 0): Element 'Object Repository/MayaHome/mayahome - MobileSpy 6/checkEligibility - Header' is visible

2022-04-21 17:30:04 - [MESSAGE][WARNING] - Timeout '0' is invalid. Using default page load timeout: '20'

2022-04-21 17:30:14 - [MESSAGE][PASSED] - Element 'Object Repository/MayaHome/mayahome - MobileSpy 6/checkEligibility - Header' is visible

2022-04-21 17:30:14 - [TEST_STEP][PASSED] - verifyElementVisible(findTestObject("MayaHome/mayahome - MobileSpy 6/checkEligibilityAgreement - Header"), 0): Element 'Object Repository/MayaHome/mayahome - MobileSpy 6/checkEligibilityAgreement - Header' is visible

2022-04-21 17:30:14 - [MESSAGE][WARNING] - Timeout '0' is invalid. Using default page load timeout: '20'

2022-04-21 17:30:14 - [MESSAGE][PASSED] - Element 'Object Repository/MayaHome/mayahome - MobileSpy 6/checkEligibilityAgreement - Header' is visible

2022-04-21 17:30:14 - [TEST_STEP][PASSED] - verifyElementVisible(findTestObject("MayaHome/mayahome - MobileSpy 6/checkEligibilityAgreement - Txt"), 0): Element 'Object Repository/MayaHome/mayahome - MobileSpy 6/checkEligibilityAgreement - Txt' is visible

2022-04-21 17:30:14 - [MESSAGE][WARNING] - Timeout '0' is invalid. Using default page load timeout: '20'

2022-04-21 17:30:14 - [MESSAGE][PASSED] - Element 'Object Repository/MayaHome/mayahome - MobileSpy 6/checkEligibilityAgreement - Txt' is visible

2022-04-21 17:30:14 - [TEST_STEP][PASSED] - tap(findTestObject("MayaHome/mayahome - MobileSpy 1/termagreement - tickBtn"), 0): Tapped on element 'Object Repository/MayaHome/mayahome - MobileSpy 1/termagreement - tickBtn'

2022-04-21 17:30:14 - [MESSAGE][WARNING] - Timeout '0' is invalid. Using default page load timeout: '20'

2022-04-21 17:30:14 - [MESSAGE][PASSED] - Tapped on element 'Object Repository/MayaHome/mayahome - MobileSpy 1/termagreement - tickBtn'

2022-04-21 17:30:14 - [TEST_STEP][PASSED] - tap(findTestObject("MayaHome/mayahome - MobileSpy 1/confirm - Btn"), 0): Tapped on element 'Object Repository/MayaHome/mayahome - MobileSpy 1/confirm - Btn'

2022-04-21 17:30:14 - [MESSAGE][WARNING] - Timeout '0' is invalid. Using default page load timeout: '20'

2022-04-21 17:30:15 - [MESSAGE][PASSED] - Tapped on element 'Object Repository/MayaHome/mayahome - MobileSpy 1/confirm - Btn']]></system-out>
         <system-err><![CDATA[]]></system-err>
      </testcase>
      <testcase name="Test Cases/MayaHome/mayahome_CEAgentPropertyData" time="12.422" classname="Test Cases/MayaHome/mayahome_CEAgentPropertyData" status="PASSED">
         <system-out><![CDATA[2022-04-21 17:30:15 - [TEST_CASE][PASSED] - Test Cases/MayaHome/mayahome_CEAgentPropertyData: Test Cases/MayaHome/mayahome_CEAgentPropertyData

2022-04-21 17:30:16 - [TEST_STEP][PASSED] - setText(findTestObject("MayaHome/mayahome - MobileSpy 1/propertyagent - Txtfield"), findTestData("mayahomeCredentials").getValue(2, 1), 0): Text '00130052' has been set to element 'Object Repository/MayaHome/mayahome - MobileSpy 1/propertyagent - Txtfield'

2022-04-21 17:30:16 - [MESSAGE][WARNING] - Timeout '0' is invalid. Using default page load timeout: '20'

2022-04-21 17:30:20 - [MESSAGE][PASSED] - Text '00130052' has been set to element 'Object Repository/MayaHome/mayahome - MobileSpy 1/propertyagent - Txtfield'

2022-04-21 17:30:20 - [TEST_STEP][PASSED] - staffNumber = getText(findTestObject("MayaHome/mayahome - MobileSpy 4/staffNumberEnter - Txt"), 0): Text of element 'Object Repository/MayaHome/mayahome - MobileSpy 4/staffNumberEnter - Txt' is: '00130052'

2022-04-21 17:30:20 - [MESSAGE][WARNING] - Timeout '0' is invalid. Using default page load timeout: '20'

2022-04-21 17:30:21 - [MESSAGE][PASSED] - Text of element 'Object Repository/MayaHome/mayahome - MobileSpy 4/staffNumberEnter - Txt' is: '00130052'

2022-04-21 17:30:21 - [TEST_STEP][PASSED] - tap(findTestObject("MayaHome/mayahome - MobileSpy 1/agentSelectConfirm - Btn"), 0): Tapped on element 'Object Repository/MayaHome/mayahome - MobileSpy 1/agentSelectConfirm - Btn'

2022-04-21 17:30:21 - [MESSAGE][WARNING] - Timeout '0' is invalid. Using default page load timeout: '20'

2022-04-21 17:30:22 - [MESSAGE][PASSED] - Tapped on element 'Object Repository/MayaHome/mayahome - MobileSpy 1/agentSelectConfirm - Btn'

2022-04-21 17:30:22 - [TEST_STEP][PASSED] - delay(2, STOP_ON_FAILURE): Delayed 2 second(s)

2022-04-21 17:30:24 - [MESSAGE][PASSED] - Delayed 2 second(s)

2022-04-21 17:30:24 - [TEST_STEP][PASSED] - waitForElementPresent(findTestObject("MayaHome/mayahome - MobileSpy 4/staffNameHeader - Txt"), 0, CONTINUE_ON_FAILURE): Element 'Object Repository/MayaHome/mayahome - MobileSpy 4/staffNameHeader - Txt' is present

2022-04-21 17:30:24 - [MESSAGE][WARNING] - Timeout '0' is invalid. Using default page load timeout: '20'

2022-04-21 17:30:27 - [MESSAGE][PASSED] - Element 'Object Repository/MayaHome/mayahome - MobileSpy 4/staffNameHeader - Txt' is present

2022-04-21 17:30:27 - [TEST_STEP][PASSED] - verifyElementVisible(findTestObject("MayaHome/mayahome - MobileSpy 4/staffNameHeader - Txt"), 0, CONTINUE_ON_FAILURE): Element 'Object Repository/MayaHome/mayahome - MobileSpy 4/staffNameHeader - Txt' is visible

2022-04-21 17:30:27 - [MESSAGE][WARNING] - Timeout '0' is invalid. Using default page load timeout: '20'

2022-04-21 17:30:27 - [MESSAGE][PASSED] - Element 'Object Repository/MayaHome/mayahome - MobileSpy 4/staffNameHeader - Txt' is visible

2022-04-21 17:30:27 - [TEST_STEP][PASSED] - verifyElementVisible(findTestObject("MayaHome/mayahome - MobileSpy 4/staffNameReview - Txt"), 0, CONTINUE_ON_FAILURE): Element 'Object Repository/MayaHome/mayahome - MobileSpy 4/staffNameReview - Txt' is visible

2022-04-21 17:30:27 - [MESSAGE][WARNING] - Timeout '0' is invalid. Using default page load timeout: '20'

2022-04-21 17:30:27 - [MESSAGE][PASSED] - Element 'Object Repository/MayaHome/mayahome - MobileSpy 4/staffNameReview - Txt' is visible

2022-04-21 17:30:27 - [TEST_STEP][PASSED] - verifyElementVisible(findTestObject("MayaHome/mayahome - MobileSpy 4/staffNumberHeader - Txt"), 0, CONTINUE_ON_FAILURE): Element 'Object Repository/MayaHome/mayahome - MobileSpy 4/staffNumberHeader - Txt' is visible

2022-04-21 17:30:27 - [MESSAGE][WARNING] - Timeout '0' is invalid. Using default page load timeout: '20'

2022-04-21 17:30:27 - [MESSAGE][PASSED] - Element 'Object Repository/MayaHome/mayahome - MobileSpy 4/staffNumberHeader - Txt' is visible

2022-04-21 17:30:27 - [TEST_STEP][PASSED] - verifyElementText(findTestObject("MayaHome/mayahome - MobileSpy 4/staffNumberReview - Txt"), staffNumber, CONTINUE_ON_FAILURE): Actual text and expected text of test object 'Object Repository/MayaHome/mayahome - MobileSpy 4/staffNumberReview - Txt' are matched.

2022-04-21 17:30:27 - [MESSAGE][PASSED] - Actual text and expected text of test object 'Object Repository/MayaHome/mayahome - MobileSpy 4/staffNumberReview - Txt' are matched.

2022-04-21 17:30:27 - [TEST_STEP][PASSED] - tap(findTestObject("MayaHome/mayahome - MobileSpy 1/agentSelectYes - Btn"), 0): Tapped on element 'Object Repository/MayaHome/mayahome - MobileSpy 1/agentSelectYes - Btn'

2022-04-21 17:30:28 - [MESSAGE][WARNING] - Timeout '0' is invalid. Using default page load timeout: '20'

2022-04-21 17:30:28 - [MESSAGE][PASSED] - Tapped on element 'Object Repository/MayaHome/mayahome - MobileSpy 1/agentSelectYes - Btn']]></system-out>
         <system-err><![CDATA[]]></system-err>
      </testcase>
      <testcase name="Test Cases/MayaHome/mayahome_CEUnitType" time="12.436" classname="Test Cases/MayaHome/mayahome_CEUnitType" status="PASSED">
         <system-out><![CDATA[2022-04-21 17:30:28 - [TEST_CASE][PASSED] - Test Cases/MayaHome/mayahome_CEUnitType: Test Cases/MayaHome/mayahome_CEUnitType

2022-04-21 17:30:28 - [TEST_STEP][PASSED] - waitForElementPresent(findTestObject("MayaHome/mayahome - MobileSpy 2/headerPropertyName(UnitType) - Txt"), 5): Element 'Object Repository/MayaHome/mayahome - MobileSpy 2/headerPropertyName(UnitType) - Txt' is present

2022-04-21 17:30:31 - [MESSAGE][PASSED] - Element 'Object Repository/MayaHome/mayahome - MobileSpy 2/headerPropertyName(UnitType) - Txt' is present

2022-04-21 17:30:31 - [TEST_STEP][PASSED] - verifyElementVisible(findTestObject("MayaHome/mayahome - MobileSpy 6/UTpropertyName - Txt"), 0): Element 'Object Repository/MayaHome/mayahome - MobileSpy 6/UTpropertyName - Txt' is visible

2022-04-21 17:30:31 - [MESSAGE][WARNING] - Timeout '0' is invalid. Using default page load timeout: '20'

2022-04-21 17:30:31 - [MESSAGE][PASSED] - Element 'Object Repository/MayaHome/mayahome - MobileSpy 6/UTpropertyName - Txt' is visible

2022-04-21 17:30:31 - [TEST_STEP][PASSED] - verifyElementVisible(findTestObject("MayaHome/mayahome - MobileSpy 6/UTpropertyLayout - Img"), 0): Element 'Object Repository/MayaHome/mayahome - MobileSpy 6/UTpropertyLayout - Img' is visible

2022-04-21 17:30:31 - [MESSAGE][WARNING] - Timeout '0' is invalid. Using default page load timeout: '20'

2022-04-21 17:30:32 - [MESSAGE][PASSED] - Element 'Object Repository/MayaHome/mayahome - MobileSpy 6/UTpropertyLayout - Img' is visible

2022-04-21 17:30:32 - [TEST_STEP][PASSED] - verifyElementVisible(findTestObject("MayaHome/mayahome - MobileSpy 6/UTpropertyPrice - Txt"), 0): Element 'Object Repository/MayaHome/mayahome - MobileSpy 6/UTpropertyPrice - Txt' is visible

2022-04-21 17:30:32 - [MESSAGE][WARNING] - Timeout '0' is invalid. Using default page load timeout: '20'

2022-04-21 17:30:33 - [MESSAGE][PASSED] - Element 'Object Repository/MayaHome/mayahome - MobileSpy 6/UTpropertyPrice - Txt' is visible

2022-04-21 17:30:33 - [TEST_STEP][PASSED] - verifyElementVisible(findTestObject("MayaHome/mayahome - MobileSpy 2/unittypeCornerLot - Frame"), 0): Element 'Object Repository/MayaHome/mayahome - MobileSpy 2/unittypeCornerLot - Frame' is visible

2022-04-21 17:30:33 - [MESSAGE][WARNING] - Timeout '0' is invalid. Using default page load timeout: '20'

2022-04-21 17:30:33 - [MESSAGE][PASSED] - Element 'Object Repository/MayaHome/mayahome - MobileSpy 2/unittypeCornerLot - Frame' is visible

2022-04-21 17:30:33 - [TEST_STEP][PASSED] - tap(findTestObject("MayaHome/mayahome - MobileSpy 2/unittypeCornerLot - Frame"), 0): Tapped on element 'Object Repository/MayaHome/mayahome - MobileSpy 2/unittypeCornerLot - Frame'

2022-04-21 17:30:33 - [MESSAGE][WARNING] - Timeout '0' is invalid. Using default page load timeout: '20'

2022-04-21 17:30:35 - [MESSAGE][PASSED] - Tapped on element 'Object Repository/MayaHome/mayahome - MobileSpy 2/unittypeCornerLot - Frame'

2022-04-21 17:30:35 - [TEST_STEP][PASSED] - tap(findTestObject("MayaHome/mayahome - MobileSpy 1/unitselectionconfirm - Btn"), 0): Tapped on element 'Object Repository/MayaHome/mayahome - MobileSpy 1/unitselectionconfirm - Btn'

2022-04-21 17:30:35 - [MESSAGE][WARNING] - Timeout '0' is invalid. Using default page load timeout: '20'

2022-04-21 17:30:35 - [MESSAGE][PASSED] - Tapped on element 'Object Repository/MayaHome/mayahome - MobileSpy 1/unitselectionconfirm - Btn'

2022-04-21 17:30:35 - [TEST_STEP][PASSED] - delay(5, STOP_ON_FAILURE): Delayed 5 second(s)

2022-04-21 17:30:40 - [MESSAGE][PASSED] - Delayed 5 second(s)]]></system-out>
         <system-err><![CDATA[]]></system-err>
      </testcase>
      <testcase name="Test Cases/MayaHome/mayahome_CEReviewApplication" time="344.772" classname="Test Cases/MayaHome/mayahome_CEReviewApplication" status="ERROR">
         <error type="ERROR" message="Test Cases/MayaHome/mayahome_CEReviewApplication FAILED.
Reason:
com.kms.katalon.core.exception.StepErrorException: Call Test Case 'Test Cases/MayaHome/mayahome_AIPsubmission' failed because of error(s)
	at com.kms.katalon.core.keyword.builtin.CallTestCaseKeyword$_callTestCase_closure1.doCall(CallTestCaseKeyword.groovy:66)
	at com.kms.katalon.core.keyword.builtin.CallTestCaseKeyword$_callTestCase_closure1.call(CallTestCaseKeyword.groovy)
	at com.kms.katalon.core.keyword.internal.KeywordMain.runKeyword(KeywordMain.groovy:74)
	at com.kms.katalon.core.keyword.builtin.CallTestCaseKeyword.callTestCase(CallTestCaseKeyword.groovy:81)
	at com.kms.katalon.core.keyword.builtin.CallTestCaseKeyword.execute(CallTestCaseKeyword.groovy:44)
	at com.kms.katalon.core.keyword.internal.KeywordExecutor.executeKeywordForPlatform(KeywordExecutor.groovy:74)
	at com.kms.katalon.core.keyword.BuiltinKeywords.callTestCase(BuiltinKeywords.groovy:350)
	at mayahome_CEReviewApplication.run(mayahome_CEReviewApplication:251)
	at com.kms.katalon.core.main.ScriptEngine.run(ScriptEngine.java:194)
	at com.kms.katalon.core.main.ScriptEngine.runScriptAsRawText(ScriptEngine.java:119)
	at com.kms.katalon.core.main.TestCaseExecutor.runScript(TestCaseExecutor.java:442)
	at com.kms.katalon.core.main.TestCaseExecutor.doExecute(TestCaseExecutor.java:433)
	at com.kms.katalon.core.main.TestCaseExecutor.processExecutionPhase(TestCaseExecutor.java:412)
	at com.kms.katalon.core.main.TestCaseExecutor.accessMainPhase(TestCaseExecutor.java:404)
	at com.kms.katalon.core.main.TestCaseExecutor.execute(TestCaseExecutor.java:281)
	at com.kms.katalon.core.main.TestSuiteExecutor.accessTestCaseMainPhase(TestSuiteExecutor.java:202)
	at com.kms.katalon.core.main.TestSuiteExecutor.accessTestSuiteMainPhase(TestSuiteExecutor.java:164)
	at com.kms.katalon.core.main.TestSuiteExecutor.execute(TestSuiteExecutor.java:105)
	at com.kms.katalon.core.main.TestCaseMain.startTestSuite(TestCaseMain.java:181)
	at com.kms.katalon.core.main.TestCaseMain$startTestSuite$0.call(Unknown Source)
	at TempTestSuite1650533300959.run(TempTestSuite1650533300959.groovy:36)
Caused by: groovy.lang.MissingPropertyException: No such property: loanAmount for class: Script1650441755939
	at mayahome_AIPsubmission.run(mayahome_AIPsubmission:269)
	at com.kms.katalon.core.main.ScriptEngine.run(ScriptEngine.java:194)
	at com.kms.katalon.core.main.ScriptEngine.runScriptAsRawText(ScriptEngine.java:119)
	at com.kms.katalon.core.main.TestCaseExecutor.runScript(TestCaseExecutor.java:442)
	at com.kms.katalon.core.main.TestCaseExecutor.doExecute(TestCaseExecutor.java:433)
	at com.kms.katalon.core.main.TestCaseExecutor.processExecutionPhase(TestCaseExecutor.java:412)
	at com.kms.katalon.core.main.TestCaseExecutor.accessMainPhase(TestCaseExecutor.java:404)
	at com.kms.katalon.core.main.TestCaseExecutor.execute(TestCaseExecutor.java:281)
	at com.kms.katalon.core.main.TestCaseMain.runTestCase(TestCaseMain.java:138)
	at com.kms.katalon.core.keyword.builtin.CallTestCaseKeyword$_callTestCase_closure1.doCall(CallTestCaseKeyword.groovy:59)
	... 20 more
"/>
         <system-out><![CDATA[2022-04-21 17:30:40 - [TEST_CASE][ERROR] - Test Cases/MayaHome/mayahome_CEReviewApplication: Test Cases/MayaHome/mayahome_CEReviewApplication FAILED.
Reason:
com.kms.katalon.core.exception.StepErrorException: Call Test Case 'Test Cases/MayaHome/mayahome_AIPsubmission' failed because of error(s)
	at com.kms.katalon.core.keyword.builtin.CallTestCaseKeyword$_callTestCase_closure1.doCall(CallTestCaseKeyword.groovy:66)
	at com.kms.katalon.core.keyword.builtin.CallTestCaseKeyword$_callTestCase_closure1.call(CallTestCaseKeyword.groovy)
	at com.kms.katalon.core.keyword.internal.KeywordMain.runKeyword(KeywordMain.groovy:74)
	at com.kms.katalon.core.keyword.builtin.CallTestCaseKeyword.callTestCase(CallTestCaseKeyword.groovy:81)
	at com.kms.katalon.core.keyword.builtin.CallTestCaseKeyword.execute(CallTestCaseKeyword.groovy:44)
	at com.kms.katalon.core.keyword.internal.KeywordExecutor.executeKeywordForPlatform(KeywordExecutor.groovy:74)
	at com.kms.katalon.core.keyword.BuiltinKeywords.callTestCase(BuiltinKeywords.groovy:350)
	at mayahome_CEReviewApplication.run(mayahome_CEReviewApplication:251)
	at com.kms.katalon.core.main.ScriptEngine.run(ScriptEngine.java:194)
	at com.kms.katalon.core.main.ScriptEngine.runScriptAsRawText(ScriptEngine.java:119)
	at com.kms.katalon.core.main.TestCaseExecutor.runScript(TestCaseExecutor.java:442)
	at com.kms.katalon.core.main.TestCaseExecutor.doExecute(TestCaseExecutor.java:433)
	at com.kms.katalon.core.main.TestCaseExecutor.processExecutionPhase(TestCaseExecutor.java:412)
	at com.kms.katalon.core.main.TestCaseExecutor.accessMainPhase(TestCaseExecutor.java:404)
	at com.kms.katalon.core.main.TestCaseExecutor.execute(TestCaseExecutor.java:281)
	at com.kms.katalon.core.main.TestSuiteExecutor.accessTestCaseMainPhase(TestSuiteExecutor.java:202)
	at com.kms.katalon.core.main.TestSuiteExecutor.accessTestSuiteMainPhase(TestSuiteExecutor.java:164)
	at com.kms.katalon.core.main.TestSuiteExecutor.execute(TestSuiteExecutor.java:105)
	at com.kms.katalon.core.main.TestCaseMain.startTestSuite(TestCaseMain.java:181)
	at com.kms.katalon.core.main.TestCaseMain$startTestSuite$0.call(Unknown Source)
	at TempTestSuite1650533300959.run(TempTestSuite1650533300959.groovy:36)
Caused by: groovy.lang.MissingPropertyException: No such property: loanAmount for class: Script1650441755939
	at mayahome_AIPsubmission.run(mayahome_AIPsubmission:269)
	at com.kms.katalon.core.main.ScriptEngine.run(ScriptEngine.java:194)
	at com.kms.katalon.core.main.ScriptEngine.runScriptAsRawText(ScriptEngine.java:119)
	at com.kms.katalon.core.main.TestCaseExecutor.runScript(TestCaseExecutor.java:442)
	at com.kms.katalon.core.main.TestCaseExecutor.doExecute(TestCaseExecutor.java:433)
	at com.kms.katalon.core.main.TestCaseExecutor.processExecutionPhase(TestCaseExecutor.java:412)
	at com.kms.katalon.core.main.TestCaseExecutor.accessMainPhase(TestCaseExecutor.java:404)
	at com.kms.katalon.core.main.TestCaseExecutor.execute(TestCaseExecutor.java:281)
	at com.kms.katalon.core.main.TestCaseMain.runTestCase(TestCaseMain.java:138)
	at com.kms.katalon.core.keyword.builtin.CallTestCaseKeyword$_callTestCase_closure1.doCall(CallTestCaseKeyword.groovy:59)
	... 20 more


2022-04-21 17:30:41 - [TEST_STEP][PASSED] - startExistingApplication("com.maybank2u.life.sit", STOP_ON_FAILURE): Starting app with application ID: 'com.maybank2u.life.sit'

2022-04-21 17:30:41 - [MESSAGE][INFO] - User set preference: ['appWaitActivity', '*']

2022-04-21 17:30:41 - [MESSAGE][INFO] - User set preference: ['deviceId', '225ac1ea21057ece']

2022-04-21 17:30:49 - [MESSAGE][PASSED] - Starting app with application ID: 'com.maybank2u.life.sit'

2022-04-21 17:30:49 - [TEST_STEP][PASSED] - tap(findTestObject("MayaHome/mayahome - MobileSpy 1/propertyPrice - Txtfield"), 0): Tapped on element 'Object Repository/MayaHome/mayahome - MobileSpy 1/propertyPrice - Txtfield'

2022-04-21 17:30:49 - [MESSAGE][WARNING] - Timeout '0' is invalid. Using default page load timeout: '20'

2022-04-21 17:30:51 - [MESSAGE][PASSED] - Tapped on element 'Object Repository/MayaHome/mayahome - MobileSpy 1/propertyPrice - Txtfield'

2022-04-21 17:30:51 - [TEST_STEP][PASSED] - propertypriceEnter = findTestData("mayahomeCredentials").getValue(4, 1): null

2022-04-21 17:30:51 - [TEST_STEP][PASSED] - for ([i = 0, i <= 7, (i++)]): null

2022-04-21 17:30:51 - [TEST_STEP][PASSED] - if (propertypriceEnter[i] == "0"): null

2022-04-21 17:30:51 - [TEST_STEP][PASSED] - if (propertypriceEnter[i] == "1"): Tapped on element 'Object Repository/Login Onboarding/PIN1'

2022-04-21 17:30:51 - [TEST_STEP][PASSED] - tap(findTestObject("Login Onboarding/PIN1"), 0): Tapped on element 'Object Repository/Login Onboarding/PIN1'

2022-04-21 17:30:51 - [MESSAGE][WARNING] - Timeout '0' is invalid. Using default page load timeout: '20'

2022-04-21 17:30:53 - [MESSAGE][PASSED] - Tapped on element 'Object Repository/Login Onboarding/PIN1'

2022-04-21 17:30:53 - [TEST_STEP][PASSED] - if (propertypriceEnter[i] == "2"): null

2022-04-21 17:30:53 - [TEST_STEP][PASSED] - if (propertypriceEnter[i] == "3"): null

2022-04-21 17:30:53 - [TEST_STEP][PASSED] - if (propertypriceEnter[i] == "4"): null

2022-04-21 17:30:53 - [TEST_STEP][PASSED] - if (propertypriceEnter[i] == "5"): null

2022-04-21 17:30:53 - [TEST_STEP][PASSED] - if (propertypriceEnter[i] == "6"): null

2022-04-21 17:30:53 - [TEST_STEP][PASSED] - if (propertypriceEnter[i] == "7"): null

2022-04-21 17:30:53 - [TEST_STEP][PASSED] - if (propertypriceEnter[i] == "8"): null

2022-04-21 17:30:53 - [TEST_STEP][PASSED] - if (propertypriceEnter[i] == "9"): null

2022-04-21 17:30:53 - [TEST_STEP][PASSED] - if (propertypriceEnter[i] == "0"): Tapped on element 'Object Repository/Login Onboarding/PIN0'

2022-04-21 17:30:53 - [TEST_STEP][PASSED] - tap(findTestObject("Login Onboarding/PIN0"), 0): Tapped on element 'Object Repository/Login Onboarding/PIN0'

2022-04-21 17:30:53 - [MESSAGE][WARNING] - Timeout '0' is invalid. Using default page load timeout: '20'

2022-04-21 17:30:54 - [MESSAGE][PASSED] - Tapped on element 'Object Repository/Login Onboarding/PIN0'

2022-04-21 17:30:54 - [TEST_STEP][PASSED] - if (propertypriceEnter[i] == "1"): null

2022-04-21 17:30:54 - [TEST_STEP][PASSED] - if (propertypriceEnter[i] == "2"): null

2022-04-21 17:30:54 - [TEST_STEP][PASSED] - if (propertypriceEnter[i] == "3"): null

2022-04-21 17:30:54 - [TEST_STEP][PASSED] - if (propertypriceEnter[i] == "4"): null

2022-04-21 17:30:54 - [TEST_STEP][PASSED] - if (propertypriceEnter[i] == "5"): null

2022-04-21 17:30:54 - [TEST_STEP][PASSED] - if (propertypriceEnter[i] == "6"): null

2022-04-21 17:30:54 - [TEST_STEP][PASSED] - if (propertypriceEnter[i] == "7"): null

2022-04-21 17:30:54 - [TEST_STEP][PASSED] - if (propertypriceEnter[i] == "8"): null

2022-04-21 17:30:54 - [TEST_STEP][PASSED] - if (propertypriceEnter[i] == "9"): null

2022-04-21 17:30:54 - [TEST_STEP][PASSED] - if (propertypriceEnter[i] == "0"): Tapped on element 'Object Repository/Login Onboarding/PIN0'

2022-04-21 17:30:54 - [TEST_STEP][PASSED] - tap(findTestObject("Login Onboarding/PIN0"), 0): Tapped on element 'Object Repository/Login Onboarding/PIN0'

2022-04-21 17:30:54 - [MESSAGE][WARNING] - Timeout '0' is invalid. Using default page load timeout: '20'

2022-04-21 17:30:55 - [MESSAGE][PASSED] - Tapped on element 'Object Repository/Login Onboarding/PIN0'

2022-04-21 17:30:55 - [TEST_STEP][PASSED] - if (propertypriceEnter[i] == "1"): null

2022-04-21 17:30:55 - [TEST_STEP][PASSED] - if (propertypriceEnter[i] == "2"): null

2022-04-21 17:30:55 - [TEST_STEP][PASSED] - if (propertypriceEnter[i] == "3"): null

2022-04-21 17:30:55 - [TEST_STEP][PASSED] - if (propertypriceEnter[i] == "4"): null

2022-04-21 17:30:55 - [TEST_STEP][PASSED] - if (propertypriceEnter[i] == "5"): null

2022-04-21 17:30:55 - [TEST_STEP][PASSED] - if (propertypriceEnter[i] == "6"): null

2022-04-21 17:30:55 - [TEST_STEP][PASSED] - if (propertypriceEnter[i] == "7"): null

2022-04-21 17:30:55 - [TEST_STEP][PASSED] - if (propertypriceEnter[i] == "8"): null

2022-04-21 17:30:55 - [TEST_STEP][PASSED] - if (propertypriceEnter[i] == "9"): null

2022-04-21 17:30:55 - [TEST_STEP][PASSED] - if (propertypriceEnter[i] == "0"): Tapped on element 'Object Repository/Login Onboarding/PIN0'

2022-04-21 17:30:55 - [TEST_STEP][PASSED] - tap(findTestObject("Login Onboarding/PIN0"), 0): Tapped on element 'Object Repository/Login Onboarding/PIN0'

2022-04-21 17:30:55 - [MESSAGE][WARNING] - Timeout '0' is invalid. Using default page load timeout: '20'

2022-04-21 17:30:56 - [MESSAGE][PASSED] - Tapped on element 'Object Repository/Login Onboarding/PIN0'

2022-04-21 17:30:56 - [TEST_STEP][PASSED] - if (propertypriceEnter[i] == "1"): null

2022-04-21 17:30:56 - [TEST_STEP][PASSED] - if (propertypriceEnter[i] == "2"): null

2022-04-21 17:30:56 - [TEST_STEP][PASSED] - if (propertypriceEnter[i] == "3"): null

2022-04-21 17:30:56 - [TEST_STEP][PASSED] - if (propertypriceEnter[i] == "4"): null

2022-04-21 17:30:56 - [TEST_STEP][PASSED] - if (propertypriceEnter[i] == "5"): null

2022-04-21 17:30:56 - [TEST_STEP][PASSED] - if (propertypriceEnter[i] == "6"): null

2022-04-21 17:30:56 - [TEST_STEP][PASSED] - if (propertypriceEnter[i] == "7"): null

2022-04-21 17:30:56 - [TEST_STEP][PASSED] - if (propertypriceEnter[i] == "8"): null

2022-04-21 17:30:56 - [TEST_STEP][PASSED] - if (propertypriceEnter[i] == "9"): null

2022-04-21 17:30:56 - [TEST_STEP][PASSED] - if (propertypriceEnter[i] == "0"): Tapped on element 'Object Repository/Login Onboarding/PIN0'

2022-04-21 17:30:56 - [TEST_STEP][PASSED] - tap(findTestObject("Login Onboarding/PIN0"), 0): Tapped on element 'Object Repository/Login Onboarding/PIN0'

2022-04-21 17:30:56 - [MESSAGE][WARNING] - Timeout '0' is invalid. Using default page load timeout: '20'

2022-04-21 17:30:57 - [MESSAGE][PASSED] - Tapped on element 'Object Repository/Login Onboarding/PIN0'

2022-04-21 17:30:57 - [TEST_STEP][PASSED] - if (propertypriceEnter[i] == "1"): null

2022-04-21 17:30:57 - [TEST_STEP][PASSED] - if (propertypriceEnter[i] == "2"): null

2022-04-21 17:30:57 - [TEST_STEP][PASSED] - if (propertypriceEnter[i] == "3"): null

2022-04-21 17:30:57 - [TEST_STEP][PASSED] - if (propertypriceEnter[i] == "4"): null

2022-04-21 17:30:57 - [TEST_STEP][PASSED] - if (propertypriceEnter[i] == "5"): null

2022-04-21 17:30:57 - [TEST_STEP][PASSED] - if (propertypriceEnter[i] == "6"): null

2022-04-21 17:30:57 - [TEST_STEP][PASSED] - if (propertypriceEnter[i] == "7"): null

2022-04-21 17:30:57 - [TEST_STEP][PASSED] - if (propertypriceEnter[i] == "8"): null

2022-04-21 17:30:57 - [TEST_STEP][PASSED] - if (propertypriceEnter[i] == "9"): null

2022-04-21 17:30:57 - [TEST_STEP][PASSED] - if (propertypriceEnter[i] == "0"): Tapped on element 'Object Repository/Login Onboarding/PIN0'

2022-04-21 17:30:57 - [TEST_STEP][PASSED] - tap(findTestObject("Login Onboarding/PIN0"), 0): Tapped on element 'Object Repository/Login Onboarding/PIN0'

2022-04-21 17:30:57 - [MESSAGE][WARNING] - Timeout '0' is invalid. Using default page load timeout: '20'

2022-04-21 17:30:59 - [MESSAGE][PASSED] - Tapped on element 'Object Repository/Login Onboarding/PIN0'

2022-04-21 17:30:59 - [TEST_STEP][PASSED] - if (propertypriceEnter[i] == "1"): null

2022-04-21 17:30:59 - [TEST_STEP][PASSED] - if (propertypriceEnter[i] == "2"): null

2022-04-21 17:30:59 - [TEST_STEP][PASSED] - if (propertypriceEnter[i] == "3"): null

2022-04-21 17:30:59 - [TEST_STEP][PASSED] - if (propertypriceEnter[i] == "4"): null

2022-04-21 17:30:59 - [TEST_STEP][PASSED] - if (propertypriceEnter[i] == "5"): null

2022-04-21 17:30:59 - [TEST_STEP][PASSED] - if (propertypriceEnter[i] == "6"): null

2022-04-21 17:30:59 - [TEST_STEP][PASSED] - if (propertypriceEnter[i] == "7"): null

2022-04-21 17:30:59 - [TEST_STEP][PASSED] - if (propertypriceEnter[i] == "8"): null

2022-04-21 17:30:59 - [TEST_STEP][PASSED] - if (propertypriceEnter[i] == "9"): null

2022-04-21 17:30:59 - [TEST_STEP][PASSED] - if (propertypriceEnter[i] == "0"): Tapped on element 'Object Repository/Login Onboarding/PIN0'

2022-04-21 17:30:59 - [TEST_STEP][PASSED] - tap(findTestObject("Login Onboarding/PIN0"), 0): Tapped on element 'Object Repository/Login Onboarding/PIN0'

2022-04-21 17:30:59 - [MESSAGE][WARNING] - Timeout '0' is invalid. Using default page load timeout: '20'

2022-04-21 17:31:00 - [MESSAGE][PASSED] - Tapped on element 'Object Repository/Login Onboarding/PIN0'

2022-04-21 17:31:00 - [TEST_STEP][PASSED] - if (propertypriceEnter[i] == "1"): null

2022-04-21 17:31:00 - [TEST_STEP][PASSED] - if (propertypriceEnter[i] == "2"): null

2022-04-21 17:31:00 - [TEST_STEP][PASSED] - if (propertypriceEnter[i] == "3"): null

2022-04-21 17:31:00 - [TEST_STEP][PASSED] - if (propertypriceEnter[i] == "4"): null

2022-04-21 17:31:00 - [TEST_STEP][PASSED] - if (propertypriceEnter[i] == "5"): null

2022-04-21 17:31:00 - [TEST_STEP][PASSED] - if (propertypriceEnter[i] == "6"): null

2022-04-21 17:31:00 - [TEST_STEP][PASSED] - if (propertypriceEnter[i] == "7"): null

2022-04-21 17:31:00 - [TEST_STEP][PASSED] - if (propertypriceEnter[i] == "8"): null

2022-04-21 17:31:00 - [TEST_STEP][PASSED] - if (propertypriceEnter[i] == "9"): null

2022-04-21 17:31:00 - [TEST_STEP][PASSED] - if (propertypriceEnter[i] == "0"): Tapped on element 'Object Repository/Login Onboarding/PIN0'

2022-04-21 17:31:00 - [TEST_STEP][PASSED] - tap(findTestObject("Login Onboarding/PIN0"), 0): Tapped on element 'Object Repository/Login Onboarding/PIN0'

2022-04-21 17:31:00 - [MESSAGE][WARNING] - Timeout '0' is invalid. Using default page load timeout: '20'

2022-04-21 17:31:01 - [MESSAGE][PASSED] - Tapped on element 'Object Repository/Login Onboarding/PIN0'

2022-04-21 17:31:01 - [TEST_STEP][PASSED] - if (propertypriceEnter[i] == "1"): null

2022-04-21 17:31:01 - [TEST_STEP][PASSED] - if (propertypriceEnter[i] == "2"): null

2022-04-21 17:31:01 - [TEST_STEP][PASSED] - if (propertypriceEnter[i] == "3"): null

2022-04-21 17:31:01 - [TEST_STEP][PASSED] - if (propertypriceEnter[i] == "4"): null

2022-04-21 17:31:01 - [TEST_STEP][PASSED] - if (propertypriceEnter[i] == "5"): null

2022-04-21 17:31:01 - [TEST_STEP][PASSED] - if (propertypriceEnter[i] == "6"): null

2022-04-21 17:31:01 - [TEST_STEP][PASSED] - if (propertypriceEnter[i] == "7"): null

2022-04-21 17:31:01 - [TEST_STEP][PASSED] - if (propertypriceEnter[i] == "8"): null

2022-04-21 17:31:01 - [TEST_STEP][PASSED] - if (propertypriceEnter[i] == "9"): null

2022-04-21 17:31:01 - [TEST_STEP][PASSED] - tap(findTestObject("MayaHome/mayahome - MobileSpy 1/pinPropertyPrice - check"), 0): Tapped on element 'Object Repository/MayaHome/mayahome - MobileSpy 1/pinPropertyPrice - check'

2022-04-21 17:31:01 - [MESSAGE][WARNING] - Timeout '0' is invalid. Using default page load timeout: '20'

2022-04-21 17:31:02 - [MESSAGE][PASSED] - Tapped on element 'Object Repository/MayaHome/mayahome - MobileSpy 1/pinPropertyPrice - check'

2022-04-21 17:31:02 - [TEST_STEP][PASSED] - tap(findTestObject("MayaHome/mayahome - MobileSpy 1/downpaymentAmount - Btn"), 0): Tapped on element 'Object Repository/MayaHome/mayahome - MobileSpy 1/downpaymentAmount - Btn'

2022-04-21 17:31:02 - [MESSAGE][WARNING] - Timeout '0' is invalid. Using default page load timeout: '20'

2022-04-21 17:31:04 - [MESSAGE][PASSED] - Tapped on element 'Object Repository/MayaHome/mayahome - MobileSpy 1/downpaymentAmount - Btn'

2022-04-21 17:31:04 - [TEST_STEP][PASSED] - tap(findTestObject("MayaHome/mayahome - MobileSpy 1/downpaymentEnter - Txtfield"), 0): Tapped on element 'Object Repository/MayaHome/mayahome - MobileSpy 1/downpaymentEnter - Txtfield'

2022-04-21 17:31:04 - [MESSAGE][WARNING] - Timeout '0' is invalid. Using default page load timeout: '20'

2022-04-21 17:31:06 - [MESSAGE][PASSED] - Tapped on element 'Object Repository/MayaHome/mayahome - MobileSpy 1/downpaymentEnter - Txtfield'

2022-04-21 17:31:06 - [TEST_STEP][PASSED] - downpaymentEnter = findTestData("mayahomeCredentials").getValue(5, 1): null

2022-04-21 17:31:06 - [TEST_STEP][PASSED] - for ([i = 0, i <= 6, (i++)]): null

2022-04-21 17:31:06 - [TEST_STEP][PASSED] - if (downpaymentEnter[i] == "0"): null

2022-04-21 17:31:06 - [TEST_STEP][PASSED] - if (downpaymentEnter[i] == "1"): null

2022-04-21 17:31:06 - [TEST_STEP][PASSED] - if (downpaymentEnter[i] == "2"): Tapped on element 'Object Repository/Login Onboarding/PIN2'

2022-04-21 17:31:06 - [TEST_STEP][PASSED] - tap(findTestObject("Login Onboarding/PIN2"), 0): Tapped on element 'Object Repository/Login Onboarding/PIN2'

2022-04-21 17:31:06 - [MESSAGE][WARNING] - Timeout '0' is invalid. Using default page load timeout: '20'

2022-04-21 17:31:07 - [MESSAGE][PASSED] - Tapped on element 'Object Repository/Login Onboarding/PIN2'

2022-04-21 17:31:07 - [TEST_STEP][PASSED] - if (downpaymentEnter[i] == "3"): null

2022-04-21 17:31:07 - [TEST_STEP][PASSED] - if (downpaymentEnter[i] == "4"): null

2022-04-21 17:31:07 - [TEST_STEP][PASSED] - if (downpaymentEnter[i] == "5"): null

2022-04-21 17:31:07 - [TEST_STEP][PASSED] - if (downpaymentEnter[i] == "6"): null

2022-04-21 17:31:07 - [TEST_STEP][PASSED] - if (downpaymentEnter[i] == "7"): null

2022-04-21 17:31:07 - [TEST_STEP][PASSED] - if (downpaymentEnter[i] == "8"): null

2022-04-21 17:31:07 - [TEST_STEP][PASSED] - if (downpaymentEnter[i] == "9"): null

2022-04-21 17:31:07 - [TEST_STEP][PASSED] - if (downpaymentEnter[i] == "0"): Tapped on element 'Object Repository/Login Onboarding/PIN0'

2022-04-21 17:31:07 - [TEST_STEP][PASSED] - tap(findTestObject("Login Onboarding/PIN0"), 0): Tapped on element 'Object Repository/Login Onboarding/PIN0'

2022-04-21 17:31:07 - [MESSAGE][WARNING] - Timeout '0' is invalid. Using default page load timeout: '20'

2022-04-21 17:31:08 - [MESSAGE][PASSED] - Tapped on element 'Object Repository/Login Onboarding/PIN0'

2022-04-21 17:31:08 - [TEST_STEP][PASSED] - if (downpaymentEnter[i] == "1"): null

2022-04-21 17:31:08 - [TEST_STEP][PASSED] - if (downpaymentEnter[i] == "2"): null

2022-04-21 17:31:08 - [TEST_STEP][PASSED] - if (downpaymentEnter[i] == "3"): null

2022-04-21 17:31:08 - [TEST_STEP][PASSED] - if (downpaymentEnter[i] == "4"): null

2022-04-21 17:31:08 - [TEST_STEP][PASSED] - if (downpaymentEnter[i] == "5"): null

2022-04-21 17:31:08 - [TEST_STEP][PASSED] - if (downpaymentEnter[i] == "6"): null

2022-04-21 17:31:08 - [TEST_STEP][PASSED] - if (downpaymentEnter[i] == "7"): null

2022-04-21 17:31:08 - [TEST_STEP][PASSED] - if (downpaymentEnter[i] == "8"): null

2022-04-21 17:31:08 - [TEST_STEP][PASSED] - if (downpaymentEnter[i] == "9"): null

2022-04-21 17:31:08 - [TEST_STEP][PASSED] - if (downpaymentEnter[i] == "0"): Tapped on element 'Object Repository/Login Onboarding/PIN0'

2022-04-21 17:31:08 - [TEST_STEP][PASSED] - tap(findTestObject("Login Onboarding/PIN0"), 0): Tapped on element 'Object Repository/Login Onboarding/PIN0'

2022-04-21 17:31:08 - [MESSAGE][WARNING] - Timeout '0' is invalid. Using default page load timeout: '20'

2022-04-21 17:31:09 - [MESSAGE][PASSED] - Tapped on element 'Object Repository/Login Onboarding/PIN0'

2022-04-21 17:31:09 - [TEST_STEP][PASSED] - if (downpaymentEnter[i] == "1"): null

2022-04-21 17:31:09 - [TEST_STEP][PASSED] - if (downpaymentEnter[i] == "2"): null

2022-04-21 17:31:09 - [TEST_STEP][PASSED] - if (downpaymentEnter[i] == "3"): null

2022-04-21 17:31:09 - [TEST_STEP][PASSED] - if (downpaymentEnter[i] == "4"): null

2022-04-21 17:31:09 - [TEST_STEP][PASSED] - if (downpaymentEnter[i] == "5"): null

2022-04-21 17:31:09 - [TEST_STEP][PASSED] - if (downpaymentEnter[i] == "6"): null

2022-04-21 17:31:09 - [TEST_STEP][PASSED] - if (downpaymentEnter[i] == "7"): null

2022-04-21 17:31:09 - [TEST_STEP][PASSED] - if (downpaymentEnter[i] == "8"): null

2022-04-21 17:31:09 - [TEST_STEP][PASSED] - if (downpaymentEnter[i] == "9"): null

2022-04-21 17:31:09 - [TEST_STEP][PASSED] - if (downpaymentEnter[i] == "0"): Tapped on element 'Object Repository/Login Onboarding/PIN0'

2022-04-21 17:31:09 - [TEST_STEP][PASSED] - tap(findTestObject("Login Onboarding/PIN0"), 0): Tapped on element 'Object Repository/Login Onboarding/PIN0'

2022-04-21 17:31:09 - [MESSAGE][WARNING] - Timeout '0' is invalid. Using default page load timeout: '20'

2022-04-21 17:31:10 - [MESSAGE][PASSED] - Tapped on element 'Object Repository/Login Onboarding/PIN0'

2022-04-21 17:31:10 - [TEST_STEP][PASSED] - if (downpaymentEnter[i] == "1"): null

2022-04-21 17:31:10 - [TEST_STEP][PASSED] - if (downpaymentEnter[i] == "2"): null

2022-04-21 17:31:10 - [TEST_STEP][PASSED] - if (downpaymentEnter[i] == "3"): null

2022-04-21 17:31:10 - [TEST_STEP][PASSED] - if (downpaymentEnter[i] == "4"): null

2022-04-21 17:31:10 - [TEST_STEP][PASSED] - if (downpaymentEnter[i] == "5"): null

2022-04-21 17:31:10 - [TEST_STEP][PASSED] - if (downpaymentEnter[i] == "6"): null

2022-04-21 17:31:10 - [TEST_STEP][PASSED] - if (downpaymentEnter[i] == "7"): null

2022-04-21 17:31:10 - [TEST_STEP][PASSED] - if (downpaymentEnter[i] == "8"): null

2022-04-21 17:31:10 - [TEST_STEP][PASSED] - if (downpaymentEnter[i] == "9"): null

2022-04-21 17:31:10 - [TEST_STEP][PASSED] - if (downpaymentEnter[i] == "0"): Tapped on element 'Object Repository/Login Onboarding/PIN0'

2022-04-21 17:31:10 - [TEST_STEP][PASSED] - tap(findTestObject("Login Onboarding/PIN0"), 0): Tapped on element 'Object Repository/Login Onboarding/PIN0'

2022-04-21 17:31:10 - [MESSAGE][WARNING] - Timeout '0' is invalid. Using default page load timeout: '20'

2022-04-21 17:31:12 - [MESSAGE][PASSED] - Tapped on element 'Object Repository/Login Onboarding/PIN0'

2022-04-21 17:31:12 - [TEST_STEP][PASSED] - if (downpaymentEnter[i] == "1"): null

2022-04-21 17:31:12 - [TEST_STEP][PASSED] - if (downpaymentEnter[i] == "2"): null

2022-04-21 17:31:12 - [TEST_STEP][PASSED] - if (downpaymentEnter[i] == "3"): null

2022-04-21 17:31:12 - [TEST_STEP][PASSED] - if (downpaymentEnter[i] == "4"): null

2022-04-21 17:31:12 - [TEST_STEP][PASSED] - if (downpaymentEnter[i] == "5"): null

2022-04-21 17:31:12 - [TEST_STEP][PASSED] - if (downpaymentEnter[i] == "6"): null

2022-04-21 17:31:12 - [TEST_STEP][PASSED] - if (downpaymentEnter[i] == "7"): null

2022-04-21 17:31:12 - [TEST_STEP][PASSED] - if (downpaymentEnter[i] == "8"): null

2022-04-21 17:31:12 - [TEST_STEP][PASSED] - if (downpaymentEnter[i] == "9"): null

2022-04-21 17:31:12 - [TEST_STEP][PASSED] - if (downpaymentEnter[i] == "0"): Tapped on element 'Object Repository/Login Onboarding/PIN0'

2022-04-21 17:31:12 - [TEST_STEP][PASSED] - tap(findTestObject("Login Onboarding/PIN0"), 0): Tapped on element 'Object Repository/Login Onboarding/PIN0'

2022-04-21 17:31:12 - [MESSAGE][WARNING] - Timeout '0' is invalid. Using default page load timeout: '20'

2022-04-21 17:31:13 - [MESSAGE][PASSED] - Tapped on element 'Object Repository/Login Onboarding/PIN0'

2022-04-21 17:31:13 - [TEST_STEP][PASSED] - if (downpaymentEnter[i] == "1"): null

2022-04-21 17:31:13 - [TEST_STEP][PASSED] - if (downpaymentEnter[i] == "2"): null

2022-04-21 17:31:13 - [TEST_STEP][PASSED] - if (downpaymentEnter[i] == "3"): null

2022-04-21 17:31:13 - [TEST_STEP][PASSED] - if (downpaymentEnter[i] == "4"): null

2022-04-21 17:31:13 - [TEST_STEP][PASSED] - if (downpaymentEnter[i] == "5"): null

2022-04-21 17:31:13 - [TEST_STEP][PASSED] - if (downpaymentEnter[i] == "6"): null

2022-04-21 17:31:13 - [TEST_STEP][PASSED] - if (downpaymentEnter[i] == "7"): null

2022-04-21 17:31:13 - [TEST_STEP][PASSED] - if (downpaymentEnter[i] == "8"): null

2022-04-21 17:31:13 - [TEST_STEP][PASSED] - if (downpaymentEnter[i] == "9"): null

2022-04-21 17:31:13 - [TEST_STEP][PASSED] - if (downpaymentEnter[i] == "0"): Tapped on element 'Object Repository/Login Onboarding/PIN0'

2022-04-21 17:31:13 - [TEST_STEP][PASSED] - tap(findTestObject("Login Onboarding/PIN0"), 0): Tapped on element 'Object Repository/Login Onboarding/PIN0'

2022-04-21 17:31:13 - [MESSAGE][WARNING] - Timeout '0' is invalid. Using default page load timeout: '20'

2022-04-21 17:31:15 - [MESSAGE][PASSED] - Tapped on element 'Object Repository/Login Onboarding/PIN0'

2022-04-21 17:31:15 - [TEST_STEP][PASSED] - if (downpaymentEnter[i] == "1"): null

2022-04-21 17:31:15 - [TEST_STEP][PASSED] - if (downpaymentEnter[i] == "2"): null

2022-04-21 17:31:15 - [TEST_STEP][PASSED] - if (downpaymentEnter[i] == "3"): null

2022-04-21 17:31:15 - [TEST_STEP][PASSED] - if (downpaymentEnter[i] == "4"): null

2022-04-21 17:31:15 - [TEST_STEP][PASSED] - if (downpaymentEnter[i] == "5"): null

2022-04-21 17:31:15 - [TEST_STEP][PASSED] - if (downpaymentEnter[i] == "6"): null

2022-04-21 17:31:15 - [TEST_STEP][PASSED] - if (downpaymentEnter[i] == "7"): null

2022-04-21 17:31:15 - [TEST_STEP][PASSED] - if (downpaymentEnter[i] == "8"): null

2022-04-21 17:31:15 - [TEST_STEP][PASSED] - if (downpaymentEnter[i] == "9"): null

2022-04-21 17:31:15 - [TEST_STEP][PASSED] - tap(findTestObject("MayaHome/mayahome - MobileSpy 1/pinPropertyPrice - check"), 0): Tapped on element 'Object Repository/MayaHome/mayahome - MobileSpy 1/pinPropertyPrice - check'

2022-04-21 17:31:15 - [MESSAGE][WARNING] - Timeout '0' is invalid. Using default page load timeout: '20'

2022-04-21 17:31:16 - [MESSAGE][PASSED] - Tapped on element 'Object Repository/MayaHome/mayahome - MobileSpy 1/pinPropertyPrice - check'

2022-04-21 17:31:16 - [TEST_STEP][PASSED] - propertyPrice = "RM " + getText(findTestObject("MayaHome/mayahome - MobileSpy 2/propertyPrice - Txt"), 0): Text of element 'Object Repository/MayaHome/mayahome - MobileSpy 2/propertyPrice - Txt' is: '100,000.00'

2022-04-21 17:31:16 - [MESSAGE][WARNING] - Timeout '0' is invalid. Using default page load timeout: '20'

2022-04-21 17:31:17 - [MESSAGE][PASSED] - Text of element 'Object Repository/MayaHome/mayahome - MobileSpy 2/propertyPrice - Txt' is: '100,000.00'

2022-04-21 17:31:17 - [TEST_STEP][PASSED] - downpaymentPrice = "RM " + getText(findTestObject("MayaHome/mayahome - MobileSpy 2/downpaymentAmount - Txt"), 0): Text of element 'Object Repository/MayaHome/mayahome - MobileSpy 2/downpaymentAmount - Txt' is: '20,000.00'

2022-04-21 17:31:17 - [MESSAGE][WARNING] - Timeout '0' is invalid. Using default page load timeout: '20'

2022-04-21 17:31:17 - [MESSAGE][PASSED] - Text of element 'Object Repository/MayaHome/mayahome - MobileSpy 2/downpaymentAmount - Txt' is: '20,000.00'

2022-04-21 17:31:17 - [TEST_STEP][PASSED] - tap(findTestObject("MayaHome/mayahome - MobileSpy 1/propertyPriceContinue - Btn"), 0): Tapped on element 'Object Repository/MayaHome/mayahome - MobileSpy 1/propertyPriceContinue - Btn'

2022-04-21 17:31:17 - [MESSAGE][WARNING] - Timeout '0' is invalid. Using default page load timeout: '20'

2022-04-21 17:31:18 - [MESSAGE][PASSED] - Tapped on element 'Object Repository/MayaHome/mayahome - MobileSpy 1/propertyPriceContinue - Btn'

2022-04-21 17:31:18 - [TEST_STEP][PASSED] - delay(5): Delayed 5 second(s)

2022-04-21 17:31:23 - [MESSAGE][PASSED] - Delayed 5 second(s)

2022-04-21 17:31:23 - [TEST_STEP][PASSED] - loanAmount = getText(findTestObject("MayaHome/mayahome - MobileSpy 2/agreedLoanAmount - Txt"), 0): Text of element 'Object Repository/MayaHome/mayahome - MobileSpy 2/agreedLoanAmount - Txt' is: 'RM 80,000.00'

2022-04-21 17:31:23 - [MESSAGE][WARNING] - Timeout '0' is invalid. Using default page load timeout: '20'

2022-04-21 17:31:23 - [MESSAGE][PASSED] - Text of element 'Object Repository/MayaHome/mayahome - MobileSpy 2/agreedLoanAmount - Txt' is: 'RM 80,000.00'

2022-04-21 17:31:23 - [TEST_STEP][PASSED] - loanPeriod = getText(findTestObject("MayaHome/mayahome - MobileSpy 2/agreedLoanPeriod - Txt"), 0): Text of element 'Object Repository/MayaHome/mayahome - MobileSpy 2/agreedLoanPeriod - Txt' is: '35 years'

2022-04-21 17:31:23 - [MESSAGE][WARNING] - Timeout '0' is invalid. Using default page load timeout: '20'

2022-04-21 17:31:23 - [MESSAGE][PASSED] - Text of element 'Object Repository/MayaHome/mayahome - MobileSpy 2/agreedLoanPeriod - Txt' is: '35 years'

2022-04-21 17:31:23 - [TEST_STEP][PASSED] - tap(findTestObject("MayaHome/mayahome - MobileSpy 1/propertyPriceContinue - Btn"), 0): Tapped on element 'Object Repository/MayaHome/mayahome - MobileSpy 1/propertyPriceContinue - Btn'

2022-04-21 17:31:23 - [MESSAGE][WARNING] - Timeout '0' is invalid. Using default page load timeout: '20'

2022-04-21 17:31:24 - [MESSAGE][PASSED] - Tapped on element 'Object Repository/MayaHome/mayahome - MobileSpy 1/propertyPriceContinue - Btn'

2022-04-21 17:31:24 - [TEST_STEP][PASSED] - delay(3, STOP_ON_FAILURE): Delayed 3 second(s)

2022-04-21 17:31:27 - [MESSAGE][PASSED] - Delayed 3 second(s)

2022-04-21 17:31:27 - [TEST_STEP][PASSED] - callTestCase(findTestCase("MayaHome/mayahome_CEPersonalDetail"), null): Call Test Case 'Test Cases/MayaHome/mayahome_CEPersonalDetail' successfully

2022-04-21 17:31:27 - [TEST_CASE][PASSED] - Test Cases/MayaHome/mayahome_CEPersonalDetail: Test Cases/MayaHome/mayahome_CEPersonalDetail

2022-04-21 17:31:28 - [TEST_STEP][PASSED] - tap(findTestObject("MayaHome/mayahome - MobileSpy 1/statusinfoOptionTitle - dropdownBtn"), 0): Tapped on element 'Object Repository/MayaHome/mayahome - MobileSpy 1/statusinfoOptionTitle - dropdownBtn'

2022-04-21 17:31:28 - [MESSAGE][WARNING] - Timeout '0' is invalid. Using default page load timeout: '20'

2022-04-21 17:31:28 - [MESSAGE][PASSED] - Tapped on element 'Object Repository/MayaHome/mayahome - MobileSpy 1/statusinfoOptionTitle - dropdownBtn'

2022-04-21 17:31:28 - [TEST_STEP][PASSED] - scrollToText("Tuan"): Scrolling to text 'Tuan' successfully

2022-04-21 17:31:41 - [MESSAGE][PASSED] - Scrolling to text 'Tuan' successfully

2022-04-21 17:31:41 - [TEST_STEP][PASSED] - tap(findTestObject("MayaHome/mayahome - MobileSpy 4/blankScreen - PersonalDetail"), 0): Tapped on element 'Object Repository/MayaHome/mayahome - MobileSpy 4/blankScreen - PersonalDetail'

2022-04-21 17:31:41 - [MESSAGE][WARNING] - Timeout '0' is invalid. Using default page load timeout: '20'

2022-04-21 17:31:41 - [MESSAGE][PASSED] - Tapped on element 'Object Repository/MayaHome/mayahome - MobileSpy 4/blankScreen - PersonalDetail'

2022-04-21 17:31:41 - [TEST_STEP][PASSED] - tap(findTestObject("MayaHome/mayahome - MobileSpy 1/statusinfoOptionResident - dropdownBtn"), 0): Tapped on element 'Object Repository/MayaHome/mayahome - MobileSpy 1/statusinfoOptionResident - dropdownBtn'

2022-04-21 17:31:41 - [MESSAGE][WARNING] - Timeout '0' is invalid. Using default page load timeout: '20'

2022-04-21 17:31:42 - [MESSAGE][PASSED] - Tapped on element 'Object Repository/MayaHome/mayahome - MobileSpy 1/statusinfoOptionResident - dropdownBtn'

2022-04-21 17:31:42 - [TEST_STEP][PASSED] - tap(findTestObject("MayaHome/mayahome - MobileSpy 1/statusInfoResidentOption - Bumiputera"), 0): Tapped on element 'Object Repository/MayaHome/mayahome - MobileSpy 1/statusInfoResidentOption - Bumiputera'

2022-04-21 17:31:42 - [MESSAGE][WARNING] - Timeout '0' is invalid. Using default page load timeout: '20'

2022-04-21 17:31:44 - [MESSAGE][PASSED] - Tapped on element 'Object Repository/MayaHome/mayahome - MobileSpy 1/statusInfoResidentOption - Bumiputera'

2022-04-21 17:31:44 - [TEST_STEP][PASSED] - tap(findTestObject("MayaHome/mayahome - MobileSpy 1/statusInfoDropDown - doneBtn"), 0): Tapped on element 'Object Repository/MayaHome/mayahome - MobileSpy 1/statusInfoDropDown - doneBtn'

2022-04-21 17:31:44 - [MESSAGE][WARNING] - Timeout '0' is invalid. Using default page load timeout: '20'

2022-04-21 17:31:46 - [MESSAGE][PASSED] - Tapped on element 'Object Repository/MayaHome/mayahome - MobileSpy 1/statusInfoDropDown - doneBtn'

2022-04-21 17:31:46 - [TEST_STEP][PASSED] - tap(findTestObject("MayaHome/mayahome - MobileSpy 1/statusinfoOptionEducation - dropdownBtn"), 0): Tapped on element 'Object Repository/MayaHome/mayahome - MobileSpy 1/statusinfoOptionEducation - dropdownBtn'

2022-04-21 17:31:46 - [MESSAGE][WARNING] - Timeout '0' is invalid. Using default page load timeout: '20'

2022-04-21 17:31:48 - [MESSAGE][PASSED] - Tapped on element 'Object Repository/MayaHome/mayahome - MobileSpy 1/statusinfoOptionEducation - dropdownBtn'

2022-04-21 17:31:48 - [TEST_STEP][PASSED] - scrollToText("Professional Qualification", STOP_ON_FAILURE): Scrolling to text 'Professional Qualification' successfully

2022-04-21 17:31:49 - [MESSAGE][PASSED] - Scrolling to text 'Professional Qualification' successfully

2022-04-21 17:31:49 - [TEST_STEP][PASSED] - tap(findTestObject("MayaHome/mayahome - MobileSpy 1/statusInfoEducationOption - Pro Qualify"), 0): Tapped on element 'Object Repository/MayaHome/mayahome - MobileSpy 1/statusInfoEducationOption - Pro Qualify'

2022-04-21 17:31:49 - [MESSAGE][WARNING] - Timeout '0' is invalid. Using default page load timeout: '20'

2022-04-21 17:31:49 - [MESSAGE][PASSED] - Tapped on element 'Object Repository/MayaHome/mayahome - MobileSpy 1/statusInfoEducationOption - Pro Qualify'

2022-04-21 17:31:49 - [TEST_STEP][PASSED] - tap(findTestObject("MayaHome/mayahome - MobileSpy 1/statusInfoDropDown - doneBtn"), 0): Tapped on element 'Object Repository/MayaHome/mayahome - MobileSpy 1/statusInfoDropDown - doneBtn'

2022-04-21 17:31:49 - [MESSAGE][WARNING] - Timeout '0' is invalid. Using default page load timeout: '20'

2022-04-21 17:31:49 - [MESSAGE][PASSED] - Tapped on element 'Object Repository/MayaHome/mayahome - MobileSpy 1/statusInfoDropDown - doneBtn'

2022-04-21 17:31:49 - [TEST_STEP][PASSED] - scrollToText("Employment status"): Scrolling to text 'Employment status' successfully

2022-04-21 17:31:53 - [MESSAGE][PASSED] - Scrolling to text 'Employment status' successfully

2022-04-21 17:31:53 - [TEST_STEP][PASSED] - tap(findTestObject("MayaHome/mayahome - MobileSpy 1/statusinfoOptionMarital - dropdownBtn"), 0): Tapped on element 'Object Repository/MayaHome/mayahome - MobileSpy 1/statusinfoOptionMarital - dropdownBtn'

2022-04-21 17:31:53 - [MESSAGE][WARNING] - Timeout '0' is invalid. Using default page load timeout: '20'

2022-04-21 17:31:54 - [MESSAGE][PASSED] - Tapped on element 'Object Repository/MayaHome/mayahome - MobileSpy 1/statusinfoOptionMarital - dropdownBtn'

2022-04-21 17:31:54 - [TEST_STEP][PASSED] - scrollToText("Single", STOP_ON_FAILURE): Scrolling to text 'Single' successfully

2022-04-21 17:31:55 - [MESSAGE][PASSED] - Scrolling to text 'Single' successfully

2022-04-21 17:31:55 - [TEST_STEP][PASSED] - tap(findTestObject("MayaHome/mayahome - MobileSpy 1/statusInfoMaritalStatus - Married"), 0): Tapped on element 'Object Repository/MayaHome/mayahome - MobileSpy 1/statusInfoMaritalStatus - Married'

2022-04-21 17:31:55 - [MESSAGE][WARNING] - Timeout '0' is invalid. Using default page load timeout: '20'

2022-04-21 17:31:55 - [MESSAGE][PASSED] - Tapped on element 'Object Repository/MayaHome/mayahome - MobileSpy 1/statusInfoMaritalStatus - Married'

2022-04-21 17:31:55 - [TEST_STEP][PASSED] - tap(findTestObject("MayaHome/mayahome - MobileSpy 1/statusInfoDropDown - doneBtn"), 0): Tapped on element 'Object Repository/MayaHome/mayahome - MobileSpy 1/statusInfoDropDown - doneBtn'

2022-04-21 17:31:55 - [MESSAGE][WARNING] - Timeout '0' is invalid. Using default page load timeout: '20'

2022-04-21 17:31:55 - [MESSAGE][PASSED] - Tapped on element 'Object Repository/MayaHome/mayahome - MobileSpy 1/statusInfoDropDown - doneBtn'

2022-04-21 17:31:55 - [TEST_STEP][PASSED] - tap(findTestObject("MayaHome/mayahome - MobileSpy 1/statusinfoOptionReligion - dropdownBtn"), 0): Tapped on element 'Object Repository/MayaHome/mayahome - MobileSpy 1/statusinfoOptionReligion - dropdownBtn'

2022-04-21 17:31:55 - [MESSAGE][WARNING] - Timeout '0' is invalid. Using default page load timeout: '20'

2022-04-21 17:31:56 - [MESSAGE][PASSED] - Tapped on element 'Object Repository/MayaHome/mayahome - MobileSpy 1/statusinfoOptionReligion - dropdownBtn'

2022-04-21 17:31:56 - [TEST_STEP][PASSED] - scrollToText("Others", STOP_ON_FAILURE): Scrolling to text 'Others' successfully

2022-04-21 17:31:57 - [MESSAGE][PASSED] - Scrolling to text 'Others' successfully

2022-04-21 17:31:57 - [TEST_STEP][PASSED] - tap(findTestObject("MayaHome/mayahome - MobileSpy 1/statusInfoReligion - Hinduism"), 0): Tapped on element 'Object Repository/MayaHome/mayahome - MobileSpy 1/statusInfoReligion - Hinduism'

2022-04-21 17:31:57 - [MESSAGE][WARNING] - Timeout '0' is invalid. Using default page load timeout: '20'

2022-04-21 17:31:58 - [MESSAGE][PASSED] - Tapped on element 'Object Repository/MayaHome/mayahome - MobileSpy 1/statusInfoReligion - Hinduism'

2022-04-21 17:31:58 - [TEST_STEP][PASSED] - tap(findTestObject("MayaHome/mayahome - MobileSpy 1/statusInfoDropDown - doneBtn"), 0): Tapped on element 'Object Repository/MayaHome/mayahome - MobileSpy 1/statusInfoDropDown - doneBtn'

2022-04-21 17:31:58 - [MESSAGE][WARNING] - Timeout '0' is invalid. Using default page load timeout: '20'

2022-04-21 17:31:58 - [MESSAGE][PASSED] - Tapped on element 'Object Repository/MayaHome/mayahome - MobileSpy 1/statusInfoDropDown - doneBtn'

2022-04-21 17:31:58 - [TEST_STEP][PASSED] - tap(findTestObject("MayaHome/mayahome - MobileSpy 1/statusinfoOptionEmpStatus - dropdownBtn"), 0): Tapped on element 'Object Repository/MayaHome/mayahome - MobileSpy 1/statusinfoOptionEmpStatus - dropdownBtn'

2022-04-21 17:31:58 - [MESSAGE][WARNING] - Timeout '0' is invalid. Using default page load timeout: '20'

2022-04-21 17:31:59 - [MESSAGE][PASSED] - Tapped on element 'Object Repository/MayaHome/mayahome - MobileSpy 1/statusinfoOptionEmpStatus - dropdownBtn'

2022-04-21 17:31:59 - [TEST_STEP][PASSED] - scrollToText("Unemployed", STOP_ON_FAILURE): Scrolling to text 'Unemployed' successfully

2022-04-21 17:32:00 - [MESSAGE][PASSED] - Scrolling to text 'Unemployed' successfully

2022-04-21 17:32:00 - [TEST_STEP][PASSED] - tap(findTestObject("MayaHome/mayahome - MobileSpy 1/statusInfoDropDown - doneBtn"), 0): Tapped on element 'Object Repository/MayaHome/mayahome - MobileSpy 1/statusInfoDropDown - doneBtn'

2022-04-21 17:32:00 - [MESSAGE][WARNING] - Timeout '0' is invalid. Using default page load timeout: '20'

2022-04-21 17:32:00 - [MESSAGE][PASSED] - Tapped on element 'Object Repository/MayaHome/mayahome - MobileSpy 1/statusInfoDropDown - doneBtn'

2022-04-21 17:32:00 - [TEST_STEP][PASSED] - tap(findTestObject("MayaHome/mayahome - MobileSpy 1/statusInfoBusinessClass - dropdownBtn"), 0): Tapped on element 'Object Repository/MayaHome/mayahome - MobileSpy 1/statusInfoBusinessClass - dropdownBtn'

2022-04-21 17:32:00 - [MESSAGE][WARNING] - Timeout '0' is invalid. Using default page load timeout: '20'

2022-04-21 17:32:01 - [MESSAGE][PASSED] - Tapped on element 'Object Repository/MayaHome/mayahome - MobileSpy 1/statusInfoBusinessClass - dropdownBtn'

2022-04-21 17:32:01 - [TEST_STEP][PASSED] - scrollToText("Sdn Bhd"): Scrolling to text 'Sdn Bhd' successfully

2022-04-21 17:32:06 - [MESSAGE][PASSED] - Scrolling to text 'Sdn Bhd' successfully

2022-04-21 17:32:06 - [TEST_STEP][PASSED] - tap(findTestObject("MayaHome/mayahome - MobileSpy 1/statusInfoOption - SdnBhd"), 0): Tapped on element 'Object Repository/MayaHome/mayahome - MobileSpy 1/statusInfoOption - SdnBhd'

2022-04-21 17:32:06 - [MESSAGE][WARNING] - Timeout '0' is invalid. Using default page load timeout: '20'

2022-04-21 17:32:06 - [MESSAGE][PASSED] - Tapped on element 'Object Repository/MayaHome/mayahome - MobileSpy 1/statusInfoOption - SdnBhd'

2022-04-21 17:32:06 - [TEST_STEP][PASSED] - tap(findTestObject("MayaHome/mayahome - MobileSpy 1/statusInfoDropDown - doneBtn"), 0): Tapped on element 'Object Repository/MayaHome/mayahome - MobileSpy 1/statusInfoDropDown - doneBtn'

2022-04-21 17:32:06 - [MESSAGE][WARNING] - Timeout '0' is invalid. Using default page load timeout: '20'

2022-04-21 17:32:07 - [MESSAGE][PASSED] - Tapped on element 'Object Repository/MayaHome/mayahome - MobileSpy 1/statusInfoDropDown - doneBtn'

2022-04-21 17:32:07 - [TEST_STEP][PASSED] - tap(findTestObject("MayaHome/mayahome - MobileSpy 1/save next - Btn"), 0): Tapped on element 'Object Repository/MayaHome/mayahome - MobileSpy 1/save next - Btn'

2022-04-21 17:32:07 - [MESSAGE][WARNING] - Timeout '0' is invalid. Using default page load timeout: '20'

2022-04-21 17:32:08 - [MESSAGE][PASSED] - Tapped on element 'Object Repository/MayaHome/mayahome - MobileSpy 1/save next - Btn'

2022-04-21 17:32:08 - [MESSAGE][PASSED] - Call Test Case 'Test Cases/MayaHome/mayahome_CEPersonalDetail' successfully

2022-04-21 17:32:08 - [TEST_STEP][PASSED] - callTestCase(findTestCase("MayaHome/mayahome_CEMonthlyIncome"), null): Call Test Case 'Test Cases/MayaHome/mayahome_CEMonthlyIncome' successfully

2022-04-21 17:32:08 - [TEST_CASE][PASSED] - Test Cases/MayaHome/mayahome_CEMonthlyIncome: Test Cases/MayaHome/mayahome_CEMonthlyIncome

2022-04-21 17:32:09 - [TEST_STEP][PASSED] - tap(findTestObject("MayaHome/mayahome - MobileSpy 1/monthlyIncome - Txtfield"), 0): Tapped on element 'Object Repository/MayaHome/mayahome - MobileSpy 1/monthlyIncome - Txtfield'

2022-04-21 17:32:09 - [MESSAGE][WARNING] - Timeout '0' is invalid. Using default page load timeout: '20'

2022-04-21 17:32:13 - [MESSAGE][PASSED] - Tapped on element 'Object Repository/MayaHome/mayahome - MobileSpy 1/monthlyIncome - Txtfield'

2022-04-21 17:32:13 - [TEST_STEP][PASSED] - verifyElementVisible(findTestObject("MayaHome/mayahome - MobileSpy 6/propertyNameforMonthlyIncome - Header"), 0): Element 'Object Repository/MayaHome/mayahome - MobileSpy 6/propertyNameforMonthlyIncome - Header' is visible

2022-04-21 17:32:13 - [MESSAGE][WARNING] - Timeout '0' is invalid. Using default page load timeout: '20'

2022-04-21 17:32:14 - [MESSAGE][PASSED] - Element 'Object Repository/MayaHome/mayahome - MobileSpy 6/propertyNameforMonthlyIncome - Header' is visible

2022-04-21 17:32:14 - [TEST_STEP][PASSED] - verifyElementVisible(findTestObject("MayaHome/mayahome - MobileSpy 6/enterDetailMonthlyIncome - Header"), 0): Element 'Object Repository/MayaHome/mayahome - MobileSpy 6/enterDetailMonthlyIncome - Header' is visible

2022-04-21 17:32:14 - [MESSAGE][WARNING] - Timeout '0' is invalid. Using default page load timeout: '20'

2022-04-21 17:32:14 - [MESSAGE][PASSED] - Element 'Object Repository/MayaHome/mayahome - MobileSpy 6/enterDetailMonthlyIncome - Header' is visible

2022-04-21 17:32:14 - [TEST_STEP][PASSED] - tap(findTestObject("MayaHome/mayahome - MobileSpy 1/pinMonthlyIncome - 5"), 1): Tapped on element 'Object Repository/MayaHome/mayahome - MobileSpy 1/pinMonthlyIncome - 5'

2022-04-21 17:32:15 - [MESSAGE][PASSED] - Tapped on element 'Object Repository/MayaHome/mayahome - MobileSpy 1/pinMonthlyIncome - 5'

2022-04-21 17:32:15 - [TEST_STEP][PASSED] - tap(findTestObject("MayaHome/mayahome - MobileSpy 1/pinMonthlyIncome - 5"), 1): Tapped on element 'Object Repository/MayaHome/mayahome - MobileSpy 1/pinMonthlyIncome - 5'

2022-04-21 17:32:16 - [MESSAGE][PASSED] - Tapped on element 'Object Repository/MayaHome/mayahome - MobileSpy 1/pinMonthlyIncome - 5'

2022-04-21 17:32:16 - [TEST_STEP][PASSED] - tap(findTestObject("MayaHome/mayahome - MobileSpy 1/pinMonthlyIncome - 0"), 1): Tapped on element 'Object Repository/MayaHome/mayahome - MobileSpy 1/pinMonthlyIncome - 0'

2022-04-21 17:32:17 - [MESSAGE][PASSED] - Tapped on element 'Object Repository/MayaHome/mayahome - MobileSpy 1/pinMonthlyIncome - 0'

2022-04-21 17:32:17 - [TEST_STEP][PASSED] - tap(findTestObject("MayaHome/mayahome - MobileSpy 1/pinMonthlyIncome - 0"), 1): Tapped on element 'Object Repository/MayaHome/mayahome - MobileSpy 1/pinMonthlyIncome - 0'

2022-04-21 17:32:17 - [MESSAGE][PASSED] - Tapped on element 'Object Repository/MayaHome/mayahome - MobileSpy 1/pinMonthlyIncome - 0'

2022-04-21 17:32:17 - [TEST_STEP][PASSED] - tap(findTestObject("MayaHome/mayahome - MobileSpy 1/pinMonthlyIncome - 0"), 1): Tapped on element 'Object Repository/MayaHome/mayahome - MobileSpy 1/pinMonthlyIncome - 0'

2022-04-21 17:32:18 - [MESSAGE][PASSED] - Tapped on element 'Object Repository/MayaHome/mayahome - MobileSpy 1/pinMonthlyIncome - 0'

2022-04-21 17:32:18 - [TEST_STEP][PASSED] - tap(findTestObject("MayaHome/mayahome - MobileSpy 1/pinMonthlyIncome - 0"), 1): Tapped on element 'Object Repository/MayaHome/mayahome - MobileSpy 1/pinMonthlyIncome - 0'

2022-04-21 17:32:19 - [MESSAGE][PASSED] - Tapped on element 'Object Repository/MayaHome/mayahome - MobileSpy 1/pinMonthlyIncome - 0'

2022-04-21 17:32:19 - [TEST_STEP][PASSED] - tap(findTestObject("MayaHome/mayahome - MobileSpy 1/pinMonthlyIncome - check"), 1): Tapped on element 'Object Repository/MayaHome/mayahome - MobileSpy 1/pinMonthlyIncome - check'

2022-04-21 17:32:20 - [MESSAGE][PASSED] - Tapped on element 'Object Repository/MayaHome/mayahome - MobileSpy 1/pinMonthlyIncome - check'

2022-04-21 17:32:20 - [TEST_STEP][PASSED] - verifyElementVisible(findTestObject("MayaHome/mayahome - MobileSpy 6/existHomeFinancingDropDown - Header"), 0): Element 'Object Repository/MayaHome/mayahome - MobileSpy 6/existHomeFinancingDropDown - Header' is visible

2022-04-21 17:32:20 - [MESSAGE][WARNING] - Timeout '0' is invalid. Using default page load timeout: '20'

2022-04-21 17:32:21 - [MESSAGE][PASSED] - Element 'Object Repository/MayaHome/mayahome - MobileSpy 6/existHomeFinancingDropDown - Header' is visible

2022-04-21 17:32:21 - [TEST_STEP][PASSED] - tap(findTestObject("MayaHome/mayahome - MobileSpy 1/existingHousingLoan - dropdownBtn"), 0): Tapped on element 'Object Repository/MayaHome/mayahome - MobileSpy 1/existingHousingLoan - dropdownBtn'

2022-04-21 17:32:21 - [MESSAGE][WARNING] - Timeout '0' is invalid. Using default page load timeout: '20'

2022-04-21 17:32:22 - [MESSAGE][PASSED] - Tapped on element 'Object Repository/MayaHome/mayahome - MobileSpy 1/existingHousingLoan - dropdownBtn'

2022-04-21 17:32:22 - [TEST_STEP][PASSED] - tap(findTestObject("MayaHome/mayahome - MobileSpy 3/existingHousingLoan(0) - Btn"), 0): Tapped on element 'Object Repository/MayaHome/mayahome - MobileSpy 3/existingHousingLoan(0) - Btn'

2022-04-21 17:32:22 - [MESSAGE][WARNING] - Timeout '0' is invalid. Using default page load timeout: '20'

2022-04-21 17:32:23 - [MESSAGE][PASSED] - Tapped on element 'Object Repository/MayaHome/mayahome - MobileSpy 3/existingHousingLoan(0) - Btn'

2022-04-21 17:32:23 - [TEST_STEP][PASSED] - tap(findTestObject("MayaHome/mayahome - MobileSpy 1/statusInfoDropDown - doneBtn"), 0): Tapped on element 'Object Repository/MayaHome/mayahome - MobileSpy 1/statusInfoDropDown - doneBtn'

2022-04-21 17:32:23 - [MESSAGE][WARNING] - Timeout '0' is invalid. Using default page load timeout: '20'

2022-04-21 17:32:24 - [MESSAGE][PASSED] - Tapped on element 'Object Repository/MayaHome/mayahome - MobileSpy 1/statusInfoDropDown - doneBtn'

2022-04-21 17:32:24 - [TEST_STEP][PASSED] - delay(3): Delayed 3 second(s)

2022-04-21 17:32:27 - [MESSAGE][PASSED] - Delayed 3 second(s)

2022-04-21 17:32:27 - [TEST_STEP][PASSED] - tap(findTestObject("MayaHome/mayahome - MobileSpy 1/non-bankCommit - Txtfield"), 1): Tapped on element 'Object Repository/MayaHome/mayahome - MobileSpy 1/non-bankCommit - Txtfield'

2022-04-21 17:32:28 - [MESSAGE][PASSED] - Tapped on element 'Object Repository/MayaHome/mayahome - MobileSpy 1/non-bankCommit - Txtfield'

2022-04-21 17:32:28 - [TEST_STEP][PASSED] - tap(findTestObject("MayaHome/mayahome - MobileSpy 1/pinMonthlyIncome - 2"), 1): Tapped on element 'Object Repository/MayaHome/mayahome - MobileSpy 1/pinMonthlyIncome - 2'

2022-04-21 17:32:29 - [MESSAGE][PASSED] - Tapped on element 'Object Repository/MayaHome/mayahome - MobileSpy 1/pinMonthlyIncome - 2'

2022-04-21 17:32:29 - [TEST_STEP][PASSED] - tap(findTestObject("MayaHome/mayahome - MobileSpy 1/pinMonthlyIncome - 0"), 0): Tapped on element 'Object Repository/MayaHome/mayahome - MobileSpy 1/pinMonthlyIncome - 0'

2022-04-21 17:32:29 - [MESSAGE][WARNING] - Timeout '0' is invalid. Using default page load timeout: '20'

2022-04-21 17:32:30 - [MESSAGE][PASSED] - Tapped on element 'Object Repository/MayaHome/mayahome - MobileSpy 1/pinMonthlyIncome - 0'

2022-04-21 17:32:30 - [TEST_STEP][PASSED] - tap(findTestObject("MayaHome/mayahome - MobileSpy 1/pinMonthlyIncome - 0"), 0): Tapped on element 'Object Repository/MayaHome/mayahome - MobileSpy 1/pinMonthlyIncome - 0'

2022-04-21 17:32:30 - [MESSAGE][WARNING] - Timeout '0' is invalid. Using default page load timeout: '20'

2022-04-21 17:32:31 - [MESSAGE][PASSED] - Tapped on element 'Object Repository/MayaHome/mayahome - MobileSpy 1/pinMonthlyIncome - 0'

2022-04-21 17:32:31 - [TEST_STEP][PASSED] - tap(findTestObject("MayaHome/mayahome - MobileSpy 1/pinMonthlyIncome - 0"), 0): Tapped on element 'Object Repository/MayaHome/mayahome - MobileSpy 1/pinMonthlyIncome - 0'

2022-04-21 17:32:31 - [MESSAGE][WARNING] - Timeout '0' is invalid. Using default page load timeout: '20'

2022-04-21 17:32:32 - [MESSAGE][PASSED] - Tapped on element 'Object Repository/MayaHome/mayahome - MobileSpy 1/pinMonthlyIncome - 0'

2022-04-21 17:32:32 - [TEST_STEP][PASSED] - tap(findTestObject("MayaHome/mayahome - MobileSpy 1/pinMonthlyIncome - 0"), 0): Tapped on element 'Object Repository/MayaHome/mayahome - MobileSpy 1/pinMonthlyIncome - 0'

2022-04-21 17:32:32 - [MESSAGE][WARNING] - Timeout '0' is invalid. Using default page load timeout: '20'

2022-04-21 17:32:33 - [MESSAGE][PASSED] - Tapped on element 'Object Repository/MayaHome/mayahome - MobileSpy 1/pinMonthlyIncome - 0'

2022-04-21 17:32:33 - [TEST_STEP][PASSED] - tap(findTestObject("MayaHome/mayahome - MobileSpy 1/pinMonthlyIncome - check"), 0): Tapped on element 'Object Repository/MayaHome/mayahome - MobileSpy 1/pinMonthlyIncome - check'

2022-04-21 17:32:33 - [MESSAGE][WARNING] - Timeout '0' is invalid. Using default page load timeout: '20'

2022-04-21 17:32:34 - [MESSAGE][PASSED] - Tapped on element 'Object Repository/MayaHome/mayahome - MobileSpy 1/pinMonthlyIncome - check'

2022-04-21 17:32:34 - [TEST_STEP][PASSED] - tap(findTestObject("MayaHome/mayahome - MobileSpy 1/statusinfo - savenextBtn"), 0): Tapped on element 'Object Repository/MayaHome/mayahome - MobileSpy 1/statusinfo - savenextBtn'

2022-04-21 17:32:34 - [MESSAGE][WARNING] - Timeout '0' is invalid. Using default page load timeout: '20'

2022-04-21 17:32:35 - [MESSAGE][PASSED] - Tapped on element 'Object Repository/MayaHome/mayahome - MobileSpy 1/statusinfo - savenextBtn'

2022-04-21 17:32:35 - [TEST_STEP][PASSED] - delay(10): Delayed 10 second(s)

2022-04-21 17:32:45 - [MESSAGE][PASSED] - Delayed 10 second(s)

2022-04-21 17:32:45 - [MESSAGE][PASSED] - Call Test Case 'Test Cases/MayaHome/mayahome_CEMonthlyIncome' successfully

2022-04-21 17:32:45 - [TEST_STEP][PASSED] - if (verifyElementExist(findTestObject("MayaHome/mayahome - MobileSpy 2/hederAdditionalInfo - Txt"), 0, OPTIONAL)): Element 'Object Repository/MayaHome/mayahome - MobileSpy 2/hederAdditionalInfo - Txt' not found

2022-04-21 17:32:45 - [MESSAGE][WARNING] - Timeout '0' is invalid. Using default page load timeout: '20'

2022-04-21 17:33:05 - [MESSAGE][WARNING] - Element 'Object Repository/MayaHome/mayahome - MobileSpy 2/hederAdditionalInfo - Txt' not found

2022-04-21 17:33:05 - [TEST_STEP][PASSED] - else: null

2022-04-21 17:33:05 - [TEST_STEP][PASSED] - delay(5, STOP_ON_FAILURE): Delayed 5 second(s)

2022-04-21 17:33:10 - [MESSAGE][PASSED] - Delayed 5 second(s)

2022-04-21 17:33:10 - [TEST_STEP][PASSED] - if (verifyElementVisible(findTestObject("MayaHome/mayahome - MobileSpy 2/successStatement - Txt"), 0, OPTIONAL)): null

2022-04-21 17:33:10 - [MESSAGE][WARNING] - Timeout '0' is invalid. Using default page load timeout: '20'

2022-04-21 17:33:10 - [MESSAGE][PASSED] - Element 'Object Repository/MayaHome/mayahome - MobileSpy 2/successStatement - Txt' is visible

2022-04-21 17:33:10 - [TEST_STEP][PASSED] - swipe(500, 2000, 500, 1350): Swiped from 500,2,000 to 500,1,350

2022-04-21 17:33:12 - [MESSAGE][PASSED] - Swiped from 500,2,000 to 500,1,350

2022-04-21 17:33:12 - [TEST_STEP][PASSED] - verifyElementVisible(findTestObject("MayaHome/mayahome - MobileSpy 4/reviewApp - propertyName"), 0, CONTINUE_ON_FAILURE): Element 'Object Repository/MayaHome/mayahome - MobileSpy 4/reviewApp - propertyName' is visible

2022-04-21 17:33:12 - [MESSAGE][WARNING] - Timeout '0' is invalid. Using default page load timeout: '20'

2022-04-21 17:33:13 - [MESSAGE][PASSED] - Element 'Object Repository/MayaHome/mayahome - MobileSpy 4/reviewApp - propertyName' is visible

2022-04-21 17:33:13 - [TEST_STEP][PASSED] - delay(3, STOP_ON_FAILURE): Delayed 3 second(s)

2022-04-21 17:33:16 - [MESSAGE][PASSED] - Delayed 3 second(s)

2022-04-21 17:33:16 - [TEST_STEP][PASSED] - getText(findTestObject("MayaHome/mayahome - MobileSpy 4/reviewApp - propertyName"), 0): Text of element 'Object Repository/MayaHome/mayahome - MobileSpy 4/reviewApp - propertyName' is: 'Kinabalu Residence'

2022-04-21 17:33:16 - [MESSAGE][WARNING] - Timeout '0' is invalid. Using default page load timeout: '20'

2022-04-21 17:33:16 - [MESSAGE][PASSED] - Text of element 'Object Repository/MayaHome/mayahome - MobileSpy 4/reviewApp - propertyName' is: 'Kinabalu Residence'

2022-04-21 17:33:16 - [TEST_STEP][PASSED] - verifyElementVisible(findTestObject("MayaHome/mayahome - MobileSpy 4/reviewApp - propertyLoanAmountTxt"), 0, CONTINUE_ON_FAILURE): Element 'Object Repository/MayaHome/mayahome - MobileSpy 4/reviewApp - propertyLoanAmountTxt' is visible

2022-04-21 17:33:16 - [MESSAGE][WARNING] - Timeout '0' is invalid. Using default page load timeout: '20'

2022-04-21 17:33:17 - [MESSAGE][PASSED] - Element 'Object Repository/MayaHome/mayahome - MobileSpy 4/reviewApp - propertyLoanAmountTxt' is visible

2022-04-21 17:33:17 - [TEST_STEP][PASSED] - getText(findTestObject("MayaHome/mayahome - MobileSpy 4/reviewApp - propertyLoanAmountTxt"), 0): Text of element 'Object Repository/MayaHome/mayahome - MobileSpy 4/reviewApp - propertyLoanAmountTxt' is: 'Property financing amount'

2022-04-21 17:33:17 - [MESSAGE][WARNING] - Timeout '0' is invalid. Using default page load timeout: '20'

2022-04-21 17:33:17 - [MESSAGE][PASSED] - Text of element 'Object Repository/MayaHome/mayahome - MobileSpy 4/reviewApp - propertyLoanAmountTxt' is: 'Property financing amount'

2022-04-21 17:33:17 - [TEST_STEP][PASSED] - verifyElementText(findTestObject("MayaHome/mayahome - MobileSpy 4/reviewApp - propertyLoanAmount(RM)"), loanAmount, CONTINUE_ON_FAILURE): Actual text and expected text of test object 'Object Repository/MayaHome/mayahome - MobileSpy 4/reviewApp - propertyLoanAmount(RM)' are matched.

2022-04-21 17:33:17 - [MESSAGE][PASSED] - Actual text and expected text of test object 'Object Repository/MayaHome/mayahome - MobileSpy 4/reviewApp - propertyLoanAmount(RM)' are matched.

2022-04-21 17:33:17 - [TEST_STEP][PASSED] - getText(findTestObject("MayaHome/mayahome - MobileSpy 4/reviewApp - propertyLoanAmount(RM)"), 0): Text of element 'Object Repository/MayaHome/mayahome - MobileSpy 4/reviewApp - propertyLoanAmount(RM)' is: 'RM 80,000.00'

2022-04-21 17:33:17 - [MESSAGE][WARNING] - Timeout '0' is invalid. Using default page load timeout: '20'

2022-04-21 17:33:17 - [MESSAGE][PASSED] - Text of element 'Object Repository/MayaHome/mayahome - MobileSpy 4/reviewApp - propertyLoanAmount(RM)' is: 'RM 80,000.00'

2022-04-21 17:33:17 - [TEST_STEP][PASSED] - verifyElementVisible(findTestObject("MayaHome/mayahome - MobileSpy 4/reviewApp - effIntRateTxt"), 0, CONTINUE_ON_FAILURE): Element 'Object Repository/MayaHome/mayahome - MobileSpy 4/reviewApp - effIntRateTxt' is visible

2022-04-21 17:33:17 - [MESSAGE][WARNING] - Timeout '0' is invalid. Using default page load timeout: '20'

2022-04-21 17:33:18 - [MESSAGE][PASSED] - Element 'Object Repository/MayaHome/mayahome - MobileSpy 4/reviewApp - effIntRateTxt' is visible

2022-04-21 17:33:18 - [TEST_STEP][PASSED] - getText(findTestObject("MayaHome/mayahome - MobileSpy 4/reviewApp - effIntRateTxt"), 0): Text of element 'Object Repository/MayaHome/mayahome - MobileSpy 4/reviewApp - effIntRateTxt' is: 'Effective profit rate'

2022-04-21 17:33:18 - [MESSAGE][WARNING] - Timeout '0' is invalid. Using default page load timeout: '20'

2022-04-21 17:33:18 - [MESSAGE][PASSED] - Text of element 'Object Repository/MayaHome/mayahome - MobileSpy 4/reviewApp - effIntRateTxt' is: 'Effective profit rate'

2022-04-21 17:33:18 - [TEST_STEP][PASSED] - verifyElementVisible(findTestObject("MayaHome/mayahome - MobileSpy 4/reviewApp - effIntRate(percent)"), 0, CONTINUE_ON_FAILURE): Element 'Object Repository/MayaHome/mayahome - MobileSpy 4/reviewApp - effIntRate(percent)' is visible

2022-04-21 17:33:18 - [MESSAGE][WARNING] - Timeout '0' is invalid. Using default page load timeout: '20'

2022-04-21 17:33:18 - [MESSAGE][PASSED] - Element 'Object Repository/MayaHome/mayahome - MobileSpy 4/reviewApp - effIntRate(percent)' is visible

2022-04-21 17:33:18 - [TEST_STEP][PASSED] - getText(findTestObject("MayaHome/mayahome - MobileSpy 4/reviewApp - effIntRate(percent)"), 0): Text of element 'Object Repository/MayaHome/mayahome - MobileSpy 4/reviewApp - effIntRate(percent)' is: '6.00% p.a'

2022-04-21 17:33:18 - [MESSAGE][WARNING] - Timeout '0' is invalid. Using default page load timeout: '20'

2022-04-21 17:33:18 - [MESSAGE][PASSED] - Text of element 'Object Repository/MayaHome/mayahome - MobileSpy 4/reviewApp - effIntRate(percent)' is: '6.00% p.a'

2022-04-21 17:33:18 - [TEST_STEP][PASSED] - verifyElementVisible(findTestObject("MayaHome/mayahome - MobileSpy 4/reviewApp - baseRate"), 0, CONTINUE_ON_FAILURE): Element 'Object Repository/MayaHome/mayahome - MobileSpy 4/reviewApp - baseRate' is visible

2022-04-21 17:33:19 - [MESSAGE][WARNING] - Timeout '0' is invalid. Using default page load timeout: '20'

2022-04-21 17:33:19 - [MESSAGE][PASSED] - Element 'Object Repository/MayaHome/mayahome - MobileSpy 4/reviewApp - baseRate' is visible

2022-04-21 17:33:19 - [TEST_STEP][PASSED] - getText(findTestObject("MayaHome/mayahome - MobileSpy 4/reviewApp - baseRate"), 0): Text of element 'Object Repository/MayaHome/mayahome - MobileSpy 4/reviewApp - baseRate' is: 'Base Rate: 3.50%'

2022-04-21 17:33:19 - [MESSAGE][WARNING] - Timeout '0' is invalid. Using default page load timeout: '20'

2022-04-21 17:33:19 - [MESSAGE][PASSED] - Text of element 'Object Repository/MayaHome/mayahome - MobileSpy 4/reviewApp - baseRate' is: 'Base Rate: 3.50%'

2022-04-21 17:33:19 - [TEST_STEP][PASSED] - verifyElementVisible(findTestObject("MayaHome/mayahome - MobileSpy 4/reviewApp - spread"), 0, CONTINUE_ON_FAILURE): Element 'Object Repository/MayaHome/mayahome - MobileSpy 4/reviewApp - spread' is visible

2022-04-21 17:33:19 - [MESSAGE][WARNING] - Timeout '0' is invalid. Using default page load timeout: '20'

2022-04-21 17:33:19 - [MESSAGE][PASSED] - Element 'Object Repository/MayaHome/mayahome - MobileSpy 4/reviewApp - spread' is visible

2022-04-21 17:33:19 - [TEST_STEP][PASSED] - getText(findTestObject("MayaHome/mayahome - MobileSpy 4/reviewApp - spread"), 0): Text of element 'Object Repository/MayaHome/mayahome - MobileSpy 4/reviewApp - spread' is: 'Spread: 2.50%'

2022-04-21 17:33:19 - [MESSAGE][WARNING] - Timeout '0' is invalid. Using default page load timeout: '20'

2022-04-21 17:33:20 - [MESSAGE][PASSED] - Text of element 'Object Repository/MayaHome/mayahome - MobileSpy 4/reviewApp - spread' is: 'Spread: 2.50%'

2022-04-21 17:33:20 - [TEST_STEP][PASSED] - verifyElementVisible(findTestObject("MayaHome/mayahome - MobileSpy 4/reviewApp - loanPeriodTxt"), 0, CONTINUE_ON_FAILURE): Element 'Object Repository/MayaHome/mayahome - MobileSpy 4/reviewApp - loanPeriodTxt' is visible

2022-04-21 17:33:20 - [MESSAGE][WARNING] - Timeout '0' is invalid. Using default page load timeout: '20'

2022-04-21 17:33:20 - [MESSAGE][PASSED] - Element 'Object Repository/MayaHome/mayahome - MobileSpy 4/reviewApp - loanPeriodTxt' is visible

2022-04-21 17:33:20 - [TEST_STEP][PASSED] - getText(findTestObject("MayaHome/mayahome - MobileSpy 4/reviewApp - loanPeriodTxt"), 0): Text of element 'Object Repository/MayaHome/mayahome - MobileSpy 4/reviewApp - loanPeriodTxt' is: 'Financing period'

2022-04-21 17:33:20 - [MESSAGE][WARNING] - Timeout '0' is invalid. Using default page load timeout: '20'

2022-04-21 17:33:20 - [MESSAGE][PASSED] - Text of element 'Object Repository/MayaHome/mayahome - MobileSpy 4/reviewApp - loanPeriodTxt' is: 'Financing period'

2022-04-21 17:33:20 - [TEST_STEP][PASSED] - verifyElementText(findTestObject("MayaHome/mayahome - MobileSpy 4/reviewApp - loanPeriod(year)"), loanPeriod, CONTINUE_ON_FAILURE): Actual text and expected text of test object 'Object Repository/MayaHome/mayahome - MobileSpy 4/reviewApp - loanPeriod(year)' are matched.

2022-04-21 17:33:20 - [MESSAGE][PASSED] - Actual text and expected text of test object 'Object Repository/MayaHome/mayahome - MobileSpy 4/reviewApp - loanPeriod(year)' are matched.

2022-04-21 17:33:20 - [TEST_STEP][PASSED] - getText(findTestObject("MayaHome/mayahome - MobileSpy 4/reviewApp - loanPeriod(year)"), 0): Text of element 'Object Repository/MayaHome/mayahome - MobileSpy 4/reviewApp - loanPeriod(year)' is: '35 years'

2022-04-21 17:33:20 - [MESSAGE][WARNING] - Timeout '0' is invalid. Using default page load timeout: '20'

2022-04-21 17:33:21 - [MESSAGE][PASSED] - Text of element 'Object Repository/MayaHome/mayahome - MobileSpy 4/reviewApp - loanPeriod(year)' is: '35 years'

2022-04-21 17:33:21 - [TEST_STEP][PASSED] - verifyElementVisible(findTestObject("MayaHome/mayahome - MobileSpy 4/reviewApp - monthlyInsalmentTxt"), 0, CONTINUE_ON_FAILURE): Element 'Object Repository/MayaHome/mayahome - MobileSpy 4/reviewApp - monthlyInsalmentTxt' is visible

2022-04-21 17:33:21 - [MESSAGE][WARNING] - Timeout '0' is invalid. Using default page load timeout: '20'

2022-04-21 17:33:21 - [MESSAGE][PASSED] - Element 'Object Repository/MayaHome/mayahome - MobileSpy 4/reviewApp - monthlyInsalmentTxt' is visible

2022-04-21 17:33:21 - [TEST_STEP][PASSED] - getText(findTestObject("MayaHome/mayahome - MobileSpy 4/reviewApp - monthlyInsalmentTxt"), 0): Text of element 'Object Repository/MayaHome/mayahome - MobileSpy 4/reviewApp - monthlyInsalmentTxt' is: 'Monthly instalment'

2022-04-21 17:33:21 - [MESSAGE][WARNING] - Timeout '0' is invalid. Using default page load timeout: '20'

2022-04-21 17:33:21 - [MESSAGE][PASSED] - Text of element 'Object Repository/MayaHome/mayahome - MobileSpy 4/reviewApp - monthlyInsalmentTxt' is: 'Monthly instalment'

2022-04-21 17:33:21 - [TEST_STEP][PASSED] - verifyElementVisible(findTestObject("MayaHome/mayahome - MobileSpy 4/reviewApp - monthlyInstalment(RM)"), 0, CONTINUE_ON_FAILURE): Element 'Object Repository/MayaHome/mayahome - MobileSpy 4/reviewApp - monthlyInstalment(RM)' is visible

2022-04-21 17:33:21 - [MESSAGE][WARNING] - Timeout '0' is invalid. Using default page load timeout: '20'

2022-04-21 17:33:21 - [MESSAGE][PASSED] - Element 'Object Repository/MayaHome/mayahome - MobileSpy 4/reviewApp - monthlyInstalment(RM)' is visible

2022-04-21 17:33:21 - [TEST_STEP][PASSED] - getText(findTestObject("MayaHome/mayahome - MobileSpy 4/reviewApp - monthlyInstalment(RM)"), 0): Text of element 'Object Repository/MayaHome/mayahome - MobileSpy 4/reviewApp - monthlyInstalment(RM)' is: 'RM 457.00'

2022-04-21 17:33:21 - [MESSAGE][WARNING] - Timeout '0' is invalid. Using default page load timeout: '20'

2022-04-21 17:33:22 - [MESSAGE][PASSED] - Text of element 'Object Repository/MayaHome/mayahome - MobileSpy 4/reviewApp - monthlyInstalment(RM)' is: 'RM 457.00'

2022-04-21 17:33:22 - [TEST_STEP][PASSED] - verifyElementVisible(findTestObject("MayaHome/mayahome - MobileSpy 4/reviewApp - propertyPriceTxt"), 0, CONTINUE_ON_FAILURE): Element 'Object Repository/MayaHome/mayahome - MobileSpy 4/reviewApp - propertyPriceTxt' is visible

2022-04-21 17:33:22 - [MESSAGE][WARNING] - Timeout '0' is invalid. Using default page load timeout: '20'

2022-04-21 17:33:22 - [MESSAGE][PASSED] - Element 'Object Repository/MayaHome/mayahome - MobileSpy 4/reviewApp - propertyPriceTxt' is visible

2022-04-21 17:33:22 - [TEST_STEP][PASSED] - getText(findTestObject("MayaHome/mayahome - MobileSpy 4/reviewApp - propertyPriceTxt"), 0): Text of element 'Object Repository/MayaHome/mayahome - MobileSpy 4/reviewApp - propertyPriceTxt' is: 'Property price'

2022-04-21 17:33:22 - [MESSAGE][WARNING] - Timeout '0' is invalid. Using default page load timeout: '20'

2022-04-21 17:33:22 - [MESSAGE][PASSED] - Text of element 'Object Repository/MayaHome/mayahome - MobileSpy 4/reviewApp - propertyPriceTxt' is: 'Property price'

2022-04-21 17:33:22 - [TEST_STEP][PASSED] - verifyElementText(findTestObject("MayaHome/mayahome - MobileSpy 4/reviewApp - propertyPrice(RM)"), propertyPrice, CONTINUE_ON_FAILURE): Actual text and expected text of test object 'Object Repository/MayaHome/mayahome - MobileSpy 4/reviewApp - propertyPrice(RM)' are matched.

2022-04-21 17:33:22 - [MESSAGE][PASSED] - Actual text and expected text of test object 'Object Repository/MayaHome/mayahome - MobileSpy 4/reviewApp - propertyPrice(RM)' are matched.

2022-04-21 17:33:22 - [TEST_STEP][PASSED] - getText(findTestObject("MayaHome/mayahome - MobileSpy 4/reviewApp - propertyPrice(RM)"), 0): Text of element 'Object Repository/MayaHome/mayahome - MobileSpy 4/reviewApp - propertyPrice(RM)' is: 'RM 100,000.00'

2022-04-21 17:33:22 - [MESSAGE][WARNING] - Timeout '0' is invalid. Using default page load timeout: '20'

2022-04-21 17:33:23 - [MESSAGE][PASSED] - Text of element 'Object Repository/MayaHome/mayahome - MobileSpy 4/reviewApp - propertyPrice(RM)' is: 'RM 100,000.00'

2022-04-21 17:33:23 - [TEST_STEP][PASSED] - verifyElementVisible(findTestObject("MayaHome/mayahome - MobileSpy 4/reviewApp - downpaymentTxt"), 0, CONTINUE_ON_FAILURE): Element 'Object Repository/MayaHome/mayahome - MobileSpy 4/reviewApp - downpaymentTxt' is visible

2022-04-21 17:33:23 - [MESSAGE][WARNING] - Timeout '0' is invalid. Using default page load timeout: '20'

2022-04-21 17:33:23 - [MESSAGE][PASSED] - Element 'Object Repository/MayaHome/mayahome - MobileSpy 4/reviewApp - downpaymentTxt' is visible

2022-04-21 17:33:23 - [TEST_STEP][PASSED] - getText(findTestObject("MayaHome/mayahome - MobileSpy 4/reviewApp - downpaymentTxt"), 0): Text of element 'Object Repository/MayaHome/mayahome - MobileSpy 4/reviewApp - downpaymentTxt' is: 'Downpayment'

2022-04-21 17:33:23 - [MESSAGE][WARNING] - Timeout '0' is invalid. Using default page load timeout: '20'

2022-04-21 17:33:23 - [MESSAGE][PASSED] - Text of element 'Object Repository/MayaHome/mayahome - MobileSpy 4/reviewApp - downpaymentTxt' is: 'Downpayment'

2022-04-21 17:33:23 - [TEST_STEP][PASSED] - verifyElementText(findTestObject("MayaHome/mayahome - MobileSpy 4/reviewApp - downpayment(RM)"), downpaymentPrice, CONTINUE_ON_FAILURE): Actual text and expected text of test object 'Object Repository/MayaHome/mayahome - MobileSpy 4/reviewApp - downpayment(RM)' are matched.

2022-04-21 17:33:24 - [MESSAGE][PASSED] - Actual text and expected text of test object 'Object Repository/MayaHome/mayahome - MobileSpy 4/reviewApp - downpayment(RM)' are matched.

2022-04-21 17:33:24 - [TEST_STEP][PASSED] - getText(findTestObject("MayaHome/mayahome - MobileSpy 4/reviewApp - downpayment(RM)"), 0): Text of element 'Object Repository/MayaHome/mayahome - MobileSpy 4/reviewApp - downpayment(RM)' is: 'RM 20,000.00'

2022-04-21 17:33:24 - [MESSAGE][WARNING] - Timeout '0' is invalid. Using default page load timeout: '20'

2022-04-21 17:33:24 - [MESSAGE][PASSED] - Text of element 'Object Repository/MayaHome/mayahome - MobileSpy 4/reviewApp - downpayment(RM)' is: 'RM 20,000.00'

2022-04-21 17:33:24 - [TEST_STEP][PASSED] - delay(3, STOP_ON_FAILURE): Delayed 3 second(s)

2022-04-21 17:33:27 - [MESSAGE][PASSED] - Delayed 3 second(s)

2022-04-21 17:33:27 - [TEST_STEP][PASSED] - swipe(500, 700, 500, 1700): Swiped from 500,700 to 500,1,700

2022-04-21 17:33:28 - [MESSAGE][PASSED] - Swiped from 500,700 to 500,1,700

2022-04-21 17:33:28 - [TEST_STEP][PASSED] - tap(findTestObject("MayaHome/mayahome - MobileSpy 1/closePropertyApplication - Btn"), 0): Tapped on element 'Object Repository/MayaHome/mayahome - MobileSpy 1/closePropertyApplication - Btn'

2022-04-21 17:33:28 - [MESSAGE][WARNING] - Timeout '0' is invalid. Using default page load timeout: '20'

2022-04-21 17:33:29 - [MESSAGE][PASSED] - Tapped on element 'Object Repository/MayaHome/mayahome - MobileSpy 1/closePropertyApplication - Btn'

2022-04-21 17:33:29 - [TEST_STEP][PASSED] - tap(findTestObject("MayaHome/mayahome - MobileSpy 2/closeSaveProgressBeforeLeaving - Btn"), 0): Tapped on element 'Object Repository/MayaHome/mayahome - MobileSpy 2/closeSaveProgressBeforeLeaving - Btn'

2022-04-21 17:33:29 - [MESSAGE][WARNING] - Timeout '0' is invalid. Using default page load timeout: '20'

2022-04-21 17:33:30 - [MESSAGE][PASSED] - Tapped on element 'Object Repository/MayaHome/mayahome - MobileSpy 2/closeSaveProgressBeforeLeaving - Btn'

2022-04-21 17:33:30 - [TEST_STEP][PASSED] - scrollToText("Request assistance"): Scrolling to text 'Request assistance' successfully

2022-04-21 17:33:36 - [MESSAGE][PASSED] - Scrolling to text 'Request assistance' successfully

2022-04-21 17:33:36 - [TEST_STEP][PASSED] - tap(findTestObject("MayaHome/mayahome - MobileSpy 2/applynow - Btn"), 0): Tapped on element 'Object Repository/MayaHome/mayahome - MobileSpy 2/applynow - Btn'

2022-04-21 17:33:36 - [MESSAGE][WARNING] - Timeout '0' is invalid. Using default page load timeout: '20'

2022-04-21 17:33:37 - [MESSAGE][PASSED] - Tapped on element 'Object Repository/MayaHome/mayahome - MobileSpy 2/applynow - Btn'

2022-04-21 17:33:37 - [TEST_STEP][PASSED] - hideKeyboard(): Keyboard is hidden

2022-04-21 17:33:37 - [MESSAGE][PASSED] - Keyboard is hidden

2022-04-21 17:33:37 - [TEST_STEP][ERROR] - callTestCase(findTestCase("MayaHome/mayahome_AIPsubmission"), null): Test Cases/MayaHome/mayahome_CEReviewApplication FAILED.
Reason:
com.kms.katalon.core.exception.StepErrorException: Call Test Case 'Test Cases/MayaHome/mayahome_AIPsubmission' failed because of error(s)
	at com.kms.katalon.core.keyword.builtin.CallTestCaseKeyword$_callTestCase_closure1.doCall(CallTestCaseKeyword.groovy:66)
	at com.kms.katalon.core.keyword.builtin.CallTestCaseKeyword$_callTestCase_closure1.call(CallTestCaseKeyword.groovy)
	at com.kms.katalon.core.keyword.internal.KeywordMain.runKeyword(KeywordMain.groovy:74)
	at com.kms.katalon.core.keyword.builtin.CallTestCaseKeyword.callTestCase(CallTestCaseKeyword.groovy:81)
	at com.kms.katalon.core.keyword.builtin.CallTestCaseKeyword.execute(CallTestCaseKeyword.groovy:44)
	at com.kms.katalon.core.keyword.internal.KeywordExecutor.executeKeywordForPlatform(KeywordExecutor.groovy:74)
	at com.kms.katalon.core.keyword.BuiltinKeywords.callTestCase(BuiltinKeywords.groovy:350)
	at mayahome_CEReviewApplication.run(mayahome_CEReviewApplication:251)
	at com.kms.katalon.core.main.ScriptEngine.run(ScriptEngine.java:194)
	at com.kms.katalon.core.main.ScriptEngine.runScriptAsRawText(ScriptEngine.java:119)
	at com.kms.katalon.core.main.TestCaseExecutor.runScript(TestCaseExecutor.java:442)
	at com.kms.katalon.core.main.TestCaseExecutor.doExecute(TestCaseExecutor.java:433)
	at com.kms.katalon.core.main.TestCaseExecutor.processExecutionPhase(TestCaseExecutor.java:412)
	at com.kms.katalon.core.main.TestCaseExecutor.accessMainPhase(TestCaseExecutor.java:404)
	at com.kms.katalon.core.main.TestCaseExecutor.execute(TestCaseExecutor.java:281)
	at com.kms.katalon.core.main.TestSuiteExecutor.accessTestCaseMainPhase(TestSuiteExecutor.java:202)
	at com.kms.katalon.core.main.TestSuiteExecutor.accessTestSuiteMainPhase(TestSuiteExecutor.java:164)
	at com.kms.katalon.core.main.TestSuiteExecutor.execute(TestSuiteExecutor.java:105)
	at com.kms.katalon.core.main.TestCaseMain.startTestSuite(TestCaseMain.java:181)
	at com.kms.katalon.core.main.TestCaseMain$startTestSuite$0.call(Unknown Source)
	at TempTestSuite1650533300959.run(TempTestSuite1650533300959.groovy:36)
Caused by: groovy.lang.MissingPropertyException: No such property: loanAmount for class: Script1650441755939
	at mayahome_AIPsubmission.run(mayahome_AIPsubmission:269)
	at com.kms.katalon.core.main.ScriptEngine.run(ScriptEngine.java:194)
	at com.kms.katalon.core.main.ScriptEngine.runScriptAsRawText(ScriptEngine.java:119)
	at com.kms.katalon.core.main.TestCaseExecutor.runScript(TestCaseExecutor.java:442)
	at com.kms.katalon.core.main.TestCaseExecutor.doExecute(TestCaseExecutor.java:433)
	at com.kms.katalon.core.main.TestCaseExecutor.processExecutionPhase(TestCaseExecutor.java:412)
	at com.kms.katalon.core.main.TestCaseExecutor.accessMainPhase(TestCaseExecutor.java:404)
	at com.kms.katalon.core.main.TestCaseExecutor.execute(TestCaseExecutor.java:281)
	at com.kms.katalon.core.main.TestCaseMain.runTestCase(TestCaseMain.java:138)
	at com.kms.katalon.core.keyword.builtin.CallTestCaseKeyword$_callTestCase_closure1.doCall(CallTestCaseKeyword.groovy:59)
	... 20 more


2022-04-21 17:33:37 - [TEST_CASE][ERROR] - Test Cases/MayaHome/mayahome_AIPsubmission: Test Cases/MayaHome/mayahome_AIPsubmission FAILED.
Reason:
groovy.lang.MissingPropertyException: No such property: loanAmount for class: Script1650441755939
	at mayahome_AIPsubmission.run(mayahome_AIPsubmission:269)
	at com.kms.katalon.core.main.ScriptEngine.run(ScriptEngine.java:194)
	at com.kms.katalon.core.main.ScriptEngine.runScriptAsRawText(ScriptEngine.java:119)
	at com.kms.katalon.core.main.TestCaseExecutor.runScript(TestCaseExecutor.java:442)
	at com.kms.katalon.core.main.TestCaseExecutor.doExecute(TestCaseExecutor.java:433)
	at com.kms.katalon.core.main.TestCaseExecutor.processExecutionPhase(TestCaseExecutor.java:412)
	at com.kms.katalon.core.main.TestCaseExecutor.accessMainPhase(TestCaseExecutor.java:404)
	at com.kms.katalon.core.main.TestCaseExecutor.execute(TestCaseExecutor.java:281)
	at com.kms.katalon.core.main.TestCaseMain.runTestCase(TestCaseMain.java:138)
	at com.kms.katalon.core.keyword.builtin.CallTestCaseKeyword$_callTestCase_closure1.doCall(CallTestCaseKeyword.groovy:59)
	at com.kms.katalon.core.keyword.builtin.CallTestCaseKeyword$_callTestCase_closure1.call(CallTestCaseKeyword.groovy)
	at com.kms.katalon.core.keyword.internal.KeywordMain.runKeyword(KeywordMain.groovy:74)
	at com.kms.katalon.core.keyword.builtin.CallTestCaseKeyword.callTestCase(CallTestCaseKeyword.groovy:81)
	at com.kms.katalon.core.keyword.builtin.CallTestCaseKeyword.execute(CallTestCaseKeyword.groovy:44)
	at com.kms.katalon.core.keyword.internal.KeywordExecutor.executeKeywordForPlatform(KeywordExecutor.groovy:74)
	at com.kms.katalon.core.keyword.BuiltinKeywords.callTestCase(BuiltinKeywords.groovy:350)
	at mayahome_CEReviewApplication.run(mayahome_CEReviewApplication:251)
	at com.kms.katalon.core.main.ScriptEngine.run(ScriptEngine.java:194)
	at com.kms.katalon.core.main.ScriptEngine.runScriptAsRawText(ScriptEngine.java:119)
	at com.kms.katalon.core.main.TestCaseExecutor.runScript(TestCaseExecutor.java:442)
	at com.kms.katalon.core.main.TestCaseExecutor.doExecute(TestCaseExecutor.java:433)
	at com.kms.katalon.core.main.TestCaseExecutor.processExecutionPhase(TestCaseExecutor.java:412)
	at com.kms.katalon.core.main.TestCaseExecutor.accessMainPhase(TestCaseExecutor.java:404)
	at com.kms.katalon.core.main.TestCaseExecutor.execute(TestCaseExecutor.java:281)
	at com.kms.katalon.core.main.TestSuiteExecutor.accessTestCaseMainPhase(TestSuiteExecutor.java:202)
	at com.kms.katalon.core.main.TestSuiteExecutor.accessTestSuiteMainPhase(TestSuiteExecutor.java:164)
	at com.kms.katalon.core.main.TestSuiteExecutor.execute(TestSuiteExecutor.java:105)
	at com.kms.katalon.core.main.TestCaseMain.startTestSuite(TestCaseMain.java:181)
	at com.kms.katalon.core.main.TestCaseMain$startTestSuite$0.call(Unknown Source)
	at TempTestSuite1650533300959.run(TempTestSuite1650533300959.groovy:36)


2022-04-21 17:33:38 - [TEST_STEP][PASSED] - startExistingApplication("com.maybank2u.life.sit", STOP_ON_FAILURE): Starting app with application ID: 'com.maybank2u.life.sit'

2022-04-21 17:33:38 - [MESSAGE][INFO] - User set preference: ['appWaitActivity', '*']

2022-04-21 17:33:38 - [MESSAGE][INFO] - User set preference: ['deviceId', '225ac1ea21057ece']

2022-04-21 17:33:48 - [MESSAGE][PASSED] - Starting app with application ID: 'com.maybank2u.life.sit'

2022-04-21 17:33:48 - [TEST_STEP][PASSED] - setText(findTestObject("Login Onboarding/loginPasswordInputField"), Password, 0): Text 'Pass@9999' has been set to element 'Object Repository/Login Onboarding/loginPasswordInputField'

2022-04-21 17:33:48 - [MESSAGE][WARNING] - Timeout '0' is invalid. Using default page load timeout: '20'

2022-04-21 17:33:51 - [MESSAGE][PASSED] - Text 'Pass@9999' has been set to element 'Object Repository/Login Onboarding/loginPasswordInputField'

2022-04-21 17:33:51 - [TEST_STEP][PASSED] - hideKeyboard(): Keyboard is hidden

2022-04-21 17:33:53 - [MESSAGE][PASSED] - Keyboard is hidden

2022-04-21 17:33:53 - [TEST_STEP][PASSED] - tap(findTestObject("Login Onboarding/loginExistingContinueBtn"), 0): Tapped on element 'Object Repository/Login Onboarding/loginExistingContinueBtn'

2022-04-21 17:33:53 - [MESSAGE][WARNING] - Timeout '0' is invalid. Using default page load timeout: '20'

2022-04-21 17:33:54 - [MESSAGE][PASSED] - Tapped on element 'Object Repository/Login Onboarding/loginExistingContinueBtn'

2022-04-21 17:33:54 - [TEST_STEP][PASSED] - waitForElementPresent(findTestObject("MayaHome/mayahome - MobileSpy 7/applyFinancingAIP - TitleHeader"), 0): Object Object Repository/MayaHome/mayahome - MobileSpy 7/applyFinancingAIP - TitleHeader not found

2022-04-21 17:33:54 - [MESSAGE][WARNING] - Timeout '0' is invalid. Using default page load timeout: '20'

2022-04-21 17:34:14 - [MESSAGE][WARNING] - Object Object Repository/MayaHome/mayahome - MobileSpy 7/applyFinancingAIP - TitleHeader not found

2022-04-21 17:34:14 - [TEST_STEP][PASSED] - verifyElementVisible(findTestObject("MayaHome/mayahome - MobileSpy 7/propertyNameAIP - Header"), 0): Element 'Object Repository/MayaHome/mayahome - MobileSpy 7/propertyNameAIP - Header' is visible

2022-04-21 17:34:14 - [MESSAGE][WARNING] - Timeout '0' is invalid. Using default page load timeout: '20'

2022-04-21 17:34:17 - [MESSAGE][PASSED] - Element 'Object Repository/MayaHome/mayahome - MobileSpy 7/propertyNameAIP - Header' is visible

2022-04-21 17:34:17 - [TEST_STEP][PASSED] - getText(findTestObject("Object Repository/MayaHome/mayahome - MobileSpy 7/propertyNameAIP - Header"), 0): Text of element 'Object Repository/MayaHome/mayahome - MobileSpy 7/propertyNameAIP - Header' is: 'Property name'

2022-04-21 17:34:17 - [MESSAGE][WARNING] - Timeout '0' is invalid. Using default page load timeout: '20'

2022-04-21 17:34:17 - [MESSAGE][PASSED] - Text of element 'Object Repository/MayaHome/mayahome - MobileSpy 7/propertyNameAIP - Header' is: 'Property name'

2022-04-21 17:34:17 - [TEST_STEP][PASSED] - verifyElementVisible(findTestObject("Object Repository/MayaHome/mayahome - MobileSpy 7/unitTypeAIP - Header"), 0): Element 'Object Repository/MayaHome/mayahome - MobileSpy 7/unitTypeAIP - Header' is visible

2022-04-21 17:34:17 - [MESSAGE][WARNING] - Timeout '0' is invalid. Using default page load timeout: '20'

2022-04-21 17:34:18 - [MESSAGE][PASSED] - Element 'Object Repository/MayaHome/mayahome - MobileSpy 7/unitTypeAIP - Header' is visible

2022-04-21 17:34:18 - [TEST_STEP][PASSED] - getText(findTestObject("Object Repository/MayaHome/mayahome - MobileSpy 7/unitTypeAIP - Header"), 0): Text of element 'Object Repository/MayaHome/mayahome - MobileSpy 7/unitTypeAIP - Header' is: 'Unit type'

2022-04-21 17:34:18 - [MESSAGE][WARNING] - Timeout '0' is invalid. Using default page load timeout: '20'

2022-04-21 17:34:18 - [MESSAGE][PASSED] - Text of element 'Object Repository/MayaHome/mayahome - MobileSpy 7/unitTypeAIP - Header' is: 'Unit type'

2022-04-21 17:34:18 - [TEST_STEP][PASSED] - verifyElementVisible(findTestObject("Object Repository/MayaHome/mayahome - MobileSpy 7/propertyPriceAIP - Header"), 0): Element 'Object Repository/MayaHome/mayahome - MobileSpy 7/propertyPriceAIP - Header' is visible

2022-04-21 17:34:18 - [MESSAGE][WARNING] - Timeout '0' is invalid. Using default page load timeout: '20'

2022-04-21 17:34:18 - [MESSAGE][PASSED] - Element 'Object Repository/MayaHome/mayahome - MobileSpy 7/propertyPriceAIP - Header' is visible

2022-04-21 17:34:18 - [TEST_STEP][PASSED] - getText(findTestObject("Object Repository/MayaHome/mayahome - MobileSpy 7/propertyPriceAIP - Header"), 0): Text of element 'Object Repository/MayaHome/mayahome - MobileSpy 7/propertyPriceAIP - Header' is: 'Property price'

2022-04-21 17:34:18 - [MESSAGE][WARNING] - Timeout '0' is invalid. Using default page load timeout: '20'

2022-04-21 17:34:19 - [MESSAGE][PASSED] - Text of element 'Object Repository/MayaHome/mayahome - MobileSpy 7/propertyPriceAIP - Header' is: 'Property price'

2022-04-21 17:34:19 - [TEST_STEP][PASSED] - verifyElementVisible(findTestObject("Object Repository/MayaHome/mayahome - MobileSpy 7/downPaymentAIP - Header"), 0): Element 'Object Repository/MayaHome/mayahome - MobileSpy 7/downPaymentAIP - Header' is visible

2022-04-21 17:34:19 - [MESSAGE][WARNING] - Timeout '0' is invalid. Using default page load timeout: '20'

2022-04-21 17:34:19 - [MESSAGE][PASSED] - Element 'Object Repository/MayaHome/mayahome - MobileSpy 7/downPaymentAIP - Header' is visible

2022-04-21 17:34:19 - [TEST_STEP][PASSED] - getText(findTestObject("Object Repository/MayaHome/mayahome - MobileSpy 7/downPaymentAIP - Header"), 0): Text of element 'Object Repository/MayaHome/mayahome - MobileSpy 7/downPaymentAIP - Header' is: 'Downpayment'

2022-04-21 17:34:19 - [MESSAGE][WARNING] - Timeout '0' is invalid. Using default page load timeout: '20'

2022-04-21 17:34:19 - [MESSAGE][PASSED] - Text of element 'Object Repository/MayaHome/mayahome - MobileSpy 7/downPaymentAIP - Header' is: 'Downpayment'

2022-04-21 17:34:19 - [TEST_STEP][PASSED] - verifyElementVisible(findTestObject("Object Repository/MayaHome/mayahome - MobileSpy 7/loanAmountAIP - Header"), 0): Element 'Object Repository/MayaHome/mayahome - MobileSpy 7/loanAmountAIP - Header' is visible

2022-04-21 17:34:19 - [MESSAGE][WARNING] - Timeout '0' is invalid. Using default page load timeout: '20'

2022-04-21 17:34:20 - [MESSAGE][PASSED] - Element 'Object Repository/MayaHome/mayahome - MobileSpy 7/loanAmountAIP - Header' is visible

2022-04-21 17:34:20 - [TEST_STEP][PASSED] - getText(findTestObject("Object Repository/MayaHome/mayahome - MobileSpy 7/loanAmountAIP - Header"), 0): Text of element 'Object Repository/MayaHome/mayahome - MobileSpy 7/loanAmountAIP - Header' is: 'Property Financing amount'

2022-04-21 17:34:20 - [MESSAGE][WARNING] - Timeout '0' is invalid. Using default page load timeout: '20'

2022-04-21 17:34:20 - [MESSAGE][PASSED] - Text of element 'Object Repository/MayaHome/mayahome - MobileSpy 7/loanAmountAIP - Header' is: 'Property Financing amount'

2022-04-21 17:34:20 - [TEST_STEP][PASSED] - verifyElementVisible(findTestObject("Object Repository/MayaHome/mayahome - MobileSpy 7/loanPeriodAIP - Header"), 0): Element 'Object Repository/MayaHome/mayahome - MobileSpy 7/loanPeriodAIP - Header' is visible

2022-04-21 17:34:20 - [MESSAGE][WARNING] - Timeout '0' is invalid. Using default page load timeout: '20'

2022-04-21 17:34:20 - [MESSAGE][PASSED] - Element 'Object Repository/MayaHome/mayahome - MobileSpy 7/loanPeriodAIP - Header' is visible

2022-04-21 17:34:20 - [TEST_STEP][PASSED] - getText(findTestObject("Object Repository/MayaHome/mayahome - MobileSpy 7/loanPeriodAIP - Header"), 0): Text of element 'Object Repository/MayaHome/mayahome - MobileSpy 7/loanPeriodAIP - Header' is: 'Financing period'

2022-04-21 17:34:20 - [MESSAGE][WARNING] - Timeout '0' is invalid. Using default page load timeout: '20'

2022-04-21 17:34:21 - [MESSAGE][PASSED] - Text of element 'Object Repository/MayaHome/mayahome - MobileSpy 7/loanPeriodAIP - Header' is: 'Financing period'

2022-04-21 17:34:21 - [TEST_STEP][PASSED] - verifyElementVisible(findTestObject("Object Repository/MayaHome/mayahome - MobileSpy 7/residentStatusAIP - Header"), 0): Element 'Object Repository/MayaHome/mayahome - MobileSpy 7/residentStatusAIP - Header' is visible

2022-04-21 17:34:21 - [MESSAGE][WARNING] - Timeout '0' is invalid. Using default page load timeout: '20'

2022-04-21 17:34:21 - [MESSAGE][PASSED] - Element 'Object Repository/MayaHome/mayahome - MobileSpy 7/residentStatusAIP - Header' is visible

2022-04-21 17:34:21 - [TEST_STEP][PASSED] - getText(findTestObject("Object Repository/MayaHome/mayahome - MobileSpy 7/residentStatusAIP - Header"), 0): Text of element 'Object Repository/MayaHome/mayahome - MobileSpy 7/residentStatusAIP - Header' is: 'Resident status'

2022-04-21 17:34:21 - [MESSAGE][WARNING] - Timeout '0' is invalid. Using default page load timeout: '20'

2022-04-21 17:34:21 - [MESSAGE][PASSED] - Text of element 'Object Repository/MayaHome/mayahome - MobileSpy 7/residentStatusAIP - Header' is: 'Resident status'

2022-04-21 17:34:21 - [TEST_STEP][PASSED] - verifyElementVisible(findTestObject("Object Repository/MayaHome/mayahome - MobileSpy 7/educationAIP - Header"), 0): Element 'Object Repository/MayaHome/mayahome - MobileSpy 7/educationAIP - Header' is visible

2022-04-21 17:34:21 - [MESSAGE][WARNING] - Timeout '0' is invalid. Using default page load timeout: '20'

2022-04-21 17:34:22 - [MESSAGE][PASSED] - Element 'Object Repository/MayaHome/mayahome - MobileSpy 7/educationAIP - Header' is visible

2022-04-21 17:34:22 - [TEST_STEP][PASSED] - getText(findTestObject("Object Repository/MayaHome/mayahome - MobileSpy 7/educationAIP - Header"), 0): Text of element 'Object Repository/MayaHome/mayahome - MobileSpy 7/educationAIP - Header' is: 'Education'

2022-04-21 17:34:22 - [MESSAGE][WARNING] - Timeout '0' is invalid. Using default page load timeout: '20'

2022-04-21 17:34:22 - [MESSAGE][PASSED] - Text of element 'Object Repository/MayaHome/mayahome - MobileSpy 7/educationAIP - Header' is: 'Education'

2022-04-21 17:34:22 - [TEST_STEP][PASSED] - verifyElementVisible(findTestObject("Object Repository/MayaHome/mayahome - MobileSpy 7/empStatusAIP - Header"), 0): Element 'Object Repository/MayaHome/mayahome - MobileSpy 7/empStatusAIP - Header' is visible

2022-04-21 17:34:22 - [MESSAGE][WARNING] - Timeout '0' is invalid. Using default page load timeout: '20'

2022-04-21 17:34:23 - [MESSAGE][PASSED] - Element 'Object Repository/MayaHome/mayahome - MobileSpy 7/empStatusAIP - Header' is visible

2022-04-21 17:34:23 - [TEST_STEP][PASSED] - getText(findTestObject("Object Repository/MayaHome/mayahome - MobileSpy 7/empStatusAIP - Header"), 0): Text of element 'Object Repository/MayaHome/mayahome - MobileSpy 7/empStatusAIP - Header' is: 'Employment status'

2022-04-21 17:34:23 - [MESSAGE][WARNING] - Timeout '0' is invalid. Using default page load timeout: '20'

2022-04-21 17:34:23 - [MESSAGE][PASSED] - Text of element 'Object Repository/MayaHome/mayahome - MobileSpy 7/empStatusAIP - Header' is: 'Employment status'

2022-04-21 17:34:23 - [TEST_STEP][PASSED] - verifyElementVisible(findTestObject("Object Repository/MayaHome/mayahome - MobileSpy 7/businessTypeAIP - Header"), 0): Element 'Object Repository/MayaHome/mayahome - MobileSpy 7/businessTypeAIP - Header' is visible

2022-04-21 17:34:23 - [MESSAGE][WARNING] - Timeout '0' is invalid. Using default page load timeout: '20'

2022-04-21 17:34:24 - [MESSAGE][PASSED] - Element 'Object Repository/MayaHome/mayahome - MobileSpy 7/businessTypeAIP - Header' is visible

2022-04-21 17:34:24 - [TEST_STEP][PASSED] - getText(findTestObject("Object Repository/MayaHome/mayahome - MobileSpy 7/businessTypeAIP - Header"), 0): Text of element 'Object Repository/MayaHome/mayahome - MobileSpy 7/businessTypeAIP - Header' is: 'Employment business type'

2022-04-21 17:34:24 - [MESSAGE][WARNING] - Timeout '0' is invalid. Using default page load timeout: '20'

2022-04-21 17:34:24 - [MESSAGE][PASSED] - Text of element 'Object Repository/MayaHome/mayahome - MobileSpy 7/businessTypeAIP - Header' is: 'Employment business type'

2022-04-21 17:34:24 - [TEST_STEP][PASSED] - verifyElementVisible(findTestObject("Object Repository/MayaHome/mayahome - MobileSpy 7/monthlyIncomeAIP - Header"), 0): Element 'Object Repository/MayaHome/mayahome - MobileSpy 7/monthlyIncomeAIP - Header' is visible

2022-04-21 17:34:24 - [MESSAGE][WARNING] - Timeout '0' is invalid. Using default page load timeout: '20'

2022-04-21 17:34:24 - [MESSAGE][PASSED] - Element 'Object Repository/MayaHome/mayahome - MobileSpy 7/monthlyIncomeAIP - Header' is visible

2022-04-21 17:34:24 - [TEST_STEP][PASSED] - getText(findTestObject("Object Repository/MayaHome/mayahome - MobileSpy 7/monthlyIncomeAIP - Header"), 0): Text of element 'Object Repository/MayaHome/mayahome - MobileSpy 7/monthlyIncomeAIP - Header' is: 'Gross monthly income'

2022-04-21 17:34:24 - [MESSAGE][WARNING] - Timeout '0' is invalid. Using default page load timeout: '20'

2022-04-21 17:34:25 - [MESSAGE][PASSED] - Text of element 'Object Repository/MayaHome/mayahome - MobileSpy 7/monthlyIncomeAIP - Header' is: 'Gross monthly income'

2022-04-21 17:34:25 - [TEST_STEP][PASSED] - verifyElementVisible(findTestObject("Object Repository/MayaHome/mayahome - MobileSpy 7/maritalStatusAIP - Header"), 0): Element 'Object Repository/MayaHome/mayahome - MobileSpy 7/maritalStatusAIP - Header' is visible

2022-04-21 17:34:25 - [MESSAGE][WARNING] - Timeout '0' is invalid. Using default page load timeout: '20'

2022-04-21 17:34:25 - [MESSAGE][PASSED] - Element 'Object Repository/MayaHome/mayahome - MobileSpy 7/maritalStatusAIP - Header' is visible

2022-04-21 17:34:25 - [TEST_STEP][PASSED] - getText(findTestObject("Object Repository/MayaHome/mayahome - MobileSpy 7/maritalStatusAIP - Header"), 0): Text of element 'Object Repository/MayaHome/mayahome - MobileSpy 7/maritalStatusAIP - Header' is: 'Marital status'

2022-04-21 17:34:25 - [MESSAGE][WARNING] - Timeout '0' is invalid. Using default page load timeout: '20'

2022-04-21 17:34:25 - [MESSAGE][PASSED] - Text of element 'Object Repository/MayaHome/mayahome - MobileSpy 7/maritalStatusAIP - Header' is: 'Marital status'

2022-04-21 17:34:25 - [TEST_STEP][PASSED] - verifyElementVisible(findTestObject("Object Repository/MayaHome/mayahome - MobileSpy 7/religionAIP - Header"), 0): Element 'Object Repository/MayaHome/mayahome - MobileSpy 7/religionAIP - Header' is visible

2022-04-21 17:34:25 - [MESSAGE][WARNING] - Timeout '0' is invalid. Using default page load timeout: '20'

2022-04-21 17:34:26 - [MESSAGE][PASSED] - Element 'Object Repository/MayaHome/mayahome - MobileSpy 7/religionAIP - Header' is visible

2022-04-21 17:34:26 - [TEST_STEP][PASSED] - getText(findTestObject("Object Repository/MayaHome/mayahome - MobileSpy 7/religionAIP - Header"), 0): Text of element 'Object Repository/MayaHome/mayahome - MobileSpy 7/religionAIP - Header' is: 'Religion'

2022-04-21 17:34:26 - [MESSAGE][WARNING] - Timeout '0' is invalid. Using default page load timeout: '20'

2022-04-21 17:34:26 - [MESSAGE][PASSED] - Text of element 'Object Repository/MayaHome/mayahome - MobileSpy 7/religionAIP - Header' is: 'Religion'

2022-04-21 17:34:26 - [TEST_STEP][PASSED] - verifyElementVisible(findTestObject("Object Repository/MayaHome/mayahome - MobileSpy 7/applyFinancingAIP - TitleHeader"), 0): Element 'Object Repository/MayaHome/mayahome - MobileSpy 7/applyFinancingAIP - TitleHeader' is visible

2022-04-21 17:34:26 - [MESSAGE][WARNING] - Timeout '0' is invalid. Using default page load timeout: '20'

2022-04-21 17:34:26 - [MESSAGE][PASSED] - Element 'Object Repository/MayaHome/mayahome - MobileSpy 7/applyFinancingAIP - TitleHeader' is visible

2022-04-21 17:34:26 - [TEST_STEP][PASSED] - getText(findTestObject("Object Repository/MayaHome/mayahome - MobileSpy 7/applyFinancingAIP - TitleHeader"), 0): Text of element 'Object Repository/MayaHome/mayahome - MobileSpy 7/applyFinancingAIP - TitleHeader' is: 'Apply Financing'

2022-04-21 17:34:26 - [MESSAGE][WARNING] - Timeout '0' is invalid. Using default page load timeout: '20'

2022-04-21 17:34:27 - [MESSAGE][PASSED] - Text of element 'Object Repository/MayaHome/mayahome - MobileSpy 7/applyFinancingAIP - TitleHeader' is: 'Apply Financing'

2022-04-21 17:34:27 - [TEST_STEP][PASSED] - scrollToText("Confirm"): Scrolling to text 'Confirm' successfully

2022-04-21 17:34:30 - [MESSAGE][PASSED] - Scrolling to text 'Confirm' successfully

2022-04-21 17:34:30 - [TEST_STEP][PASSED] - tap(findTestObject("Object Repository/MayaHome/mayahome - MobileSpy 7/confirmNextPageAIP - Btn"), 0): Tapped on element 'Object Repository/MayaHome/mayahome - MobileSpy 7/confirmNextPageAIP - Btn'

2022-04-21 17:34:30 - [MESSAGE][WARNING] - Timeout '0' is invalid. Using default page load timeout: '20'

2022-04-21 17:34:30 - [MESSAGE][PASSED] - Tapped on element 'Object Repository/MayaHome/mayahome - MobileSpy 7/confirmNextPageAIP - Btn'

2022-04-21 17:34:30 - [TEST_STEP][PASSED] - setText(findTestObject("Object Repository/MayaHome/mayahome - MobileSpy 7/unitNumberAIP - Txt"), "1", 0): Text '1' has been set to element 'Object Repository/MayaHome/mayahome - MobileSpy 7/unitNumberAIP - Txt'

2022-04-21 17:34:30 - [MESSAGE][WARNING] - Timeout '0' is invalid. Using default page load timeout: '20'

2022-04-21 17:34:34 - [MESSAGE][PASSED] - Text '1' has been set to element 'Object Repository/MayaHome/mayahome - MobileSpy 7/unitNumberAIP - Txt'

2022-04-21 17:34:34 - [TEST_STEP][PASSED] - hideKeyboard(): Keyboard is hidden

2022-04-21 17:34:35 - [MESSAGE][PASSED] - Keyboard is hidden

2022-04-21 17:34:35 - [TEST_STEP][PASSED] - tap(findTestObject("Object Repository/MayaHome/mayahome - MobileSpy 7/saveAndNextPageAIP - Btn"), 0): Tapped on element 'Object Repository/MayaHome/mayahome - MobileSpy 7/saveAndNextPageAIP - Btn'

2022-04-21 17:34:35 - [MESSAGE][WARNING] - Timeout '0' is invalid. Using default page load timeout: '20'

2022-04-21 17:34:36 - [MESSAGE][PASSED] - Tapped on element 'Object Repository/MayaHome/mayahome - MobileSpy 7/saveAndNextPageAIP - Btn'

2022-04-21 17:34:36 - [TEST_STEP][PASSED] - verifyElementVisible(findTestObject("MayaHome/mayahome - MobileSpy 7/soleOwnerStatementAIP - Header"), 0): Element 'Object Repository/MayaHome/mayahome - MobileSpy 7/soleOwnerStatementAIP - Header' is visible

2022-04-21 17:34:36 - [MESSAGE][WARNING] - Timeout '0' is invalid. Using default page load timeout: '20'

2022-04-21 17:34:40 - [MESSAGE][PASSED] - Element 'Object Repository/MayaHome/mayahome - MobileSpy 7/soleOwnerStatementAIP - Header' is visible

2022-04-21 17:34:40 - [TEST_STEP][PASSED] - tap(findTestObject("MayaHome/mayahome - MobileSpy 7/yesSoleOwnerAIP - Btn"), 0): Tapped on element 'Object Repository/MayaHome/mayahome - MobileSpy 7/yesSoleOwnerAIP - Btn'

2022-04-21 17:34:41 - [MESSAGE][WARNING] - Timeout '0' is invalid. Using default page load timeout: '20'

2022-04-21 17:34:41 - [MESSAGE][PASSED] - Tapped on element 'Object Repository/MayaHome/mayahome - MobileSpy 7/yesSoleOwnerAIP - Btn'

2022-04-21 17:34:41 - [TEST_STEP][PASSED] - verifyElementVisible(findTestObject("Object Repository/MayaHome/mayahome - MobileSpy 7/addCountryAIP - Header"), 0): Element 'Object Repository/MayaHome/mayahome - MobileSpy 7/addCountryAIP - Header' is visible

2022-04-21 17:34:41 - [MESSAGE][WARNING] - Timeout '0' is invalid. Using default page load timeout: '20'

2022-04-21 17:34:44 - [MESSAGE][PASSED] - Element 'Object Repository/MayaHome/mayahome - MobileSpy 7/addCountryAIP - Header' is visible

2022-04-21 17:34:44 - [TEST_STEP][PASSED] - verifyElementVisible(findTestObject("Object Repository/MayaHome/mayahome - MobileSpy 7/addLine1AIP - Header"), 0): Element 'Object Repository/MayaHome/mayahome - MobileSpy 7/addLine1AIP - Header' is visible

2022-04-21 17:34:44 - [MESSAGE][WARNING] - Timeout '0' is invalid. Using default page load timeout: '20'

2022-04-21 17:34:44 - [MESSAGE][PASSED] - Element 'Object Repository/MayaHome/mayahome - MobileSpy 7/addLine1AIP - Header' is visible

2022-04-21 17:34:44 - [TEST_STEP][PASSED] - verifyElementVisible(findTestObject("Object Repository/MayaHome/mayahome - MobileSpy 7/addLine2AIP - Header"), 0): Element 'Object Repository/MayaHome/mayahome - MobileSpy 7/addLine2AIP - Header' is visible

2022-04-21 17:34:44 - [MESSAGE][WARNING] - Timeout '0' is invalid. Using default page load timeout: '20'

2022-04-21 17:34:45 - [MESSAGE][PASSED] - Element 'Object Repository/MayaHome/mayahome - MobileSpy 7/addLine2AIP - Header' is visible

2022-04-21 17:34:45 - [TEST_STEP][PASSED] - verifyElementVisible(findTestObject("Object Repository/MayaHome/mayahome - MobileSpy 7/cityAIP - Header"), 0): Element 'Object Repository/MayaHome/mayahome - MobileSpy 7/cityAIP - Header' is visible

2022-04-21 17:34:45 - [MESSAGE][WARNING] - Timeout '0' is invalid. Using default page load timeout: '20'

2022-04-21 17:34:45 - [MESSAGE][PASSED] - Element 'Object Repository/MayaHome/mayahome - MobileSpy 7/cityAIP - Header' is visible

2022-04-21 17:34:45 - [TEST_STEP][PASSED] - scrollToText("State"): Scrolling to text 'State' successfully

2022-04-21 17:34:48 - [MESSAGE][PASSED] - Scrolling to text 'State' successfully

2022-04-21 17:34:48 - [TEST_STEP][PASSED] - verifyElementVisible(findTestObject("Object Repository/MayaHome/mayahome - MobileSpy 7/postcodeAIP - Header"), 0): Element 'Object Repository/MayaHome/mayahome - MobileSpy 7/postcodeAIP - Header' is visible

2022-04-21 17:34:48 - [MESSAGE][WARNING] - Timeout '0' is invalid. Using default page load timeout: '20'

2022-04-21 17:34:49 - [MESSAGE][PASSED] - Element 'Object Repository/MayaHome/mayahome - MobileSpy 7/postcodeAIP - Header' is visible

2022-04-21 17:34:49 - [TEST_STEP][PASSED] - verifyElementVisible(findTestObject("Object Repository/MayaHome/mayahome - MobileSpy 7/stateAIP - Header"), 0): Element 'Object Repository/MayaHome/mayahome - MobileSpy 7/stateAIP - Header' is visible

2022-04-21 17:34:49 - [MESSAGE][WARNING] - Timeout '0' is invalid. Using default page load timeout: '20'

2022-04-21 17:34:50 - [MESSAGE][PASSED] - Element 'Object Repository/MayaHome/mayahome - MobileSpy 7/stateAIP - Header' is visible

2022-04-21 17:34:50 - [TEST_STEP][PASSED] - tap(findTestObject("Object Repository/MayaHome/mayahome - MobileSpy 7/saveAndNextPageAIP - Btn"), 0): Tapped on element 'Object Repository/MayaHome/mayahome - MobileSpy 7/saveAndNextPageAIP - Btn'

2022-04-21 17:34:50 - [MESSAGE][WARNING] - Timeout '0' is invalid. Using default page load timeout: '20'

2022-04-21 17:34:50 - [MESSAGE][PASSED] - Tapped on element 'Object Repository/MayaHome/mayahome - MobileSpy 7/saveAndNextPageAIP - Btn'

2022-04-21 17:34:50 - [TEST_STEP][PASSED] - waitForElementPresent(findTestObject("MayaHome/mayahome - MobileSpy 7/propertyNameandUnitTypeAIP - Header"), 0): Element 'Object Repository/MayaHome/mayahome - MobileSpy 7/propertyNameandUnitTypeAIP - Header' is present

2022-04-21 17:34:50 - [MESSAGE][WARNING] - Timeout '0' is invalid. Using default page load timeout: '20'

2022-04-21 17:34:54 - [MESSAGE][PASSED] - Element 'Object Repository/MayaHome/mayahome - MobileSpy 7/propertyNameandUnitTypeAIP - Header' is present

2022-04-21 17:34:54 - [TEST_STEP][PASSED] - hideKeyboard(): Keyboard is hidden

2022-04-21 17:34:55 - [MESSAGE][PASSED] - Keyboard is hidden

2022-04-21 17:34:55 - [TEST_STEP][PASSED] - verifyElementVisible(findTestObject("Object Repository/MayaHome/mayahome - MobileSpy 7/occupationAIP - Header"), 0): Element 'Object Repository/MayaHome/mayahome - MobileSpy 7/occupationAIP - Header' is visible

2022-04-21 17:34:55 - [MESSAGE][WARNING] - Timeout '0' is invalid. Using default page load timeout: '20'

2022-04-21 17:34:56 - [MESSAGE][PASSED] - Element 'Object Repository/MayaHome/mayahome - MobileSpy 7/occupationAIP - Header' is visible

2022-04-21 17:34:56 - [TEST_STEP][PASSED] - verifyElementVisible(findTestObject("Object Repository/MayaHome/mayahome - MobileSpy 7/employerNameAIP - Header"), 0): Element 'Object Repository/MayaHome/mayahome - MobileSpy 7/employerNameAIP - Header' is visible

2022-04-21 17:34:56 - [MESSAGE][WARNING] - Timeout '0' is invalid. Using default page load timeout: '20'

2022-04-21 17:34:56 - [MESSAGE][PASSED] - Element 'Object Repository/MayaHome/mayahome - MobileSpy 7/employerNameAIP - Header' is visible

2022-04-21 17:34:56 - [TEST_STEP][PASSED] - verifyElementVisible(findTestObject("Object Repository/MayaHome/mayahome - MobileSpy 7/occupationSectorAIP - Header"), 0): Element 'Object Repository/MayaHome/mayahome - MobileSpy 7/occupationSectorAIP - Header' is visible

2022-04-21 17:34:56 - [MESSAGE][WARNING] - Timeout '0' is invalid. Using default page load timeout: '20'

2022-04-21 17:34:56 - [MESSAGE][PASSED] - Element 'Object Repository/MayaHome/mayahome - MobileSpy 7/occupationSectorAIP - Header' is visible

2022-04-21 17:34:56 - [TEST_STEP][PASSED] - verifyElementVisible(findTestObject("Object Repository/MayaHome/mayahome - MobileSpy 7/workingExperienceAIP - Header"), 0): Element 'Object Repository/MayaHome/mayahome - MobileSpy 7/workingExperienceAIP - Header' is visible

2022-04-21 17:34:56 - [MESSAGE][WARNING] - Timeout '0' is invalid. Using default page load timeout: '20'

2022-04-21 17:34:56 - [MESSAGE][PASSED] - Element 'Object Repository/MayaHome/mayahome - MobileSpy 7/workingExperienceAIP - Header' is visible

2022-04-21 17:34:56 - [TEST_STEP][PASSED] - delay(2, STOP_ON_FAILURE): Delayed 2 second(s)

2022-04-21 17:34:58 - [MESSAGE][PASSED] - Delayed 2 second(s)

2022-04-21 17:34:58 - [TEST_STEP][PASSED] - doubleTap(findTestObject("MayaHome/mayahome - MobileSpy 7/workingExpYearsAIP - dropDownBtn"), 0): Double tapped on element 'Object Repository/MayaHome/mayahome - MobileSpy 7/workingExpYearsAIP - dropDownBtn'

2022-04-21 17:34:58 - [MESSAGE][WARNING] - Timeout '0' is invalid. Using default page load timeout: '20'

2022-04-21 17:35:00 - [MESSAGE][PASSED] - Double tapped on element 'Object Repository/MayaHome/mayahome - MobileSpy 7/workingExpYearsAIP - dropDownBtn'

2022-04-21 17:35:00 - [TEST_STEP][PASSED] - scrollToText("10 years"): Scrolling to text '10 years' successfully

2022-04-21 17:35:08 - [MESSAGE][PASSED] - Scrolling to text '10 years' successfully

2022-04-21 17:35:08 - [TEST_STEP][PASSED] - tap(findTestObject("Object Repository/MayaHome/mayahome - MobileSpy 7/10yearsWorkExp- optionDropdownBtn"), 0): Tapped on element 'Object Repository/MayaHome/mayahome - MobileSpy 7/10yearsWorkExp- optionDropdownBtn'

2022-04-21 17:35:08 - [MESSAGE][WARNING] - Timeout '0' is invalid. Using default page load timeout: '20'

2022-04-21 17:35:09 - [MESSAGE][PASSED] - Tapped on element 'Object Repository/MayaHome/mayahome - MobileSpy 7/10yearsWorkExp- optionDropdownBtn'

2022-04-21 17:35:09 - [TEST_STEP][PASSED] - delay(2, STOP_ON_FAILURE): Delayed 2 second(s)

2022-04-21 17:35:11 - [MESSAGE][PASSED] - Delayed 2 second(s)

2022-04-21 17:35:11 - [TEST_STEP][PASSED] - tap(findTestObject("Object Repository/MayaHome/mayahome - MobileSpy 7/done - dropDownBtn"), 0): Tapped on element 'Object Repository/MayaHome/mayahome - MobileSpy 7/done - dropDownBtn'

2022-04-21 17:35:11 - [MESSAGE][WARNING] - Timeout '0' is invalid. Using default page load timeout: '20'

2022-04-21 17:35:12 - [MESSAGE][PASSED] - Tapped on element 'Object Repository/MayaHome/mayahome - MobileSpy 7/done - dropDownBtn'

2022-04-21 17:35:12 - [TEST_STEP][PASSED] - doubleTap(findTestObject("Object Repository/MayaHome/mayahome - MobileSpy 7/workingExpMonthsAIP - dropDownBtn"), 0): Double tapped on element 'Object Repository/MayaHome/mayahome - MobileSpy 7/workingExpMonthsAIP - dropDownBtn'

2022-04-21 17:35:12 - [MESSAGE][WARNING] - Timeout '0' is invalid. Using default page load timeout: '20'

2022-04-21 17:35:14 - [MESSAGE][PASSED] - Double tapped on element 'Object Repository/MayaHome/mayahome - MobileSpy 7/workingExpMonthsAIP - dropDownBtn'

2022-04-21 17:35:14 - [TEST_STEP][PASSED] - tap(findTestObject("Object Repository/MayaHome/mayahome - MobileSpy 7/done - dropDownBtn"), 0): Tapped on element 'Object Repository/MayaHome/mayahome - MobileSpy 7/done - dropDownBtn'

2022-04-21 17:35:14 - [MESSAGE][WARNING] - Timeout '0' is invalid. Using default page load timeout: '20'

2022-04-21 17:35:14 - [MESSAGE][PASSED] - Tapped on element 'Object Repository/MayaHome/mayahome - MobileSpy 7/done - dropDownBtn'

2022-04-21 17:35:14 - [TEST_STEP][PASSED] - tap(findTestObject("MayaHome/mayahome - MobileSpy 7/saveAndNextPageAIP - Btn"), 0): Tapped on element 'Object Repository/MayaHome/mayahome - MobileSpy 7/saveAndNextPageAIP - Btn'

2022-04-21 17:35:14 - [MESSAGE][WARNING] - Timeout '0' is invalid. Using default page load timeout: '20'

2022-04-21 17:35:15 - [MESSAGE][PASSED] - Tapped on element 'Object Repository/MayaHome/mayahome - MobileSpy 7/saveAndNextPageAIP - Btn'

2022-04-21 17:35:15 - [TEST_STEP][PASSED] - verifyElementVisible(findTestObject("MayaHome/mayahome - MobileSpy 7/addCountryAIP - Header"), 0): Element 'Object Repository/MayaHome/mayahome - MobileSpy 7/addCountryAIP - Header' is visible

2022-04-21 17:35:15 - [MESSAGE][WARNING] - Timeout '0' is invalid. Using default page load timeout: '20'

2022-04-21 17:35:19 - [MESSAGE][PASSED] - Element 'Object Repository/MayaHome/mayahome - MobileSpy 7/addCountryAIP - Header' is visible

2022-04-21 17:35:19 - [TEST_STEP][PASSED] - verifyElementVisible(findTestObject("MayaHome/mayahome - MobileSpy 7/addLine1AIP - Header"), 0): Element 'Object Repository/MayaHome/mayahome - MobileSpy 7/addLine1AIP - Header' is visible

2022-04-21 17:35:19 - [MESSAGE][WARNING] - Timeout '0' is invalid. Using default page load timeout: '20'

2022-04-21 17:35:19 - [MESSAGE][PASSED] - Element 'Object Repository/MayaHome/mayahome - MobileSpy 7/addLine1AIP - Header' is visible

2022-04-21 17:35:19 - [TEST_STEP][PASSED] - verifyElementVisible(findTestObject("MayaHome/mayahome - MobileSpy 7/addLine2AIP - Header"), 0): Element 'Object Repository/MayaHome/mayahome - MobileSpy 7/addLine2AIP - Header' is visible

2022-04-21 17:35:19 - [MESSAGE][WARNING] - Timeout '0' is invalid. Using default page load timeout: '20'

2022-04-21 17:35:20 - [MESSAGE][PASSED] - Element 'Object Repository/MayaHome/mayahome - MobileSpy 7/addLine2AIP - Header' is visible

2022-04-21 17:35:20 - [TEST_STEP][PASSED] - verifyElementVisible(findTestObject("MayaHome/mayahome - MobileSpy 7/cityAIP - Header"), 0): Element 'Object Repository/MayaHome/mayahome - MobileSpy 7/cityAIP - Header' is visible

2022-04-21 17:35:20 - [MESSAGE][WARNING] - Timeout '0' is invalid. Using default page load timeout: '20'

2022-04-21 17:35:20 - [MESSAGE][PASSED] - Element 'Object Repository/MayaHome/mayahome - MobileSpy 7/cityAIP - Header' is visible

2022-04-21 17:35:20 - [TEST_STEP][PASSED] - scrollToText("Contact number"): Scrolling to text 'Contact number' successfully

2022-04-21 17:35:23 - [MESSAGE][PASSED] - Scrolling to text 'Contact number' successfully

2022-04-21 17:35:23 - [TEST_STEP][PASSED] - verifyElementVisible(findTestObject("Object Repository/MayaHome/mayahome - MobileSpy 7/postcodeAIP - Header"), 0): Element 'Object Repository/MayaHome/mayahome - MobileSpy 7/postcodeAIP - Header' is visible

2022-04-21 17:35:23 - [MESSAGE][WARNING] - Timeout '0' is invalid. Using default page load timeout: '20'

2022-04-21 17:35:23 - [MESSAGE][PASSED] - Element 'Object Repository/MayaHome/mayahome - MobileSpy 7/postcodeAIP - Header' is visible

2022-04-21 17:35:23 - [TEST_STEP][PASSED] - verifyElementVisible(findTestObject("Object Repository/MayaHome/mayahome - MobileSpy 7/stateAIP - Header"), 0): Element 'Object Repository/MayaHome/mayahome - MobileSpy 7/stateAIP - Header' is visible

2022-04-21 17:35:23 - [MESSAGE][WARNING] - Timeout '0' is invalid. Using default page load timeout: '20'

2022-04-21 17:35:24 - [MESSAGE][PASSED] - Element 'Object Repository/MayaHome/mayahome - MobileSpy 7/stateAIP - Header' is visible

2022-04-21 17:35:24 - [TEST_STEP][PASSED] - verifyElementVisible(findTestObject("MayaHome/mayahome - MobileSpy 7/contactNumberAIP - Header"), 0): Element 'Object Repository/MayaHome/mayahome - MobileSpy 7/contactNumberAIP - Header' is visible

2022-04-21 17:35:24 - [MESSAGE][WARNING] - Timeout '0' is invalid. Using default page load timeout: '20'

2022-04-21 17:35:24 - [MESSAGE][PASSED] - Element 'Object Repository/MayaHome/mayahome - MobileSpy 7/contactNumberAIP - Header' is visible

2022-04-21 17:35:24 - [TEST_STEP][PASSED] - tap(findTestObject("MayaHome/mayahome - MobileSpy 7/saveAndNextPageAIP - Btn"), 0): Tapped on element 'Object Repository/MayaHome/mayahome - MobileSpy 7/saveAndNextPageAIP - Btn'

2022-04-21 17:35:24 - [MESSAGE][WARNING] - Timeout '0' is invalid. Using default page load timeout: '20'

2022-04-21 17:35:24 - [MESSAGE][PASSED] - Tapped on element 'Object Repository/MayaHome/mayahome - MobileSpy 7/saveAndNextPageAIP - Btn'

2022-04-21 17:35:24 - [TEST_STEP][PASSED] - verifyElementVisible(findTestObject("Object Repository/MayaHome/mayahome - MobileSpy 7/islamicFinanceAIP - Header"), 0): Element 'Object Repository/MayaHome/mayahome - MobileSpy 7/islamicFinanceAIP - Header' is visible

2022-04-21 17:35:24 - [MESSAGE][WARNING] - Timeout '0' is invalid. Using default page load timeout: '20'

2022-04-21 17:35:27 - [MESSAGE][PASSED] - Element 'Object Repository/MayaHome/mayahome - MobileSpy 7/islamicFinanceAIP - Header' is visible

2022-04-21 17:35:27 - [TEST_STEP][PASSED] - verifyElementVisible(findTestObject("Object Repository/MayaHome/mayahome - MobileSpy 7/islamicFinanceDetail1AIP - Header"), 0): Element 'Object Repository/MayaHome/mayahome - MobileSpy 7/islamicFinanceDetail1AIP - Header' is visible

2022-04-21 17:35:27 - [MESSAGE][WARNING] - Timeout '0' is invalid. Using default page load timeout: '20'

2022-04-21 17:35:28 - [MESSAGE][PASSED] - Element 'Object Repository/MayaHome/mayahome - MobileSpy 7/islamicFinanceDetail1AIP - Header' is visible

2022-04-21 17:35:28 - [TEST_STEP][PASSED] - verifyElementVisible(findTestObject("Object Repository/MayaHome/mayahome - MobileSpy 7/islamicFinanceDetail2AIP - Header"), 0): Element 'Object Repository/MayaHome/mayahome - MobileSpy 7/islamicFinanceDetail2AIP - Header' is visible

2022-04-21 17:35:28 - [MESSAGE][WARNING] - Timeout '0' is invalid. Using default page load timeout: '20'

2022-04-21 17:35:28 - [MESSAGE][PASSED] - Element 'Object Repository/MayaHome/mayahome - MobileSpy 7/islamicFinanceDetail2AIP - Header' is visible

2022-04-21 17:35:28 - [TEST_STEP][PASSED] - verifyElementVisible(findTestObject("Object Repository/MayaHome/mayahome - MobileSpy 7/islamicFinanceDetail3AIP - Header"), 0): Element 'Object Repository/MayaHome/mayahome - MobileSpy 7/islamicFinanceDetail3AIP - Header' is visible

2022-04-21 17:35:28 - [MESSAGE][WARNING] - Timeout '0' is invalid. Using default page load timeout: '20'

2022-04-21 17:35:28 - [MESSAGE][PASSED] - Element 'Object Repository/MayaHome/mayahome - MobileSpy 7/islamicFinanceDetail3AIP - Header' is visible

2022-04-21 17:35:28 - [TEST_STEP][PASSED] - verifyElementVisible(findTestObject("Object Repository/MayaHome/mayahome - MobileSpy 7/conventionalFinanceAIP - Header"), 0): Element 'Object Repository/MayaHome/mayahome - MobileSpy 7/conventionalFinanceAIP - Header' is visible

2022-04-21 17:35:28 - [MESSAGE][WARNING] - Timeout '0' is invalid. Using default page load timeout: '20'

2022-04-21 17:35:28 - [MESSAGE][PASSED] - Element 'Object Repository/MayaHome/mayahome - MobileSpy 7/conventionalFinanceAIP - Header' is visible

2022-04-21 17:35:28 - [TEST_STEP][PASSED] - verifyElementVisible(findTestObject("Object Repository/MayaHome/mayahome - MobileSpy 7/conventionalFinanceDetail1AIP - Header"), 0): Element 'Object Repository/MayaHome/mayahome - MobileSpy 7/conventionalFinanceDetail1AIP - Header' is visible

2022-04-21 17:35:28 - [MESSAGE][WARNING] - Timeout '0' is invalid. Using default page load timeout: '20'

2022-04-21 17:35:29 - [MESSAGE][PASSED] - Element 'Object Repository/MayaHome/mayahome - MobileSpy 7/conventionalFinanceDetail1AIP - Header' is visible

2022-04-21 17:35:29 - [TEST_STEP][PASSED] - verifyElementVisible(findTestObject("Object Repository/MayaHome/mayahome - MobileSpy 7/conventionalFinanceDetail2AIP - Header"), 0): Element 'Object Repository/MayaHome/mayahome - MobileSpy 7/conventionalFinanceDetail2AIP - Header' is visible

2022-04-21 17:35:29 - [MESSAGE][WARNING] - Timeout '0' is invalid. Using default page load timeout: '20'

2022-04-21 17:35:29 - [MESSAGE][PASSED] - Element 'Object Repository/MayaHome/mayahome - MobileSpy 7/conventionalFinanceDetail2AIP - Header' is visible

2022-04-21 17:35:29 - [TEST_STEP][PASSED] - verifyElementVisible(findTestObject("Object Repository/MayaHome/mayahome - MobileSpy 7/conventionalFinanceDetail3AIP - Header"), 0): Element 'Object Repository/MayaHome/mayahome - MobileSpy 7/conventionalFinanceDetail3AIP - Header' is visible

2022-04-21 17:35:29 - [MESSAGE][WARNING] - Timeout '0' is invalid. Using default page load timeout: '20'

2022-04-21 17:35:29 - [MESSAGE][PASSED] - Element 'Object Repository/MayaHome/mayahome - MobileSpy 7/conventionalFinanceDetail3AIP - Header' is visible

2022-04-21 17:35:29 - [TEST_STEP][PASSED] - tap(findTestObject("Object Repository/MayaHome/mayahome - MobileSpy 7/islamicFinanceAIP - tickBoxBtn"), 0): Tapped on element 'Object Repository/MayaHome/mayahome - MobileSpy 7/islamicFinanceAIP - tickBoxBtn'

2022-04-21 17:35:29 - [MESSAGE][WARNING] - Timeout '0' is invalid. Using default page load timeout: '20'

2022-04-21 17:35:29 - [MESSAGE][PASSED] - Tapped on element 'Object Repository/MayaHome/mayahome - MobileSpy 7/islamicFinanceAIP - tickBoxBtn'

2022-04-21 17:35:29 - [TEST_STEP][PASSED] - tap(findTestObject("MayaHome/mayahome - MobileSpy 7/saveAndNextPageAIP - Btn"), 0): Tapped on element 'Object Repository/MayaHome/mayahome - MobileSpy 7/saveAndNextPageAIP - Btn'

2022-04-21 17:35:30 - [MESSAGE][WARNING] - Timeout '0' is invalid. Using default page load timeout: '20'

2022-04-21 17:35:30 - [MESSAGE][PASSED] - Tapped on element 'Object Repository/MayaHome/mayahome - MobileSpy 7/saveAndNextPageAIP - Btn'

2022-04-21 17:35:30 - [TEST_STEP][PASSED] - verifyElementVisible(findTestObject("Object Repository/MayaHome/mayahome - MobileSpy 7/commodityMurabahahHomeFinancing-i - Header"), 0): Element 'Object Repository/MayaHome/mayahome - MobileSpy 7/commodityMurabahahHomeFinancing-i - Header' is visible

2022-04-21 17:35:30 - [MESSAGE][WARNING] - Timeout '0' is invalid. Using default page load timeout: '20'

2022-04-21 17:35:33 - [MESSAGE][PASSED] - Element 'Object Repository/MayaHome/mayahome - MobileSpy 7/commodityMurabahahHomeFinancing-i - Header' is visible

2022-04-21 17:35:33 - [TEST_STEP][PASSED] - tap(findTestObject("Object Repository/MayaHome/mayahome - MobileSpy 7/selectThisPlanAIP - Btn"), 0): Tapped on element 'Object Repository/MayaHome/mayahome - MobileSpy 7/selectThisPlanAIP - Btn'

2022-04-21 17:35:33 - [MESSAGE][WARNING] - Timeout '0' is invalid. Using default page load timeout: '20'

2022-04-21 17:35:34 - [MESSAGE][PASSED] - Tapped on element 'Object Repository/MayaHome/mayahome - MobileSpy 7/selectThisPlanAIP - Btn'

2022-04-21 17:35:34 - [TEST_STEP][PASSED] - tap(findTestObject("Object Repository/MayaHome/mayahome - MobileSpy 7/Agreement1AIP - tickBoxBtn"), 0): Tapped on element 'Object Repository/MayaHome/mayahome - MobileSpy 7/Agreement1AIP - tickBoxBtn'

2022-04-21 17:35:34 - [MESSAGE][WARNING] - Timeout '0' is invalid. Using default page load timeout: '20'

2022-04-21 17:35:39 - [MESSAGE][PASSED] - Tapped on element 'Object Repository/MayaHome/mayahome - MobileSpy 7/Agreement1AIP - tickBoxBtn'

2022-04-21 17:35:39 - [TEST_STEP][PASSED] - tap(findTestObject("Object Repository/MayaHome/mayahome - MobileSpy 7/Agreement2AIP - tickBoxBtn"), 0): Tapped on element 'Object Repository/MayaHome/mayahome - MobileSpy 7/Agreement2AIP - tickBoxBtn'

2022-04-21 17:35:39 - [MESSAGE][WARNING] - Timeout '0' is invalid. Using default page load timeout: '20'

2022-04-21 17:35:40 - [MESSAGE][PASSED] - Tapped on element 'Object Repository/MayaHome/mayahome - MobileSpy 7/Agreement2AIP - tickBoxBtn'

2022-04-21 17:35:40 - [TEST_STEP][PASSED] - tap(findTestObject("Object Repository/MayaHome/mayahome - MobileSpy 7/Agreement3AIP - tickBoxBtn"), 0): Tapped on element 'Object Repository/MayaHome/mayahome - MobileSpy 7/Agreement3AIP - tickBoxBtn'

2022-04-21 17:35:40 - [MESSAGE][WARNING] - Timeout '0' is invalid. Using default page load timeout: '20'

2022-04-21 17:35:41 - [MESSAGE][PASSED] - Tapped on element 'Object Repository/MayaHome/mayahome - MobileSpy 7/Agreement3AIP - tickBoxBtn'

2022-04-21 17:35:41 - [TEST_STEP][PASSED] - swipe(500, 1500, 500, 500): Swiped from 500,1,500 to 500,500

2022-04-21 17:35:42 - [MESSAGE][PASSED] - Swiped from 500,1,500 to 500,500

2022-04-21 17:35:42 - [TEST_STEP][PASSED] - tap(findTestObject("Object Repository/MayaHome/mayahome - MobileSpy 7/Agreement4AIP - tickBoxBtn"), 0): Tapped on element 'Object Repository/MayaHome/mayahome - MobileSpy 7/Agreement4AIP - tickBoxBtn'

2022-04-21 17:35:42 - [MESSAGE][WARNING] - Timeout '0' is invalid. Using default page load timeout: '20'

2022-04-21 17:35:43 - [MESSAGE][PASSED] - Tapped on element 'Object Repository/MayaHome/mayahome - MobileSpy 7/Agreement4AIP - tickBoxBtn'

2022-04-21 17:35:43 - [TEST_STEP][PASSED] - tap(findTestObject("Object Repository/MayaHome/mayahome - MobileSpy 7/yesAgreement4AIP - tickBoxBtn"), 0): Tapped on element 'Object Repository/MayaHome/mayahome - MobileSpy 7/yesAgreement4AIP - tickBoxBtn'

2022-04-21 17:35:43 - [MESSAGE][WARNING] - Timeout '0' is invalid. Using default page load timeout: '20'

2022-04-21 17:35:44 - [MESSAGE][PASSED] - Tapped on element 'Object Repository/MayaHome/mayahome - MobileSpy 7/yesAgreement4AIP - tickBoxBtn'

2022-04-21 17:35:44 - [TEST_STEP][PASSED] - tap(findTestObject("Object Repository/MayaHome/mayahome - MobileSpy 7/Agreement5AIP - tickBoxBtn"), 0): Tapped on element 'Object Repository/MayaHome/mayahome - MobileSpy 7/Agreement5AIP - tickBoxBtn'

2022-04-21 17:35:44 - [MESSAGE][WARNING] - Timeout '0' is invalid. Using default page load timeout: '20'

2022-04-21 17:35:44 - [MESSAGE][PASSED] - Tapped on element 'Object Repository/MayaHome/mayahome - MobileSpy 7/Agreement5AIP - tickBoxBtn'

2022-04-21 17:35:44 - [TEST_STEP][PASSED] - tap(findTestObject("Object Repository/MayaHome/mayahome - MobileSpy 7/agreeAndConfirm - Btn"), 0): Tapped on element 'Object Repository/MayaHome/mayahome - MobileSpy 7/agreeAndConfirm - Btn'

2022-04-21 17:35:45 - [MESSAGE][WARNING] - Timeout '0' is invalid. Using default page load timeout: '20'

2022-04-21 17:35:46 - [MESSAGE][PASSED] - Tapped on element 'Object Repository/MayaHome/mayahome - MobileSpy 7/agreeAndConfirm - Btn'

2022-04-21 17:35:46 - [TEST_STEP][PASSED] - verifyElementVisible(findTestObject("Object Repository/MayaHome/mayahome - MobileSpy 7/finalConfirmationAIP- Header"), 0): Element 'Object Repository/MayaHome/mayahome - MobileSpy 7/finalConfirmationAIP- Header' is visible

2022-04-21 17:35:46 - [MESSAGE][WARNING] - Timeout '0' is invalid. Using default page load timeout: '20'

2022-04-21 17:35:50 - [MESSAGE][PASSED] - Element 'Object Repository/MayaHome/mayahome - MobileSpy 7/finalConfirmationAIP- Header' is visible

2022-04-21 17:35:50 - [TEST_STEP][PASSED] - verifyElementVisible(findTestObject("Object Repository/MayaHome/mayahome - MobileSpy 7/eligibilityDetailsAIP - Header"), 0): Element 'Object Repository/MayaHome/mayahome - MobileSpy 7/eligibilityDetailsAIP - Header' is visible

2022-04-21 17:35:50 - [MESSAGE][WARNING] - Timeout '0' is invalid. Using default page load timeout: '20'

2022-04-21 17:35:51 - [MESSAGE][PASSED] - Element 'Object Repository/MayaHome/mayahome - MobileSpy 7/eligibilityDetailsAIP - Header' is visible

2022-04-21 17:35:51 - [TEST_STEP][PASSED] - scrollToText("Property Details"): Scrolling to text 'Property Details' successfully

2022-04-21 17:35:55 - [MESSAGE][PASSED] - Scrolling to text 'Property Details' successfully

2022-04-21 17:35:55 - [TEST_STEP][PASSED] - verifyElementVisible(findTestObject("Object Repository/MayaHome/mayahome - MobileSpy 7/propertyDetailsAIP - Header"), 0): Element 'Object Repository/MayaHome/mayahome - MobileSpy 7/propertyDetailsAIP - Header' is visible

2022-04-21 17:35:55 - [MESSAGE][WARNING] - Timeout '0' is invalid. Using default page load timeout: '20'

2022-04-21 17:35:56 - [MESSAGE][PASSED] - Element 'Object Repository/MayaHome/mayahome - MobileSpy 7/propertyDetailsAIP - Header' is visible

2022-04-21 17:35:56 - [TEST_STEP][PASSED] - verifyElementVisible(findTestObject("Object Repository/MayaHome/mayahome - MobileSpy 7/personalDetailsAIP - Header"), 0): Element 'Object Repository/MayaHome/mayahome - MobileSpy 7/personalDetailsAIP - Header' is visible

2022-04-21 17:35:56 - [MESSAGE][WARNING] - Timeout '0' is invalid. Using default page load timeout: '20'

2022-04-21 17:35:56 - [MESSAGE][PASSED] - Element 'Object Repository/MayaHome/mayahome - MobileSpy 7/personalDetailsAIP - Header' is visible

2022-04-21 17:35:56 - [TEST_STEP][PASSED] - scrollToText("Employment details"): Scrolling to text 'Employment details' successfully

2022-04-21 17:36:06 - [MESSAGE][PASSED] - Scrolling to text 'Employment details' successfully

2022-04-21 17:36:06 - [TEST_STEP][PASSED] - verifyElementVisible(findTestObject("Object Repository/MayaHome/mayahome - MobileSpy 7/empDetailsAIP - Header"), 0): Element 'Object Repository/MayaHome/mayahome - MobileSpy 7/empDetailsAIP - Header' is visible

2022-04-21 17:36:06 - [MESSAGE][WARNING] - Timeout '0' is invalid. Using default page load timeout: '20'

2022-04-21 17:36:07 - [MESSAGE][PASSED] - Element 'Object Repository/MayaHome/mayahome - MobileSpy 7/empDetailsAIP - Header' is visible

2022-04-21 17:36:07 - [TEST_STEP][PASSED] - verifyElementVisible(findTestObject("Object Repository/MayaHome/mayahome - MobileSpy 7/officeAddressAIP - Header"), 0): Element 'Object Repository/MayaHome/mayahome - MobileSpy 7/officeAddressAIP - Header' is visible

2022-04-21 17:36:07 - [MESSAGE][WARNING] - Timeout '0' is invalid. Using default page load timeout: '20'

2022-04-21 17:36:08 - [MESSAGE][PASSED] - Element 'Object Repository/MayaHome/mayahome - MobileSpy 7/officeAddressAIP - Header' is visible

2022-04-21 17:36:08 - [TEST_STEP][PASSED] - scrollToText("Product details"): Scrolling to text 'Product details' successfully

2022-04-21 17:36:22 - [MESSAGE][PASSED] - Scrolling to text 'Product details' successfully

2022-04-21 17:36:22 - [TEST_STEP][PASSED] - verifyElementVisible(findTestObject("Object Repository/MayaHome/mayahome - MobileSpy 7/productDetailsAIP - Header"), 0): Element 'Object Repository/MayaHome/mayahome - MobileSpy 7/productDetailsAIP - Header' is visible

2022-04-21 17:36:22 - [MESSAGE][WARNING] - Timeout '0' is invalid. Using default page load timeout: '20'

2022-04-21 17:36:22 - [MESSAGE][PASSED] - Element 'Object Repository/MayaHome/mayahome - MobileSpy 7/productDetailsAIP - Header' is visible

2022-04-21 17:36:22 - [TEST_STEP][PASSED] - tap(findTestObject("MayaHome/mayahome - MobileSpy 7/confirmAndSubmitAIP - Btn"), 0): Tapped on element 'Object Repository/MayaHome/mayahome - MobileSpy 7/confirmAndSubmitAIP - Btn'

2022-04-21 17:36:22 - [MESSAGE][WARNING] - Timeout '0' is invalid. Using default page load timeout: '20'

2022-04-21 17:36:22 - [MESSAGE][PASSED] - Tapped on element 'Object Repository/MayaHome/mayahome - MobileSpy 7/confirmAndSubmitAIP - Btn'

2022-04-21 17:36:22 - [TEST_STEP][PASSED] - waitForElementPresent(findTestObject("MayaHome/mayahome - MobileSpy 7/greatNewsAIP - Header"), 0): Element 'Object Repository/MayaHome/mayahome - MobileSpy 7/greatNewsAIP - Header' is present

2022-04-21 17:36:22 - [MESSAGE][WARNING] - Timeout '0' is invalid. Using default page load timeout: '20'

2022-04-21 17:36:23 - [MESSAGE][PASSED] - Element 'Object Repository/MayaHome/mayahome - MobileSpy 7/greatNewsAIP - Header' is present

2022-04-21 17:36:23 - [TEST_STEP][PASSED] - swipe(500, 1300, 500, 500): Swiped from 500,1,300 to 500,500

2022-04-21 17:36:24 - [MESSAGE][PASSED] - Swiped from 500,1,300 to 500,500

2022-04-21 17:36:24 - [TEST_STEP][PASSED] - verifyElementVisible(findTestObject("MayaHome/mayahome - MobileSpy 4/reviewApp - propertyName"), 0, CONTINUE_ON_FAILURE): Element 'Object Repository/MayaHome/mayahome - MobileSpy 4/reviewApp - propertyName' is visible

2022-04-21 17:36:24 - [MESSAGE][WARNING] - Timeout '0' is invalid. Using default page load timeout: '20'

2022-04-21 17:36:25 - [MESSAGE][PASSED] - Element 'Object Repository/MayaHome/mayahome - MobileSpy 4/reviewApp - propertyName' is visible

2022-04-21 17:36:25 - [TEST_STEP][PASSED] - getText(findTestObject("MayaHome/mayahome - MobileSpy 4/reviewApp - propertyName"), 0): Text of element 'Object Repository/MayaHome/mayahome - MobileSpy 4/reviewApp - propertyName' is: 'Office address'

2022-04-21 17:36:25 - [MESSAGE][WARNING] - Timeout '0' is invalid. Using default page load timeout: '20'

2022-04-21 17:36:25 - [MESSAGE][PASSED] - Text of element 'Object Repository/MayaHome/mayahome - MobileSpy 4/reviewApp - propertyName' is: 'Office address'

2022-04-21 17:36:25 - [TEST_STEP][PASSED] - verifyElementVisible(findTestObject("MayaHome/mayahome - MobileSpy 4/reviewApp - propertyLoanAmountTxt"), 0, CONTINUE_ON_FAILURE): Element 'Object Repository/MayaHome/mayahome - MobileSpy 4/reviewApp - propertyLoanAmountTxt' is visible

2022-04-21 17:36:25 - [MESSAGE][WARNING] - Timeout '0' is invalid. Using default page load timeout: '20'

2022-04-21 17:36:25 - [MESSAGE][PASSED] - Element 'Object Repository/MayaHome/mayahome - MobileSpy 4/reviewApp - propertyLoanAmountTxt' is visible

2022-04-21 17:36:25 - [TEST_STEP][PASSED] - getText(findTestObject("MayaHome/mayahome - MobileSpy 4/reviewApp - propertyLoanAmountTxt"), 0): Text of element 'Object Repository/MayaHome/mayahome - MobileSpy 4/reviewApp - propertyLoanAmountTxt' is: 'Confirmation'

2022-04-21 17:36:25 - [MESSAGE][WARNING] - Timeout '0' is invalid. Using default page load timeout: '20'

2022-04-21 17:36:25 - [MESSAGE][PASSED] - Text of element 'Object Repository/MayaHome/mayahome - MobileSpy 4/reviewApp - propertyLoanAmountTxt' is: 'Confirmation'

2022-04-21 17:36:25 - [TEST_STEP][ERROR] - verifyElementText(findTestObject("MayaHome/mayahome - MobileSpy 4/reviewApp - propertyLoanAmount(RM)"), loanAmount, CONTINUE_ON_FAILURE): Test Cases/MayaHome/mayahome_AIPsubmission FAILED.
Reason:
groovy.lang.MissingPropertyException: No such property: loanAmount for class: Script1650441755939
	at mayahome_AIPsubmission.run(mayahome_AIPsubmission:269)
	at com.kms.katalon.core.main.ScriptEngine.run(ScriptEngine.java:194)
	at com.kms.katalon.core.main.ScriptEngine.runScriptAsRawText(ScriptEngine.java:119)
	at com.kms.katalon.core.main.TestCaseExecutor.runScript(TestCaseExecutor.java:442)
	at com.kms.katalon.core.main.TestCaseExecutor.doExecute(TestCaseExecutor.java:433)
	at com.kms.katalon.core.main.TestCaseExecutor.processExecutionPhase(TestCaseExecutor.java:412)
	at com.kms.katalon.core.main.TestCaseExecutor.accessMainPhase(TestCaseExecutor.java:404)
	at com.kms.katalon.core.main.TestCaseExecutor.execute(TestCaseExecutor.java:281)
	at com.kms.katalon.core.main.TestCaseMain.runTestCase(TestCaseMain.java:138)
	at com.kms.katalon.core.keyword.builtin.CallTestCaseKeyword$_callTestCase_closure1.doCall(CallTestCaseKeyword.groovy:59)
	at com.kms.katalon.core.keyword.builtin.CallTestCaseKeyword$_callTestCase_closure1.call(CallTestCaseKeyword.groovy)
	at com.kms.katalon.core.keyword.internal.KeywordMain.runKeyword(KeywordMain.groovy:74)
	at com.kms.katalon.core.keyword.builtin.CallTestCaseKeyword.callTestCase(CallTestCaseKeyword.groovy:81)
	at com.kms.katalon.core.keyword.builtin.CallTestCaseKeyword.execute(CallTestCaseKeyword.groovy:44)
	at com.kms.katalon.core.keyword.internal.KeywordExecutor.executeKeywordForPlatform(KeywordExecutor.groovy:74)
	at com.kms.katalon.core.keyword.BuiltinKeywords.callTestCase(BuiltinKeywords.groovy:350)
	at mayahome_CEReviewApplication.run(mayahome_CEReviewApplication:251)
	at com.kms.katalon.core.main.ScriptEngine.run(ScriptEngine.java:194)
	at com.kms.katalon.core.main.ScriptEngine.runScriptAsRawText(ScriptEngine.java:119)
	at com.kms.katalon.core.main.TestCaseExecutor.runScript(TestCaseExecutor.java:442)
	at com.kms.katalon.core.main.TestCaseExecutor.doExecute(TestCaseExecutor.java:433)
	at com.kms.katalon.core.main.TestCaseExecutor.processExecutionPhase(TestCaseExecutor.java:412)
	at com.kms.katalon.core.main.TestCaseExecutor.accessMainPhase(TestCaseExecutor.java:404)
	at com.kms.katalon.core.main.TestCaseExecutor.execute(TestCaseExecutor.java:281)
	at com.kms.katalon.core.main.TestSuiteExecutor.accessTestCaseMainPhase(TestSuiteExecutor.java:202)
	at com.kms.katalon.core.main.TestSuiteExecutor.accessTestSuiteMainPhase(TestSuiteExecutor.java:164)
	at com.kms.katalon.core.main.TestSuiteExecutor.execute(TestSuiteExecutor.java:105)
	at com.kms.katalon.core.main.TestCaseMain.startTestSuite(TestCaseMain.java:181)
	at com.kms.katalon.core.main.TestCaseMain$startTestSuite$0.call(Unknown Source)
	at TempTestSuite1650533300959.run(TempTestSuite1650533300959.groovy:36)


2022-04-21 17:36:25 - [MESSAGE][ERROR] - Test Cases/MayaHome/mayahome_AIPsubmission FAILED.
Reason:
groovy.lang.MissingPropertyException: No such property: loanAmount for class: Script1650441755939
	at mayahome_AIPsubmission.run(mayahome_AIPsubmission:269)
	at com.kms.katalon.core.main.ScriptEngine.run(ScriptEngine.java:194)
	at com.kms.katalon.core.main.ScriptEngine.runScriptAsRawText(ScriptEngine.java:119)
	at com.kms.katalon.core.main.TestCaseExecutor.runScript(TestCaseExecutor.java:442)
	at com.kms.katalon.core.main.TestCaseExecutor.doExecute(TestCaseExecutor.java:433)
	at com.kms.katalon.core.main.TestCaseExecutor.processExecutionPhase(TestCaseExecutor.java:412)
	at com.kms.katalon.core.main.TestCaseExecutor.accessMainPhase(TestCaseExecutor.java:404)
	at com.kms.katalon.core.main.TestCaseExecutor.execute(TestCaseExecutor.java:281)
	at com.kms.katalon.core.main.TestCaseMain.runTestCase(TestCaseMain.java:138)
	at com.kms.katalon.core.keyword.builtin.CallTestCaseKeyword$_callTestCase_closure1.doCall(CallTestCaseKeyword.groovy:59)
	at com.kms.katalon.core.keyword.builtin.CallTestCaseKeyword$_callTestCase_closure1.call(CallTestCaseKeyword.groovy)
	at com.kms.katalon.core.keyword.internal.KeywordMain.runKeyword(KeywordMain.groovy:74)
	at com.kms.katalon.core.keyword.builtin.CallTestCaseKeyword.callTestCase(CallTestCaseKeyword.groovy:81)
	at com.kms.katalon.core.keyword.builtin.CallTestCaseKeyword.execute(CallTestCaseKeyword.groovy:44)
	at com.kms.katalon.core.keyword.internal.KeywordExecutor.executeKeywordForPlatform(KeywordExecutor.groovy:74)
	at com.kms.katalon.core.keyword.BuiltinKeywords.callTestCase(BuiltinKeywords.groovy:350)
	at mayahome_CEReviewApplication.run(mayahome_CEReviewApplication:251)
	at com.kms.katalon.core.main.ScriptEngine.run(ScriptEngine.java:194)
	at com.kms.katalon.core.main.ScriptEngine.runScriptAsRawText(ScriptEngine.java:119)
	at com.kms.katalon.core.main.TestCaseExecutor.runScript(TestCaseExecutor.java:442)
	at com.kms.katalon.core.main.TestCaseExecutor.doExecute(TestCaseExecutor.java:433)
	at com.kms.katalon.core.main.TestCaseExecutor.processExecutionPhase(TestCaseExecutor.java:412)
	at com.kms.katalon.core.main.TestCaseExecutor.accessMainPhase(TestCaseExecutor.java:404)
	at com.kms.katalon.core.main.TestCaseExecutor.execute(TestCaseExecutor.java:281)
	at com.kms.katalon.core.main.TestSuiteExecutor.accessTestCaseMainPhase(TestSuiteExecutor.java:202)
	at com.kms.katalon.core.main.TestSuiteExecutor.accessTestSuiteMainPhase(TestSuiteExecutor.java:164)
	at com.kms.katalon.core.main.TestSuiteExecutor.execute(TestSuiteExecutor.java:105)
	at com.kms.katalon.core.main.TestCaseMain.startTestSuite(TestCaseMain.java:181)
	at com.kms.katalon.core.main.TestCaseMain$startTestSuite$0.call(Unknown Source)
	at TempTestSuite1650533300959.run(TempTestSuite1650533300959.groovy:36)


2022-04-21 17:36:25 - [MESSAGE][FAILED] - Unable to call Test Case 'Test Cases/MayaHome/mayahome_AIPsubmission' (Root cause: com.kms.katalon.core.exception.StepErrorException: Call Test Case 'Test Cases/MayaHome/mayahome_AIPsubmission' failed because of error(s)
	at com.kms.katalon.core.keyword.builtin.CallTestCaseKeyword$_callTestCase_closure1.doCall(CallTestCaseKeyword.groovy:66)
	at com.kms.katalon.core.keyword.builtin.CallTestCaseKeyword$_callTestCase_closure1.call(CallTestCaseKeyword.groovy)
	at com.kms.katalon.core.keyword.internal.KeywordMain.runKeyword(KeywordMain.groovy:74)
	at com.kms.katalon.core.keyword.builtin.CallTestCaseKeyword.callTestCase(CallTestCaseKeyword.groovy:81)
	at com.kms.katalon.core.keyword.builtin.CallTestCaseKeyword.execute(CallTestCaseKeyword.groovy:44)
	at com.kms.katalon.core.keyword.internal.KeywordExecutor.executeKeywordForPlatform(KeywordExecutor.groovy:74)
	at com.kms.katalon.core.keyword.BuiltinKeywords.callTestCase(BuiltinKeywords.groovy:350)
	at mayahome_CEReviewApplication.run(mayahome_CEReviewApplication:251)
	at com.kms.katalon.core.main.ScriptEngine.run(ScriptEngine.java:194)
	at com.kms.katalon.core.main.ScriptEngine.runScriptAsRawText(ScriptEngine.java:119)
	at com.kms.katalon.core.main.TestCaseExecutor.runScript(TestCaseExecutor.java:442)
	at com.kms.katalon.core.main.TestCaseExecutor.doExecute(TestCaseExecutor.java:433)
	at com.kms.katalon.core.main.TestCaseExecutor.processExecutionPhase(TestCaseExecutor.java:412)
	at com.kms.katalon.core.main.TestCaseExecutor.accessMainPhase(TestCaseExecutor.java:404)
	at com.kms.katalon.core.main.TestCaseExecutor.execute(TestCaseExecutor.java:281)
	at com.kms.katalon.core.main.TestSuiteExecutor.accessTestCaseMainPhase(TestSuiteExecutor.java:202)
	at com.kms.katalon.core.main.TestSuiteExecutor.accessTestSuiteMainPhase(TestSuiteExecutor.java:164)
	at com.kms.katalon.core.main.TestSuiteExecutor.execute(TestSuiteExecutor.java:105)
	at com.kms.katalon.core.main.TestCaseMain.startTestSuite(TestCaseMain.java:181)
	at com.kms.katalon.core.main.TestCaseMain$startTestSuite$0.call(Unknown Source)
	at TempTestSuite1650533300959.run(TempTestSuite1650533300959.groovy:36)
Caused by: groovy.lang.MissingPropertyException: No such property: loanAmount for class: Script1650441755939
	at mayahome_AIPsubmission.run(mayahome_AIPsubmission:269)
	at com.kms.katalon.core.main.ScriptEngine.run(ScriptEngine.java:194)
	at com.kms.katalon.core.main.ScriptEngine.runScriptAsRawText(ScriptEngine.java:119)
	at com.kms.katalon.core.main.TestCaseExecutor.runScript(TestCaseExecutor.java:442)
	at com.kms.katalon.core.main.TestCaseExecutor.doExecute(TestCaseExecutor.java:433)
	at com.kms.katalon.core.main.TestCaseExecutor.processExecutionPhase(TestCaseExecutor.java:412)
	at com.kms.katalon.core.main.TestCaseExecutor.accessMainPhase(TestCaseExecutor.java:404)
	at com.kms.katalon.core.main.TestCaseExecutor.execute(TestCaseExecutor.java:281)
	at com.kms.katalon.core.main.TestCaseMain.runTestCase(TestCaseMain.java:138)
	at com.kms.katalon.core.keyword.builtin.CallTestCaseKeyword$_callTestCase_closure1.doCall(CallTestCaseKeyword.groovy:59)
	... 20 more
)

2022-04-21 17:36:25 - [MESSAGE][ERROR] - Test Cases/MayaHome/mayahome_CEReviewApplication FAILED.
Reason:
com.kms.katalon.core.exception.StepErrorException: Call Test Case 'Test Cases/MayaHome/mayahome_AIPsubmission' failed because of error(s)
	at com.kms.katalon.core.keyword.builtin.CallTestCaseKeyword$_callTestCase_closure1.doCall(CallTestCaseKeyword.groovy:66)
	at com.kms.katalon.core.keyword.builtin.CallTestCaseKeyword$_callTestCase_closure1.call(CallTestCaseKeyword.groovy)
	at com.kms.katalon.core.keyword.internal.KeywordMain.runKeyword(KeywordMain.groovy:74)
	at com.kms.katalon.core.keyword.builtin.CallTestCaseKeyword.callTestCase(CallTestCaseKeyword.groovy:81)
	at com.kms.katalon.core.keyword.builtin.CallTestCaseKeyword.execute(CallTestCaseKeyword.groovy:44)
	at com.kms.katalon.core.keyword.internal.KeywordExecutor.executeKeywordForPlatform(KeywordExecutor.groovy:74)
	at com.kms.katalon.core.keyword.BuiltinKeywords.callTestCase(BuiltinKeywords.groovy:350)
	at mayahome_CEReviewApplication.run(mayahome_CEReviewApplication:251)
	at com.kms.katalon.core.main.ScriptEngine.run(ScriptEngine.java:194)
	at com.kms.katalon.core.main.ScriptEngine.runScriptAsRawText(ScriptEngine.java:119)
	at com.kms.katalon.core.main.TestCaseExecutor.runScript(TestCaseExecutor.java:442)
	at com.kms.katalon.core.main.TestCaseExecutor.doExecute(TestCaseExecutor.java:433)
	at com.kms.katalon.core.main.TestCaseExecutor.processExecutionPhase(TestCaseExecutor.java:412)
	at com.kms.katalon.core.main.TestCaseExecutor.accessMainPhase(TestCaseExecutor.java:404)
	at com.kms.katalon.core.main.TestCaseExecutor.execute(TestCaseExecutor.java:281)
	at com.kms.katalon.core.main.TestSuiteExecutor.accessTestCaseMainPhase(TestSuiteExecutor.java:202)
	at com.kms.katalon.core.main.TestSuiteExecutor.accessTestSuiteMainPhase(TestSuiteExecutor.java:164)
	at com.kms.katalon.core.main.TestSuiteExecutor.execute(TestSuiteExecutor.java:105)
	at com.kms.katalon.core.main.TestCaseMain.startTestSuite(TestCaseMain.java:181)
	at com.kms.katalon.core.main.TestCaseMain$startTestSuite$0.call(Unknown Source)
	at TempTestSuite1650533300959.run(TempTestSuite1650533300959.groovy:36)
Caused by: groovy.lang.MissingPropertyException: No such property: loanAmount for class: Script1650441755939
	at mayahome_AIPsubmission.run(mayahome_AIPsubmission:269)
	at com.kms.katalon.core.main.ScriptEngine.run(ScriptEngine.java:194)
	at com.kms.katalon.core.main.ScriptEngine.runScriptAsRawText(ScriptEngine.java:119)
	at com.kms.katalon.core.main.TestCaseExecutor.runScript(TestCaseExecutor.java:442)
	at com.kms.katalon.core.main.TestCaseExecutor.doExecute(TestCaseExecutor.java:433)
	at com.kms.katalon.core.main.TestCaseExecutor.processExecutionPhase(TestCaseExecutor.java:412)
	at com.kms.katalon.core.main.TestCaseExecutor.accessMainPhase(TestCaseExecutor.java:404)
	at com.kms.katalon.core.main.TestCaseExecutor.execute(TestCaseExecutor.java:281)
	at com.kms.katalon.core.main.TestCaseMain.runTestCase(TestCaseMain.java:138)
	at com.kms.katalon.core.keyword.builtin.CallTestCaseKeyword$_callTestCase_closure1.doCall(CallTestCaseKeyword.groovy:59)
	... 20 more]]></system-out>
         <system-err><![CDATA[2022-04-21 17:30:40 - [TEST_CASE][ERROR] - Test Cases/MayaHome/mayahome_CEReviewApplication: Test Cases/MayaHome/mayahome_CEReviewApplication FAILED.
Reason:
com.kms.katalon.core.exception.StepErrorException: Call Test Case 'Test Cases/MayaHome/mayahome_AIPsubmission' failed because of error(s)
	at com.kms.katalon.core.keyword.builtin.CallTestCaseKeyword$_callTestCase_closure1.doCall(CallTestCaseKeyword.groovy:66)
	at com.kms.katalon.core.keyword.builtin.CallTestCaseKeyword$_callTestCase_closure1.call(CallTestCaseKeyword.groovy)
	at com.kms.katalon.core.keyword.internal.KeywordMain.runKeyword(KeywordMain.groovy:74)
	at com.kms.katalon.core.keyword.builtin.CallTestCaseKeyword.callTestCase(CallTestCaseKeyword.groovy:81)
	at com.kms.katalon.core.keyword.builtin.CallTestCaseKeyword.execute(CallTestCaseKeyword.groovy:44)
	at com.kms.katalon.core.keyword.internal.KeywordExecutor.executeKeywordForPlatform(KeywordExecutor.groovy:74)
	at com.kms.katalon.core.keyword.BuiltinKeywords.callTestCase(BuiltinKeywords.groovy:350)
	at mayahome_CEReviewApplication.run(mayahome_CEReviewApplication:251)
	at com.kms.katalon.core.main.ScriptEngine.run(ScriptEngine.java:194)
	at com.kms.katalon.core.main.ScriptEngine.runScriptAsRawText(ScriptEngine.java:119)
	at com.kms.katalon.core.main.TestCaseExecutor.runScript(TestCaseExecutor.java:442)
	at com.kms.katalon.core.main.TestCaseExecutor.doExecute(TestCaseExecutor.java:433)
	at com.kms.katalon.core.main.TestCaseExecutor.processExecutionPhase(TestCaseExecutor.java:412)
	at com.kms.katalon.core.main.TestCaseExecutor.accessMainPhase(TestCaseExecutor.java:404)
	at com.kms.katalon.core.main.TestCaseExecutor.execute(TestCaseExecutor.java:281)
	at com.kms.katalon.core.main.TestSuiteExecutor.accessTestCaseMainPhase(TestSuiteExecutor.java:202)
	at com.kms.katalon.core.main.TestSuiteExecutor.accessTestSuiteMainPhase(TestSuiteExecutor.java:164)
	at com.kms.katalon.core.main.TestSuiteExecutor.execute(TestSuiteExecutor.java:105)
	at com.kms.katalon.core.main.TestCaseMain.startTestSuite(TestCaseMain.java:181)
	at com.kms.katalon.core.main.TestCaseMain$startTestSuite$0.call(Unknown Source)
	at TempTestSuite1650533300959.run(TempTestSuite1650533300959.groovy:36)
Caused by: groovy.lang.MissingPropertyException: No such property: loanAmount for class: Script1650441755939
	at mayahome_AIPsubmission.run(mayahome_AIPsubmission:269)
	at com.kms.katalon.core.main.ScriptEngine.run(ScriptEngine.java:194)
	at com.kms.katalon.core.main.ScriptEngine.runScriptAsRawText(ScriptEngine.java:119)
	at com.kms.katalon.core.main.TestCaseExecutor.runScript(TestCaseExecutor.java:442)
	at com.kms.katalon.core.main.TestCaseExecutor.doExecute(TestCaseExecutor.java:433)
	at com.kms.katalon.core.main.TestCaseExecutor.processExecutionPhase(TestCaseExecutor.java:412)
	at com.kms.katalon.core.main.TestCaseExecutor.accessMainPhase(TestCaseExecutor.java:404)
	at com.kms.katalon.core.main.TestCaseExecutor.execute(TestCaseExecutor.java:281)
	at com.kms.katalon.core.main.TestCaseMain.runTestCase(TestCaseMain.java:138)
	at com.kms.katalon.core.keyword.builtin.CallTestCaseKeyword$_callTestCase_closure1.doCall(CallTestCaseKeyword.groovy:59)
	... 20 more]]></system-err>
      </testcase>
      <system-out><![CDATA[2022-04-21 17:28:31 - [TEST_SUITE][ERROR] - Maya Home: Test Cases/MayaHome/mayahome_CEReviewApplication FAILED.
Reason:
com.kms.katalon.core.exception.StepErrorException: Call Test Case 'Test Cases/MayaHome/mayahome_AIPsubmission' failed because of error(s)
	at com.kms.katalon.core.keyword.builtin.CallTestCaseKeyword$_callTestCase_closure1.doCall(CallTestCaseKeyword.groovy:66)
	at com.kms.katalon.core.keyword.builtin.CallTestCaseKeyword$_callTestCase_closure1.call(CallTestCaseKeyword.groovy)
	at com.kms.katalon.core.keyword.internal.KeywordMain.runKeyword(KeywordMain.groovy:74)
	at com.kms.katalon.core.keyword.builtin.CallTestCaseKeyword.callTestCase(CallTestCaseKeyword.groovy:81)
	at com.kms.katalon.core.keyword.builtin.CallTestCaseKeyword.execute(CallTestCaseKeyword.groovy:44)
	at com.kms.katalon.core.keyword.internal.KeywordExecutor.executeKeywordForPlatform(KeywordExecutor.groovy:74)
	at com.kms.katalon.core.keyword.BuiltinKeywords.callTestCase(BuiltinKeywords.groovy:350)
	at mayahome_CEReviewApplication.run(mayahome_CEReviewApplication:251)
	at com.kms.katalon.core.main.ScriptEngine.run(ScriptEngine.java:194)
	at com.kms.katalon.core.main.ScriptEngine.runScriptAsRawText(ScriptEngine.java:119)
	at com.kms.katalon.core.main.TestCaseExecutor.runScript(TestCaseExecutor.java:442)
	at com.kms.katalon.core.main.TestCaseExecutor.doExecute(TestCaseExecutor.java:433)
	at com.kms.katalon.core.main.TestCaseExecutor.processExecutionPhase(TestCaseExecutor.java:412)
	at com.kms.katalon.core.main.TestCaseExecutor.accessMainPhase(TestCaseExecutor.java:404)
	at com.kms.katalon.core.main.TestCaseExecutor.execute(TestCaseExecutor.java:281)
	at com.kms.katalon.core.main.TestSuiteExecutor.accessTestCaseMainPhase(TestSuiteExecutor.java:202)
	at com.kms.katalon.core.main.TestSuiteExecutor.accessTestSuiteMainPhase(TestSuiteExecutor.java:164)
	at com.kms.katalon.core.main.TestSuiteExecutor.execute(TestSuiteExecutor.java:105)
	at com.kms.katalon.core.main.TestCaseMain.startTestSuite(TestCaseMain.java:181)
	at com.kms.katalon.core.main.TestCaseMain$startTestSuite$0.call(Unknown Source)
	at TempTestSuite1650533300959.run(TempTestSuite1650533300959.groovy:36)
Caused by: groovy.lang.MissingPropertyException: No such property: loanAmount for class: Script1650441755939
	at mayahome_AIPsubmission.run(mayahome_AIPsubmission:269)
	at com.kms.katalon.core.main.ScriptEngine.run(ScriptEngine.java:194)
	at com.kms.katalon.core.main.ScriptEngine.runScriptAsRawText(ScriptEngine.java:119)
	at com.kms.katalon.core.main.TestCaseExecutor.runScript(TestCaseExecutor.java:442)
	at com.kms.katalon.core.main.TestCaseExecutor.doExecute(TestCaseExecutor.java:433)
	at com.kms.katalon.core.main.TestCaseExecutor.processExecutionPhase(TestCaseExecutor.java:412)
	at com.kms.katalon.core.main.TestCaseExecutor.accessMainPhase(TestCaseExecutor.java:404)
	at com.kms.katalon.core.main.TestCaseExecutor.execute(TestCaseExecutor.java:281)
	at com.kms.katalon.core.main.TestCaseMain.runTestCase(TestCaseMain.java:138)
	at com.kms.katalon.core.keyword.builtin.CallTestCaseKeyword$_callTestCase_closure1.doCall(CallTestCaseKeyword.groovy:59)
	... 20 more]]></system-out>
      <system-err><![CDATA[2022-04-21 17:28:31 - [TEST_SUITE][ERROR] - Maya Home: Test Cases/MayaHome/mayahome_CEReviewApplication FAILED.
Reason:
com.kms.katalon.core.exception.StepErrorException: Call Test Case 'Test Cases/MayaHome/mayahome_AIPsubmission' failed because of error(s)
	at com.kms.katalon.core.keyword.builtin.CallTestCaseKeyword$_callTestCase_closure1.doCall(CallTestCaseKeyword.groovy:66)
	at com.kms.katalon.core.keyword.builtin.CallTestCaseKeyword$_callTestCase_closure1.call(CallTestCaseKeyword.groovy)
	at com.kms.katalon.core.keyword.internal.KeywordMain.runKeyword(KeywordMain.groovy:74)
	at com.kms.katalon.core.keyword.builtin.CallTestCaseKeyword.callTestCase(CallTestCaseKeyword.groovy:81)
	at com.kms.katalon.core.keyword.builtin.CallTestCaseKeyword.execute(CallTestCaseKeyword.groovy:44)
	at com.kms.katalon.core.keyword.internal.KeywordExecutor.executeKeywordForPlatform(KeywordExecutor.groovy:74)
	at com.kms.katalon.core.keyword.BuiltinKeywords.callTestCase(BuiltinKeywords.groovy:350)
	at mayahome_CEReviewApplication.run(mayahome_CEReviewApplication:251)
	at com.kms.katalon.core.main.ScriptEngine.run(ScriptEngine.java:194)
	at com.kms.katalon.core.main.ScriptEngine.runScriptAsRawText(ScriptEngine.java:119)
	at com.kms.katalon.core.main.TestCaseExecutor.runScript(TestCaseExecutor.java:442)
	at com.kms.katalon.core.main.TestCaseExecutor.doExecute(TestCaseExecutor.java:433)
	at com.kms.katalon.core.main.TestCaseExecutor.processExecutionPhase(TestCaseExecutor.java:412)
	at com.kms.katalon.core.main.TestCaseExecutor.accessMainPhase(TestCaseExecutor.java:404)
	at com.kms.katalon.core.main.TestCaseExecutor.execute(TestCaseExecutor.java:281)
	at com.kms.katalon.core.main.TestSuiteExecutor.accessTestCaseMainPhase(TestSuiteExecutor.java:202)
	at com.kms.katalon.core.main.TestSuiteExecutor.accessTestSuiteMainPhase(TestSuiteExecutor.java:164)
	at com.kms.katalon.core.main.TestSuiteExecutor.execute(TestSuiteExecutor.java:105)
	at com.kms.katalon.core.main.TestCaseMain.startTestSuite(TestCaseMain.java:181)
	at com.kms.katalon.core.main.TestCaseMain$startTestSuite$0.call(Unknown Source)
	at TempTestSuite1650533300959.run(TempTestSuite1650533300959.groovy:36)
Caused by: groovy.lang.MissingPropertyException: No such property: loanAmount for class: Script1650441755939
	at mayahome_AIPsubmission.run(mayahome_AIPsubmission:269)
	at com.kms.katalon.core.main.ScriptEngine.run(ScriptEngine.java:194)
	at com.kms.katalon.core.main.ScriptEngine.runScriptAsRawText(ScriptEngine.java:119)
	at com.kms.katalon.core.main.TestCaseExecutor.runScript(TestCaseExecutor.java:442)
	at com.kms.katalon.core.main.TestCaseExecutor.doExecute(TestCaseExecutor.java:433)
	at com.kms.katalon.core.main.TestCaseExecutor.processExecutionPhase(TestCaseExecutor.java:412)
	at com.kms.katalon.core.main.TestCaseExecutor.accessMainPhase(TestCaseExecutor.java:404)
	at com.kms.katalon.core.main.TestCaseExecutor.execute(TestCaseExecutor.java:281)
	at com.kms.katalon.core.main.TestCaseMain.runTestCase(TestCaseMain.java:138)
	at com.kms.katalon.core.keyword.builtin.CallTestCaseKeyword$_callTestCase_closure1.doCall(CallTestCaseKeyword.groovy:59)
	... 20 more]]></system-err>
   </testsuite>
</testsuites>
