<?xml version="1.0" encoding="UTF-8"?>
<testsuites name="Maya Home" time="319.348" tests="5" failures="0" errors="0">
   <testsuite name="Maya Home" tests="5" failures="0" errors="0" time="319.348" skipped="0" timestamp="2022-04-01 17:05:26" hostname="vinayeddla - localhost" id="Test Suites/Maya Home">
      <properties>
         <property name="deviceName" value="samsung SM-G960F (Android 10)"/>
         <property name="devicePlatform" value=""/>
         <property name="logFolder" value="/Users/vinayeddla/git/MAYA-Home/Reports/20220401_170506/Maya Home/20220401_170506"/>
         <property name="logFiles" value="/Users/vinayeddla/git/MAYA-Home/Reports/20220401_170506/Maya Home/20220401_170506/execution0.log, /Users/vinayeddla/git/MAYA-Home/Reports/20220401_170506/Maya Home/20220401_170506/appium.log"/>
         <property name="attachments" value=""/>
         <property name="hostName" value="vinayeddla - localhost"/>
         <property name="os" value="Mac OS X 64bit"/>
         <property name="appiumServerStatus" value="{&quot;value&quot;:{&quot;build&quot;:{&quot;version&quot;:&quot;1.20.2&quot;}},&quot;sessionId&quot;:null,&quot;status&quot;:0}"/>
         <property name="katalonVersion" value="8.2.0.208"/>
         <property name="deviceOS" value="Android"/>
         <property name="appiumVersion" value="1.20.2"/>
         <property name="deviceModel" value="SM-G960F"/>
         <property name="hostAddress" value="127.0.0.1"/>
         <property name="deviceManufacturer" value="samsung"/>
         <property name="deviceId" value="225ac1ea21057ece"/>
         <property name="deviceName" value="samsung SM-G960F (Android 10)"/>
         <property name="deviceOSVersion" value="10"/>
      </properties>
      <testcase name="Test Cases/MayaHome/mayahome_CESearchProperties" time="58.589" classname="Test Cases/MayaHome/mayahome_CESearchProperties" status="PASSED">
         <system-out><![CDATA[2022-04-01 17:05:26 - [TEST_CASE][PASSED] - Test Cases/MayaHome/mayahome_CESearchProperties: Test Cases/MayaHome/mayahome_CESearchProperties

2022-04-01 17:05:27 - [TEST_STEP][PASSED] - try: Delayed 3 second(s)

2022-04-01 17:05:27 - [TEST_STEP][PASSED] - startApplication(appPathSIT, false): Started app at: '/Users/vinayeddla/Desktop/MAE/app-sit-universal-release.apk'

2022-04-01 17:05:27 - [MESSAGE][INFO] - User set preference: ['appWaitActivity', '*']

2022-04-01 17:05:27 - [MESSAGE][INFO] - User set preference: ['deviceId', '225ac1ea21057ece']

2022-04-01 17:05:28 - [MESSAGE][INFO] - Appium server started on port 52,435

2022-04-01 17:05:40 - [MESSAGE][PASSED] - Started app at: '/Users/vinayeddla/Desktop/MAE/app-sit-universal-release.apk'

2022-04-01 17:05:40 - [TEST_STEP][PASSED] - tap(findTestObject("MayaHome/mayahome - MobileSpy 1/dashboard - more3dotsBtn"), 0, CONTINUE_ON_FAILURE): Tapped on element 'Object Repository/MayaHome/mayahome - MobileSpy 1/dashboard - more3dotsBtn'

2022-04-01 17:05:40 - [MESSAGE][WARNING] - Timeout '0' is invalid. Using default page load timeout: '20'

2022-04-01 17:05:47 - [MESSAGE][PASSED] - Tapped on element 'Object Repository/MayaHome/mayahome - MobileSpy 1/dashboard - more3dotsBtn'

2022-04-01 17:05:47 - [TEST_STEP][PASSED] - delay(3): Delayed 3 second(s)

2022-04-01 17:05:50 - [MESSAGE][PASSED] - Delayed 3 second(s)

2022-04-01 17:05:50 - [TEST_STEP][PASSED] - tap(findTestObject("MayaHome/mayahome - MobileSpy 3/home2u - Btn"), 0): Tapped on element 'Object Repository/MayaHome/mayahome - MobileSpy 3/home2u - Btn'

2022-04-01 17:05:50 - [MESSAGE][WARNING] - Timeout '0' is invalid. Using default page load timeout: '20'

2022-04-01 17:05:54 - [MESSAGE][PASSED] - Tapped on element 'Object Repository/MayaHome/mayahome - MobileSpy 3/home2u - Btn'

2022-04-01 17:05:54 - [TEST_STEP][PASSED] - if (verifyElementVisible(findTestObject("Login Onboarding/onboardWelcomeSkipBtn"), 0, OPTIONAL)): Element 'Object Repository/Login Onboarding/onboardWelcomeSkipBtn' not found

2022-04-01 17:05:54 - [MESSAGE][WARNING] - Timeout '0' is invalid. Using default page load timeout: '20'

2022-04-01 17:06:14 - [MESSAGE][WARNING] - Element 'Object Repository/Login Onboarding/onboardWelcomeSkipBtn' not found

2022-04-01 17:06:14 - [TEST_STEP][PASSED] - else: null

2022-04-01 17:06:14 - [TEST_STEP][PASSED] - tap(findTestObject("MayaHome/mayahome - MobileSpy 1/Search properties - Txtfield"), 0): Tapped on element 'Object Repository/MayaHome/mayahome - MobileSpy 1/Search properties - Txtfield'

2022-04-01 17:06:14 - [MESSAGE][WARNING] - Timeout '0' is invalid. Using default page load timeout: '20'

2022-04-01 17:06:14 - [MESSAGE][PASSED] - Tapped on element 'Object Repository/MayaHome/mayahome - MobileSpy 1/Search properties - Txtfield'

2022-04-01 17:06:14 - [TEST_STEP][PASSED] - setText(findTestObject("MayaHome/mayahome - MobileSpy 1/searchproperties - editTxt"), findTestData("mayahomeCredentials").getValue(2, 6), 0): Text 'D’aman Residence' has been set to element 'Object Repository/MayaHome/mayahome - MobileSpy 1/searchproperties - editTxt'

2022-04-01 17:06:15 - [MESSAGE][WARNING] - Timeout '0' is invalid. Using default page load timeout: '20'

2022-04-01 17:06:16 - [MESSAGE][PASSED] - Text 'D’aman Residence' has been set to element 'Object Repository/MayaHome/mayahome - MobileSpy 1/searchproperties - editTxt'

2022-04-01 17:06:16 - [TEST_STEP][PASSED] - hideKeyboard(): Keyboard is hidden

2022-04-01 17:06:18 - [MESSAGE][PASSED] - Keyboard is hidden

2022-04-01 17:06:18 - [TEST_STEP][PASSED] - delay(2, STOP_ON_FAILURE): Delayed 2 second(s)

2022-04-01 17:06:20 - [MESSAGE][PASSED] - Delayed 2 second(s)

2022-04-01 17:06:20 - [TEST_STEP][PASSED] - doubleTap(findTestObject("MayaHome/mayahome - MobileSpy 2/propertyDisplayCard - Frame"), 0): Double tapped on element 'Object Repository/MayaHome/mayahome - MobileSpy 2/propertyDisplayCard - Frame'

2022-04-01 17:06:20 - [MESSAGE][WARNING] - Timeout '0' is invalid. Using default page load timeout: '20'

2022-04-01 17:06:22 - [MESSAGE][PASSED] - Double tapped on element 'Object Repository/MayaHome/mayahome - MobileSpy 2/propertyDisplayCard - Frame'

2022-04-01 17:06:22 - [TEST_STEP][PASSED] - delay(3, STOP_ON_FAILURE): Delayed 3 second(s)

2022-04-01 17:06:25 - [MESSAGE][PASSED] - Delayed 3 second(s)]]></system-out>
         <system-err><![CDATA[]]></system-err>
      </testcase>
      <testcase name="Test Cases/MayaHome/mayahome_CEAgreementCheck" time="30.789" classname="Test Cases/MayaHome/mayahome_CEAgreementCheck" status="PASSED">
         <system-out><![CDATA[2022-04-01 17:06:25 - [TEST_CASE][PASSED] - Test Cases/MayaHome/mayahome_CEAgreementCheck: Test Cases/MayaHome/mayahome_CEAgreementCheck

2022-04-01 17:06:25 - [TEST_STEP][PASSED] - try: null

2022-04-01 17:06:25 - [TEST_STEP][PASSED] - scrollToText("Check Eligibility"): Scrolling to text 'Check Eligibility' successfully

2022-04-01 17:06:35 - [MESSAGE][PASSED] - Scrolling to text 'Check Eligibility' successfully

2022-04-01 17:06:35 - [TEST_STEP][PASSED] - tap(findTestObject("MayaHome/mayahome - MobileSpy 1/checkeligibility - Btn"), 0): Tapped on element 'Object Repository/MayaHome/mayahome - MobileSpy 1/checkeligibility - Btn'

2022-04-01 17:06:35 - [MESSAGE][WARNING] - Timeout '0' is invalid. Using default page load timeout: '20'

2022-04-01 17:06:35 - [MESSAGE][PASSED] - Tapped on element 'Object Repository/MayaHome/mayahome - MobileSpy 1/checkeligibility - Btn'

2022-04-01 17:06:35 - [TEST_STEP][PASSED] - if (verifyElementExist(findTestObject("MayaHome/mayahome - MobileSpy 2/header6DigitPin - Txt"), 0, OPTIONAL)): Element 'Object Repository/MayaHome/mayahome - MobileSpy 2/header6DigitPin - Txt' not found

2022-04-01 17:06:35 - [MESSAGE][WARNING] - Timeout '0' is invalid. Using default page load timeout: '20'

2022-04-01 17:06:56 - [MESSAGE][WARNING] - Element 'Object Repository/MayaHome/mayahome - MobileSpy 2/header6DigitPin - Txt' not found

2022-04-01 17:06:56 - [TEST_STEP][PASSED] - else: null]]></system-out>
         <system-err><![CDATA[]]></system-err>
      </testcase>
      <testcase name="Test Cases/MayaHome/mayahome_CEAgentPropertyData" time="8.891" classname="Test Cases/MayaHome/mayahome_CEAgentPropertyData" status="PASSED">
         <system-out><![CDATA[2022-04-01 17:06:56 - [TEST_CASE][PASSED] - Test Cases/MayaHome/mayahome_CEAgentPropertyData: Test Cases/MayaHome/mayahome_CEAgentPropertyData

2022-04-01 17:06:56 - [TEST_STEP][PASSED] - try: Tapped on element 'Object Repository/MayaHome/mayahome - MobileSpy 1/agentSelectYes - Btn'

2022-04-01 17:06:56 - [TEST_STEP][PASSED] - setText(findTestObject("MayaHome/mayahome - MobileSpy 1/propertyagent - Txtfield"), findTestData("mayahomeCredentials").getValue(5, 2), 0): Text '00130052' has been set to element 'Object Repository/MayaHome/mayahome - MobileSpy 1/propertyagent - Txtfield'

2022-04-01 17:06:56 - [MESSAGE][WARNING] - Timeout '0' is invalid. Using default page load timeout: '20'

2022-04-01 17:06:57 - [MESSAGE][PASSED] - Text '00130052' has been set to element 'Object Repository/MayaHome/mayahome - MobileSpy 1/propertyagent - Txtfield'

2022-04-01 17:06:57 - [TEST_STEP][PASSED] - staffNumber = getText(findTestObject("MayaHome/mayahome - MobileSpy 4/staffNumberEnter - Txt"), 0): Text of element 'Object Repository/MayaHome/mayahome - MobileSpy 4/staffNumberEnter - Txt' is: '00130052'

2022-04-01 17:06:57 - [MESSAGE][WARNING] - Timeout '0' is invalid. Using default page load timeout: '20'

2022-04-01 17:06:58 - [MESSAGE][PASSED] - Text of element 'Object Repository/MayaHome/mayahome - MobileSpy 4/staffNumberEnter - Txt' is: '00130052'

2022-04-01 17:06:58 - [TEST_STEP][PASSED] - tap(findTestObject("MayaHome/mayahome - MobileSpy 1/agentSelectConfirm - Btn"), 0): Tapped on element 'Object Repository/MayaHome/mayahome - MobileSpy 1/agentSelectConfirm - Btn'

2022-04-01 17:06:58 - [MESSAGE][WARNING] - Timeout '0' is invalid. Using default page load timeout: '20'

2022-04-01 17:06:59 - [MESSAGE][PASSED] - Tapped on element 'Object Repository/MayaHome/mayahome - MobileSpy 1/agentSelectConfirm - Btn'

2022-04-01 17:06:59 - [TEST_STEP][PASSED] - delay(2, STOP_ON_FAILURE): Delayed 2 second(s)

2022-04-01 17:07:01 - [MESSAGE][PASSED] - Delayed 2 second(s)

2022-04-01 17:07:01 - [TEST_STEP][PASSED] - waitForElementPresent(findTestObject("MayaHome/mayahome - MobileSpy 4/staffNameHeader - Txt"), 0, CONTINUE_ON_FAILURE): Element 'Object Repository/MayaHome/mayahome - MobileSpy 4/staffNameHeader - Txt' is present

2022-04-01 17:07:01 - [MESSAGE][WARNING] - Timeout '0' is invalid. Using default page load timeout: '20'

2022-04-01 17:07:03 - [MESSAGE][PASSED] - Element 'Object Repository/MayaHome/mayahome - MobileSpy 4/staffNameHeader - Txt' is present

2022-04-01 17:07:03 - [TEST_STEP][PASSED] - verifyElementVisible(findTestObject("MayaHome/mayahome - MobileSpy 4/staffNameHeader - Txt"), 0, CONTINUE_ON_FAILURE): Element 'Object Repository/MayaHome/mayahome - MobileSpy 4/staffNameHeader - Txt' is visible

2022-04-01 17:07:03 - [MESSAGE][WARNING] - Timeout '0' is invalid. Using default page load timeout: '20'

2022-04-01 17:07:03 - [MESSAGE][PASSED] - Element 'Object Repository/MayaHome/mayahome - MobileSpy 4/staffNameHeader - Txt' is visible

2022-04-01 17:07:03 - [TEST_STEP][PASSED] - verifyElementVisible(findTestObject("MayaHome/mayahome - MobileSpy 4/staffNameReview - Txt"), 0, CONTINUE_ON_FAILURE): Element 'Object Repository/MayaHome/mayahome - MobileSpy 4/staffNameReview - Txt' is visible

2022-04-01 17:07:03 - [MESSAGE][WARNING] - Timeout '0' is invalid. Using default page load timeout: '20'

2022-04-01 17:07:04 - [MESSAGE][PASSED] - Element 'Object Repository/MayaHome/mayahome - MobileSpy 4/staffNameReview - Txt' is visible

2022-04-01 17:07:04 - [TEST_STEP][PASSED] - verifyElementVisible(findTestObject("MayaHome/mayahome - MobileSpy 4/staffNumberHeader - Txt"), 0, CONTINUE_ON_FAILURE): Element 'Object Repository/MayaHome/mayahome - MobileSpy 4/staffNumberHeader - Txt' is visible

2022-04-01 17:07:04 - [MESSAGE][WARNING] - Timeout '0' is invalid. Using default page load timeout: '20'

2022-04-01 17:07:04 - [MESSAGE][PASSED] - Element 'Object Repository/MayaHome/mayahome - MobileSpy 4/staffNumberHeader - Txt' is visible

2022-04-01 17:07:04 - [TEST_STEP][PASSED] - verifyElementText(findTestObject("MayaHome/mayahome - MobileSpy 4/staffNumberReview - Txt"), staffNumber, CONTINUE_ON_FAILURE): Actual text and expected text of test object 'Object Repository/MayaHome/mayahome - MobileSpy 4/staffNumberReview - Txt' are matched.

2022-04-01 17:07:04 - [MESSAGE][PASSED] - Actual text and expected text of test object 'Object Repository/MayaHome/mayahome - MobileSpy 4/staffNumberReview - Txt' are matched.

2022-04-01 17:07:04 - [TEST_STEP][PASSED] - tap(findTestObject("MayaHome/mayahome - MobileSpy 1/agentSelectYes - Btn"), 0): Tapped on element 'Object Repository/MayaHome/mayahome - MobileSpy 1/agentSelectYes - Btn'

2022-04-01 17:07:04 - [MESSAGE][WARNING] - Timeout '0' is invalid. Using default page load timeout: '20'

2022-04-01 17:07:04 - [MESSAGE][PASSED] - Tapped on element 'Object Repository/MayaHome/mayahome - MobileSpy 1/agentSelectYes - Btn']]></system-out>
         <system-err><![CDATA[]]></system-err>
      </testcase>
      <testcase name="Test Cases/MayaHome/mayahome_CEUnitType" time="8.831" classname="Test Cases/MayaHome/mayahome_CEUnitType" status="PASSED">
         <system-out><![CDATA[2022-04-01 17:07:04 - [TEST_CASE][PASSED] - Test Cases/MayaHome/mayahome_CEUnitType: Test Cases/MayaHome/mayahome_CEUnitType

2022-04-01 17:07:05 - [TEST_STEP][PASSED] - try: Delayed 3 second(s)

2022-04-01 17:07:05 - [TEST_STEP][PASSED] - waitForElementPresent(findTestObject("MayaHome/mayahome - MobileSpy 2/headerPropertyName(UnitType) - Txt"), 5): Element 'Object Repository/MayaHome/mayahome - MobileSpy 2/headerPropertyName(UnitType) - Txt' is present

2022-04-01 17:07:08 - [MESSAGE][PASSED] - Element 'Object Repository/MayaHome/mayahome - MobileSpy 2/headerPropertyName(UnitType) - Txt' is present

2022-04-01 17:07:08 - [TEST_STEP][PASSED] - tap(findTestObject("MayaHome/mayahome - MobileSpy 2/unittypeCornerLot - Frame"), 0): Tapped on element 'Object Repository/MayaHome/mayahome - MobileSpy 2/unittypeCornerLot - Frame'

2022-04-01 17:07:08 - [MESSAGE][WARNING] - Timeout '0' is invalid. Using default page load timeout: '20'

2022-04-01 17:07:10 - [MESSAGE][PASSED] - Tapped on element 'Object Repository/MayaHome/mayahome - MobileSpy 2/unittypeCornerLot - Frame'

2022-04-01 17:07:10 - [TEST_STEP][PASSED] - tap(findTestObject("MayaHome/mayahome - MobileSpy 1/unitselectionconfirm - Btn"), 0): Tapped on element 'Object Repository/MayaHome/mayahome - MobileSpy 1/unitselectionconfirm - Btn'

2022-04-01 17:07:10 - [MESSAGE][WARNING] - Timeout '0' is invalid. Using default page load timeout: '20'

2022-04-01 17:07:10 - [MESSAGE][PASSED] - Tapped on element 'Object Repository/MayaHome/mayahome - MobileSpy 1/unitselectionconfirm - Btn'

2022-04-01 17:07:10 - [TEST_STEP][PASSED] - delay(3, STOP_ON_FAILURE): Delayed 3 second(s)

2022-04-01 17:07:13 - [MESSAGE][PASSED] - Delayed 3 second(s)]]></system-out>
         <system-err><![CDATA[]]></system-err>
      </testcase>
      <testcase name="Test Cases/MayaHome/mayahome_CEReviewApplication" time="211.891" classname="Test Cases/MayaHome/mayahome_CEReviewApplication" status="PASSED">
         <system-out><![CDATA[2022-04-01 17:07:13 - [TEST_CASE][PASSED] - Test Cases/MayaHome/mayahome_CEReviewApplication: Test Cases/MayaHome/mayahome_CEReviewApplication

2022-04-01 17:07:14 - [TEST_STEP][FAILED] - try: Unable to scroll to text 'View Other Properties' (Root cause: org.openqa.selenium.NoSuchElementException: An element could not be located on the page using the given search parameters.
For documentation on this error, please visit: https://www.seleniumhq.org/exceptions/no_such_element.html
Build info: version: '3.141.59', revision: 'e82be7d358', time: '2018-11-14T08:25:53'
System info: host: '80003200.local', ip: '2001:f40:904:36e7:503:73bf:a17d:599e%en0', os.name: 'Mac OS X', os.arch: 'x86_64', os.version: '10.15.7', java.version: '1.8.0_275'
Driver info: com.kms.katalon.core.appium.driver.SwipeableAndroidDriver
Capabilities {app: /Users/vinayeddla/Desktop/M..., appPackage: com.maybank2u.life.sit, appWaitActivity: *, autoGrantPermissions: true, automationName: uiautomator2, chromedriverPort: 52436, databaseEnabled: false, desired: {app: /Users/vinayeddla/Desktop/M..., appWaitActivity: *, autoGrantPermissions: true, automationName: uiautomator2, chromedriverPort: 52436, deviceId: 225ac1ea21057ece, deviceName: samsung SM-G960F (Android 10), fullReset: false, newCommandTimeout: 1800, noReset: true, platform: ANDROID, platformName: android, platformVersion: 10, systemPort: 52434, udid: 225ac1ea21057ece}, deviceApiLevel: 29, deviceId: 225ac1ea21057ece, deviceManufacturer: samsung, deviceModel: SM-G960F, deviceName: 225ac1ea21057ece, deviceScreenDensity: 480, deviceScreenSize: 1080x2220, deviceUDID: 225ac1ea21057ece, fullReset: false, javascriptEnabled: true, locationContextEnabled: false, networkConnectionEnabled: true, newCommandTimeout: 1800, noReset: true, pixelRatio: 3, platform: ANDROID, platformName: Android, platformVersion: 10, statBarHeight: 72, systemPort: 52434, takesScreenshot: true, udid: 225ac1ea21057ece, viewportRect: {height: 2004, left: 0, top: 72, width: 1080}, warnings: {}, webStorageEnabled: false}
Session ID: e0788b22-913a-4671-96f9-ae9066af4131
*** Element info: {Using=-android uiautomator, value=new UiScrollable(new UiSelector().scrollable(true).instance(0)).scrollIntoView(new UiSelector().textContains("View Other Properties"))}
	at org.openqa.selenium.remote.http.W3CHttpResponseCodec.createException(W3CHttpResponseCodec.java:187)
	at org.openqa.selenium.remote.http.W3CHttpResponseCodec.decode(W3CHttpResponseCodec.java:122)
	at org.openqa.selenium.remote.http.W3CHttpResponseCodec.decode(W3CHttpResponseCodec.java:49)
	at org.openqa.selenium.remote.HttpCommandExecutor.execute(HttpCommandExecutor.java:158)
	at io.appium.java_client.remote.AppiumCommandExecutor.execute(AppiumCommandExecutor.java:239)
	at org.openqa.selenium.remote.RemoteWebDriver.execute(RemoteWebDriver.java:552)
	at io.appium.java_client.DefaultGenericMobileDriver.execute(DefaultGenericMobileDriver.java:42)
	at io.appium.java_client.AppiumDriver.execute(AppiumDriver.java:1)
	at io.appium.java_client.android.AndroidDriver.execute(AndroidDriver.java:1)
	at com.kms.katalon.core.appium.driver.SwipeableAndroidDriver.execute(SwipeableAndroidDriver.java:1)
	at org.openqa.selenium.remote.RemoteWebDriver.findElement(RemoteWebDriver.java:323)
	at io.appium.java_client.DefaultGenericMobileDriver.findElement(DefaultGenericMobileDriver.java:62)
	at io.appium.java_client.AppiumDriver.findElement(AppiumDriver.java:1)
	at io.appium.java_client.android.AndroidDriver.findElement(AndroidDriver.java:1)
	at com.kms.katalon.core.appium.driver.SwipeableAndroidDriver.findElement(SwipeableAndroidDriver.java:1)
	at io.appium.java_client.FindsByAndroidUIAutomator.findElementByAndroidUIAutomator(FindsByAndroidUIAutomator.java:38)
	at io.appium.java_client.FindsByAndroidUIAutomator$findElementByAndroidUIAutomator.call(Unknown Source)
	at com.kms.katalon.core.mobile.keyword.builtin.ScrollToTextKeyword$_scrollToText_closure1.doCall(ScrollToTextKeyword.groovy:62)
	at com.kms.katalon.core.mobile.keyword.builtin.ScrollToTextKeyword$_scrollToText_closure1.doCall(ScrollToTextKeyword.groovy)
	at com.kms.katalon.core.mobile.keyword.internal.MobileKeywordMain.runKeyword(MobileKeywordMain.groovy:21)
	at com.kms.katalon.core.mobile.keyword.internal.MobileKeywordMain$runKeyword.call(Unknown Source)
	at com.kms.katalon.core.mobile.keyword.builtin.ScrollToTextKeyword.scrollToText(ScrollToTextKeyword.groovy:85)
	at com.kms.katalon.core.mobile.keyword.builtin.ScrollToTextKeyword.execute(ScrollToTextKeyword.groovy:41)
	at com.kms.katalon.core.keyword.internal.KeywordExecutor.executeKeywordForPlatform(KeywordExecutor.groovy:74)
	at com.kms.katalon.core.mobile.keyword.MobileBuiltInKeywords.scrollToText(MobileBuiltInKeywords.groovy:1863)
	at com.kms.katalon.core.mobile.keyword.MobileBuiltInKeywords$scrollToText$6.call(Unknown Source)
	at mayahome_CEReviewApplication.run(mayahome_CEReviewApplication:339)
	at com.kms.katalon.core.main.ScriptEngine.run(ScriptEngine.java:194)
	at com.kms.katalon.core.main.ScriptEngine.runScriptAsRawText(ScriptEngine.java:119)
	at com.kms.katalon.core.main.TestCaseExecutor.runScript(TestCaseExecutor.java:442)
	at com.kms.katalon.core.main.TestCaseExecutor.doExecute(TestCaseExecutor.java:433)
	at com.kms.katalon.core.main.TestCaseExecutor.processExecutionPhase(TestCaseExecutor.java:412)
	at com.kms.katalon.core.main.TestCaseExecutor.accessMainPhase(TestCaseExecutor.java:404)
	at com.kms.katalon.core.main.TestCaseExecutor.execute(TestCaseExecutor.java:281)
	at com.kms.katalon.core.main.TestSuiteExecutor.accessTestCaseMainPhase(TestSuiteExecutor.java:202)
	at com.kms.katalon.core.main.TestSuiteExecutor.accessTestSuiteMainPhase(TestSuiteExecutor.java:164)
	at com.kms.katalon.core.main.TestSuiteExecutor.execute(TestSuiteExecutor.java:105)
	at com.kms.katalon.core.main.TestCaseMain.startTestSuite(TestCaseMain.java:181)
	at com.kms.katalon.core.main.TestCaseMain$startTestSuite$0.call(Unknown Source)
	at TempTestSuite1648803906405.run(TempTestSuite1648803906405.groovy:36)
)

2022-04-01 17:07:14 - [TEST_STEP][PASSED] - tap(findTestObject("MayaHome/mayahome - MobileSpy 1/propertyPrice - Txtfield"), 0): Tapped on element 'Object Repository/MayaHome/mayahome - MobileSpy 1/propertyPrice - Txtfield'

2022-04-01 17:07:14 - [MESSAGE][WARNING] - Timeout '0' is invalid. Using default page load timeout: '20'

2022-04-01 17:07:14 - [MESSAGE][PASSED] - Tapped on element 'Object Repository/MayaHome/mayahome - MobileSpy 1/propertyPrice - Txtfield'

2022-04-01 17:07:14 - [TEST_STEP][PASSED] - propertypriceEnter = findTestData("mayahomeCredentials").getValue(3, 6): null

2022-04-01 17:07:14 - [TEST_STEP][PASSED] - for ([i = 0, i <= 7, (i++)]): null

2022-04-01 17:07:14 - [TEST_STEP][PASSED] - if (propertypriceEnter[i] == "0"): null

2022-04-01 17:07:14 - [TEST_STEP][PASSED] - if (propertypriceEnter[i] == "1"): Tapped on element 'Object Repository/Login Onboarding/PIN1'

2022-04-01 17:07:14 - [TEST_STEP][PASSED] - tap(findTestObject("Login Onboarding/PIN1"), 0): Tapped on element 'Object Repository/Login Onboarding/PIN1'

2022-04-01 17:07:14 - [MESSAGE][WARNING] - Timeout '0' is invalid. Using default page load timeout: '20'

2022-04-01 17:07:16 - [MESSAGE][PASSED] - Tapped on element 'Object Repository/Login Onboarding/PIN1'

2022-04-01 17:07:16 - [TEST_STEP][PASSED] - if (propertypriceEnter[i] == "2"): null

2022-04-01 17:07:16 - [TEST_STEP][PASSED] - if (propertypriceEnter[i] == "3"): null

2022-04-01 17:07:16 - [TEST_STEP][PASSED] - if (propertypriceEnter[i] == "4"): null

2022-04-01 17:07:16 - [TEST_STEP][PASSED] - if (propertypriceEnter[i] == "5"): null

2022-04-01 17:07:16 - [TEST_STEP][PASSED] - if (propertypriceEnter[i] == "6"): null

2022-04-01 17:07:16 - [TEST_STEP][PASSED] - if (propertypriceEnter[i] == "7"): null

2022-04-01 17:07:16 - [TEST_STEP][PASSED] - if (propertypriceEnter[i] == "8"): null

2022-04-01 17:07:16 - [TEST_STEP][PASSED] - if (propertypriceEnter[i] == "9"): null

2022-04-01 17:07:16 - [TEST_STEP][PASSED] - if (propertypriceEnter[i] == "0"): Tapped on element 'Object Repository/Login Onboarding/PIN0'

2022-04-01 17:07:16 - [TEST_STEP][PASSED] - tap(findTestObject("Login Onboarding/PIN0"), 0): Tapped on element 'Object Repository/Login Onboarding/PIN0'

2022-04-01 17:07:16 - [MESSAGE][WARNING] - Timeout '0' is invalid. Using default page load timeout: '20'

2022-04-01 17:07:17 - [MESSAGE][PASSED] - Tapped on element 'Object Repository/Login Onboarding/PIN0'

2022-04-01 17:07:17 - [TEST_STEP][PASSED] - if (propertypriceEnter[i] == "1"): null

2022-04-01 17:07:17 - [TEST_STEP][PASSED] - if (propertypriceEnter[i] == "2"): null

2022-04-01 17:07:17 - [TEST_STEP][PASSED] - if (propertypriceEnter[i] == "3"): null

2022-04-01 17:07:17 - [TEST_STEP][PASSED] - if (propertypriceEnter[i] == "4"): null

2022-04-01 17:07:17 - [TEST_STEP][PASSED] - if (propertypriceEnter[i] == "5"): null

2022-04-01 17:07:17 - [TEST_STEP][PASSED] - if (propertypriceEnter[i] == "6"): null

2022-04-01 17:07:17 - [TEST_STEP][PASSED] - if (propertypriceEnter[i] == "7"): null

2022-04-01 17:07:17 - [TEST_STEP][PASSED] - if (propertypriceEnter[i] == "8"): null

2022-04-01 17:07:17 - [TEST_STEP][PASSED] - if (propertypriceEnter[i] == "9"): null

2022-04-01 17:07:17 - [TEST_STEP][PASSED] - if (propertypriceEnter[i] == "0"): Tapped on element 'Object Repository/Login Onboarding/PIN0'

2022-04-01 17:07:17 - [TEST_STEP][PASSED] - tap(findTestObject("Login Onboarding/PIN0"), 0): Tapped on element 'Object Repository/Login Onboarding/PIN0'

2022-04-01 17:07:17 - [MESSAGE][WARNING] - Timeout '0' is invalid. Using default page load timeout: '20'

2022-04-01 17:07:19 - [MESSAGE][PASSED] - Tapped on element 'Object Repository/Login Onboarding/PIN0'

2022-04-01 17:07:19 - [TEST_STEP][PASSED] - if (propertypriceEnter[i] == "1"): null

2022-04-01 17:07:19 - [TEST_STEP][PASSED] - if (propertypriceEnter[i] == "2"): null

2022-04-01 17:07:19 - [TEST_STEP][PASSED] - if (propertypriceEnter[i] == "3"): null

2022-04-01 17:07:19 - [TEST_STEP][PASSED] - if (propertypriceEnter[i] == "4"): null

2022-04-01 17:07:19 - [TEST_STEP][PASSED] - if (propertypriceEnter[i] == "5"): null

2022-04-01 17:07:19 - [TEST_STEP][PASSED] - if (propertypriceEnter[i] == "6"): null

2022-04-01 17:07:19 - [TEST_STEP][PASSED] - if (propertypriceEnter[i] == "7"): null

2022-04-01 17:07:19 - [TEST_STEP][PASSED] - if (propertypriceEnter[i] == "8"): null

2022-04-01 17:07:19 - [TEST_STEP][PASSED] - if (propertypriceEnter[i] == "9"): null

2022-04-01 17:07:19 - [TEST_STEP][PASSED] - if (propertypriceEnter[i] == "0"): Tapped on element 'Object Repository/Login Onboarding/PIN0'

2022-04-01 17:07:19 - [TEST_STEP][PASSED] - tap(findTestObject("Login Onboarding/PIN0"), 0): Tapped on element 'Object Repository/Login Onboarding/PIN0'

2022-04-01 17:07:19 - [MESSAGE][WARNING] - Timeout '0' is invalid. Using default page load timeout: '20'

2022-04-01 17:07:20 - [MESSAGE][PASSED] - Tapped on element 'Object Repository/Login Onboarding/PIN0'

2022-04-01 17:07:20 - [TEST_STEP][PASSED] - if (propertypriceEnter[i] == "1"): null

2022-04-01 17:07:20 - [TEST_STEP][PASSED] - if (propertypriceEnter[i] == "2"): null

2022-04-01 17:07:20 - [TEST_STEP][PASSED] - if (propertypriceEnter[i] == "3"): null

2022-04-01 17:07:20 - [TEST_STEP][PASSED] - if (propertypriceEnter[i] == "4"): null

2022-04-01 17:07:20 - [TEST_STEP][PASSED] - if (propertypriceEnter[i] == "5"): null

2022-04-01 17:07:20 - [TEST_STEP][PASSED] - if (propertypriceEnter[i] == "6"): null

2022-04-01 17:07:20 - [TEST_STEP][PASSED] - if (propertypriceEnter[i] == "7"): null

2022-04-01 17:07:20 - [TEST_STEP][PASSED] - if (propertypriceEnter[i] == "8"): null

2022-04-01 17:07:20 - [TEST_STEP][PASSED] - if (propertypriceEnter[i] == "9"): null

2022-04-01 17:07:20 - [TEST_STEP][PASSED] - if (propertypriceEnter[i] == "0"): Tapped on element 'Object Repository/Login Onboarding/PIN0'

2022-04-01 17:07:20 - [TEST_STEP][PASSED] - tap(findTestObject("Login Onboarding/PIN0"), 0): Tapped on element 'Object Repository/Login Onboarding/PIN0'

2022-04-01 17:07:20 - [MESSAGE][WARNING] - Timeout '0' is invalid. Using default page load timeout: '20'

2022-04-01 17:07:21 - [MESSAGE][PASSED] - Tapped on element 'Object Repository/Login Onboarding/PIN0'

2022-04-01 17:07:21 - [TEST_STEP][PASSED] - if (propertypriceEnter[i] == "1"): null

2022-04-01 17:07:21 - [TEST_STEP][PASSED] - if (propertypriceEnter[i] == "2"): null

2022-04-01 17:07:21 - [TEST_STEP][PASSED] - if (propertypriceEnter[i] == "3"): null

2022-04-01 17:07:21 - [TEST_STEP][PASSED] - if (propertypriceEnter[i] == "4"): null

2022-04-01 17:07:21 - [TEST_STEP][PASSED] - if (propertypriceEnter[i] == "5"): null

2022-04-01 17:07:21 - [TEST_STEP][PASSED] - if (propertypriceEnter[i] == "6"): null

2022-04-01 17:07:21 - [TEST_STEP][PASSED] - if (propertypriceEnter[i] == "7"): null

2022-04-01 17:07:21 - [TEST_STEP][PASSED] - if (propertypriceEnter[i] == "8"): null

2022-04-01 17:07:21 - [TEST_STEP][PASSED] - if (propertypriceEnter[i] == "9"): null

2022-04-01 17:07:21 - [TEST_STEP][PASSED] - if (propertypriceEnter[i] == "0"): Tapped on element 'Object Repository/Login Onboarding/PIN0'

2022-04-01 17:07:21 - [TEST_STEP][PASSED] - tap(findTestObject("Login Onboarding/PIN0"), 0): Tapped on element 'Object Repository/Login Onboarding/PIN0'

2022-04-01 17:07:21 - [MESSAGE][WARNING] - Timeout '0' is invalid. Using default page load timeout: '20'

2022-04-01 17:07:22 - [MESSAGE][PASSED] - Tapped on element 'Object Repository/Login Onboarding/PIN0'

2022-04-01 17:07:22 - [TEST_STEP][PASSED] - if (propertypriceEnter[i] == "1"): null

2022-04-01 17:07:22 - [TEST_STEP][PASSED] - if (propertypriceEnter[i] == "2"): null

2022-04-01 17:07:22 - [TEST_STEP][PASSED] - if (propertypriceEnter[i] == "3"): null

2022-04-01 17:07:22 - [TEST_STEP][PASSED] - if (propertypriceEnter[i] == "4"): null

2022-04-01 17:07:22 - [TEST_STEP][PASSED] - if (propertypriceEnter[i] == "5"): null

2022-04-01 17:07:22 - [TEST_STEP][PASSED] - if (propertypriceEnter[i] == "6"): null

2022-04-01 17:07:22 - [TEST_STEP][PASSED] - if (propertypriceEnter[i] == "7"): null

2022-04-01 17:07:22 - [TEST_STEP][PASSED] - if (propertypriceEnter[i] == "8"): null

2022-04-01 17:07:22 - [TEST_STEP][PASSED] - if (propertypriceEnter[i] == "9"): null

2022-04-01 17:07:22 - [TEST_STEP][PASSED] - if (propertypriceEnter[i] == "0"): Tapped on element 'Object Repository/Login Onboarding/PIN0'

2022-04-01 17:07:22 - [TEST_STEP][PASSED] - tap(findTestObject("Login Onboarding/PIN0"), 0): Tapped on element 'Object Repository/Login Onboarding/PIN0'

2022-04-01 17:07:22 - [MESSAGE][WARNING] - Timeout '0' is invalid. Using default page load timeout: '20'

2022-04-01 17:07:23 - [MESSAGE][PASSED] - Tapped on element 'Object Repository/Login Onboarding/PIN0'

2022-04-01 17:07:23 - [TEST_STEP][PASSED] - if (propertypriceEnter[i] == "1"): null

2022-04-01 17:07:23 - [TEST_STEP][PASSED] - if (propertypriceEnter[i] == "2"): null

2022-04-01 17:07:23 - [TEST_STEP][PASSED] - if (propertypriceEnter[i] == "3"): null

2022-04-01 17:07:23 - [TEST_STEP][PASSED] - if (propertypriceEnter[i] == "4"): null

2022-04-01 17:07:23 - [TEST_STEP][PASSED] - if (propertypriceEnter[i] == "5"): null

2022-04-01 17:07:23 - [TEST_STEP][PASSED] - if (propertypriceEnter[i] == "6"): null

2022-04-01 17:07:23 - [TEST_STEP][PASSED] - if (propertypriceEnter[i] == "7"): null

2022-04-01 17:07:23 - [TEST_STEP][PASSED] - if (propertypriceEnter[i] == "8"): null

2022-04-01 17:07:23 - [TEST_STEP][PASSED] - if (propertypriceEnter[i] == "9"): null

2022-04-01 17:07:23 - [TEST_STEP][PASSED] - if (propertypriceEnter[i] == "0"): Tapped on element 'Object Repository/Login Onboarding/PIN0'

2022-04-01 17:07:23 - [TEST_STEP][PASSED] - tap(findTestObject("Login Onboarding/PIN0"), 0): Tapped on element 'Object Repository/Login Onboarding/PIN0'

2022-04-01 17:07:23 - [MESSAGE][WARNING] - Timeout '0' is invalid. Using default page load timeout: '20'

2022-04-01 17:07:24 - [MESSAGE][PASSED] - Tapped on element 'Object Repository/Login Onboarding/PIN0'

2022-04-01 17:07:24 - [TEST_STEP][PASSED] - if (propertypriceEnter[i] == "1"): null

2022-04-01 17:07:24 - [TEST_STEP][PASSED] - if (propertypriceEnter[i] == "2"): null

2022-04-01 17:07:24 - [TEST_STEP][PASSED] - if (propertypriceEnter[i] == "3"): null

2022-04-01 17:07:24 - [TEST_STEP][PASSED] - if (propertypriceEnter[i] == "4"): null

2022-04-01 17:07:24 - [TEST_STEP][PASSED] - if (propertypriceEnter[i] == "5"): null

2022-04-01 17:07:24 - [TEST_STEP][PASSED] - if (propertypriceEnter[i] == "6"): null

2022-04-01 17:07:24 - [TEST_STEP][PASSED] - if (propertypriceEnter[i] == "7"): null

2022-04-01 17:07:24 - [TEST_STEP][PASSED] - if (propertypriceEnter[i] == "8"): null

2022-04-01 17:07:24 - [TEST_STEP][PASSED] - if (propertypriceEnter[i] == "9"): null

2022-04-01 17:07:24 - [TEST_STEP][PASSED] - tap(findTestObject("MayaHome/mayahome - MobileSpy 1/pinPropertyPrice - check"), 0): Tapped on element 'Object Repository/MayaHome/mayahome - MobileSpy 1/pinPropertyPrice - check'

2022-04-01 17:07:24 - [MESSAGE][WARNING] - Timeout '0' is invalid. Using default page load timeout: '20'

2022-04-01 17:07:25 - [MESSAGE][PASSED] - Tapped on element 'Object Repository/MayaHome/mayahome - MobileSpy 1/pinPropertyPrice - check'

2022-04-01 17:07:25 - [TEST_STEP][PASSED] - tap(findTestObject("MayaHome/mayahome - MobileSpy 1/downpaymentAmount - Btn"), 0): Tapped on element 'Object Repository/MayaHome/mayahome - MobileSpy 1/downpaymentAmount - Btn'

2022-04-01 17:07:25 - [MESSAGE][WARNING] - Timeout '0' is invalid. Using default page load timeout: '20'

2022-04-01 17:07:26 - [MESSAGE][PASSED] - Tapped on element 'Object Repository/MayaHome/mayahome - MobileSpy 1/downpaymentAmount - Btn'

2022-04-01 17:07:26 - [TEST_STEP][PASSED] - tap(findTestObject("MayaHome/mayahome - MobileSpy 1/downpaymentEnter - Txtfield"), 0): Tapped on element 'Object Repository/MayaHome/mayahome - MobileSpy 1/downpaymentEnter - Txtfield'

2022-04-01 17:07:26 - [MESSAGE][WARNING] - Timeout '0' is invalid. Using default page load timeout: '20'

2022-04-01 17:07:28 - [MESSAGE][PASSED] - Tapped on element 'Object Repository/MayaHome/mayahome - MobileSpy 1/downpaymentEnter - Txtfield'

2022-04-01 17:07:28 - [TEST_STEP][PASSED] - downpaymentEnter = findTestData("mayahomeCredentials").getValue(4, 6): null

2022-04-01 17:07:28 - [TEST_STEP][PASSED] - for ([i = 0, i <= 6, (i++)]): null

2022-04-01 17:07:28 - [TEST_STEP][PASSED] - if (downpaymentEnter[i] == "0"): null

2022-04-01 17:07:28 - [TEST_STEP][PASSED] - if (downpaymentEnter[i] == "1"): null

2022-04-01 17:07:28 - [TEST_STEP][PASSED] - if (downpaymentEnter[i] == "2"): Tapped on element 'Object Repository/Login Onboarding/PIN2'

2022-04-01 17:07:28 - [TEST_STEP][PASSED] - tap(findTestObject("Login Onboarding/PIN2"), 0): Tapped on element 'Object Repository/Login Onboarding/PIN2'

2022-04-01 17:07:28 - [MESSAGE][WARNING] - Timeout '0' is invalid. Using default page load timeout: '20'

2022-04-01 17:07:29 - [MESSAGE][PASSED] - Tapped on element 'Object Repository/Login Onboarding/PIN2'

2022-04-01 17:07:29 - [TEST_STEP][PASSED] - if (downpaymentEnter[i] == "3"): null

2022-04-01 17:07:29 - [TEST_STEP][PASSED] - if (downpaymentEnter[i] == "4"): null

2022-04-01 17:07:29 - [TEST_STEP][PASSED] - if (downpaymentEnter[i] == "5"): null

2022-04-01 17:07:29 - [TEST_STEP][PASSED] - if (downpaymentEnter[i] == "6"): null

2022-04-01 17:07:29 - [TEST_STEP][PASSED] - if (downpaymentEnter[i] == "7"): null

2022-04-01 17:07:29 - [TEST_STEP][PASSED] - if (downpaymentEnter[i] == "8"): null

2022-04-01 17:07:29 - [TEST_STEP][PASSED] - if (downpaymentEnter[i] == "9"): null

2022-04-01 17:07:29 - [TEST_STEP][PASSED] - if (downpaymentEnter[i] == "0"): Tapped on element 'Object Repository/Login Onboarding/PIN0'

2022-04-01 17:07:29 - [TEST_STEP][PASSED] - tap(findTestObject("Login Onboarding/PIN0"), 0): Tapped on element 'Object Repository/Login Onboarding/PIN0'

2022-04-01 17:07:30 - [MESSAGE][WARNING] - Timeout '0' is invalid. Using default page load timeout: '20'

2022-04-01 17:07:31 - [MESSAGE][PASSED] - Tapped on element 'Object Repository/Login Onboarding/PIN0'

2022-04-01 17:07:31 - [TEST_STEP][PASSED] - if (downpaymentEnter[i] == "1"): null

2022-04-01 17:07:31 - [TEST_STEP][PASSED] - if (downpaymentEnter[i] == "2"): null

2022-04-01 17:07:31 - [TEST_STEP][PASSED] - if (downpaymentEnter[i] == "3"): null

2022-04-01 17:07:31 - [TEST_STEP][PASSED] - if (downpaymentEnter[i] == "4"): null

2022-04-01 17:07:31 - [TEST_STEP][PASSED] - if (downpaymentEnter[i] == "5"): null

2022-04-01 17:07:31 - [TEST_STEP][PASSED] - if (downpaymentEnter[i] == "6"): null

2022-04-01 17:07:31 - [TEST_STEP][PASSED] - if (downpaymentEnter[i] == "7"): null

2022-04-01 17:07:31 - [TEST_STEP][PASSED] - if (downpaymentEnter[i] == "8"): null

2022-04-01 17:07:31 - [TEST_STEP][PASSED] - if (downpaymentEnter[i] == "9"): null

2022-04-01 17:07:31 - [TEST_STEP][PASSED] - if (downpaymentEnter[i] == "0"): Tapped on element 'Object Repository/Login Onboarding/PIN0'

2022-04-01 17:07:31 - [TEST_STEP][PASSED] - tap(findTestObject("Login Onboarding/PIN0"), 0): Tapped on element 'Object Repository/Login Onboarding/PIN0'

2022-04-01 17:07:31 - [MESSAGE][WARNING] - Timeout '0' is invalid. Using default page load timeout: '20'

2022-04-01 17:07:32 - [MESSAGE][PASSED] - Tapped on element 'Object Repository/Login Onboarding/PIN0'

2022-04-01 17:07:32 - [TEST_STEP][PASSED] - if (downpaymentEnter[i] == "1"): null

2022-04-01 17:07:32 - [TEST_STEP][PASSED] - if (downpaymentEnter[i] == "2"): null

2022-04-01 17:07:32 - [TEST_STEP][PASSED] - if (downpaymentEnter[i] == "3"): null

2022-04-01 17:07:32 - [TEST_STEP][PASSED] - if (downpaymentEnter[i] == "4"): null

2022-04-01 17:07:32 - [TEST_STEP][PASSED] - if (downpaymentEnter[i] == "5"): null

2022-04-01 17:07:32 - [TEST_STEP][PASSED] - if (downpaymentEnter[i] == "6"): null

2022-04-01 17:07:32 - [TEST_STEP][PASSED] - if (downpaymentEnter[i] == "7"): null

2022-04-01 17:07:32 - [TEST_STEP][PASSED] - if (downpaymentEnter[i] == "8"): null

2022-04-01 17:07:32 - [TEST_STEP][PASSED] - if (downpaymentEnter[i] == "9"): null

2022-04-01 17:07:32 - [TEST_STEP][PASSED] - if (downpaymentEnter[i] == "0"): Tapped on element 'Object Repository/Login Onboarding/PIN0'

2022-04-01 17:07:32 - [TEST_STEP][PASSED] - tap(findTestObject("Login Onboarding/PIN0"), 0): Tapped on element 'Object Repository/Login Onboarding/PIN0'

2022-04-01 17:07:32 - [MESSAGE][WARNING] - Timeout '0' is invalid. Using default page load timeout: '20'

2022-04-01 17:07:33 - [MESSAGE][PASSED] - Tapped on element 'Object Repository/Login Onboarding/PIN0'

2022-04-01 17:07:33 - [TEST_STEP][PASSED] - if (downpaymentEnter[i] == "1"): null

2022-04-01 17:07:33 - [TEST_STEP][PASSED] - if (downpaymentEnter[i] == "2"): null

2022-04-01 17:07:33 - [TEST_STEP][PASSED] - if (downpaymentEnter[i] == "3"): null

2022-04-01 17:07:33 - [TEST_STEP][PASSED] - if (downpaymentEnter[i] == "4"): null

2022-04-01 17:07:33 - [TEST_STEP][PASSED] - if (downpaymentEnter[i] == "5"): null

2022-04-01 17:07:33 - [TEST_STEP][PASSED] - if (downpaymentEnter[i] == "6"): null

2022-04-01 17:07:33 - [TEST_STEP][PASSED] - if (downpaymentEnter[i] == "7"): null

2022-04-01 17:07:33 - [TEST_STEP][PASSED] - if (downpaymentEnter[i] == "8"): null

2022-04-01 17:07:33 - [TEST_STEP][PASSED] - if (downpaymentEnter[i] == "9"): null

2022-04-01 17:07:33 - [TEST_STEP][PASSED] - if (downpaymentEnter[i] == "0"): Tapped on element 'Object Repository/Login Onboarding/PIN0'

2022-04-01 17:07:33 - [TEST_STEP][PASSED] - tap(findTestObject("Login Onboarding/PIN0"), 0): Tapped on element 'Object Repository/Login Onboarding/PIN0'

2022-04-01 17:07:33 - [MESSAGE][WARNING] - Timeout '0' is invalid. Using default page load timeout: '20'

2022-04-01 17:07:34 - [MESSAGE][PASSED] - Tapped on element 'Object Repository/Login Onboarding/PIN0'

2022-04-01 17:07:34 - [TEST_STEP][PASSED] - if (downpaymentEnter[i] == "1"): null

2022-04-01 17:07:34 - [TEST_STEP][PASSED] - if (downpaymentEnter[i] == "2"): null

2022-04-01 17:07:34 - [TEST_STEP][PASSED] - if (downpaymentEnter[i] == "3"): null

2022-04-01 17:07:34 - [TEST_STEP][PASSED] - if (downpaymentEnter[i] == "4"): null

2022-04-01 17:07:34 - [TEST_STEP][PASSED] - if (downpaymentEnter[i] == "5"): null

2022-04-01 17:07:34 - [TEST_STEP][PASSED] - if (downpaymentEnter[i] == "6"): null

2022-04-01 17:07:34 - [TEST_STEP][PASSED] - if (downpaymentEnter[i] == "7"): null

2022-04-01 17:07:34 - [TEST_STEP][PASSED] - if (downpaymentEnter[i] == "8"): null

2022-04-01 17:07:34 - [TEST_STEP][PASSED] - if (downpaymentEnter[i] == "9"): null

2022-04-01 17:07:34 - [TEST_STEP][PASSED] - if (downpaymentEnter[i] == "0"): Tapped on element 'Object Repository/Login Onboarding/PIN0'

2022-04-01 17:07:34 - [TEST_STEP][PASSED] - tap(findTestObject("Login Onboarding/PIN0"), 0): Tapped on element 'Object Repository/Login Onboarding/PIN0'

2022-04-01 17:07:35 - [MESSAGE][WARNING] - Timeout '0' is invalid. Using default page load timeout: '20'

2022-04-01 17:07:35 - [MESSAGE][PASSED] - Tapped on element 'Object Repository/Login Onboarding/PIN0'

2022-04-01 17:07:35 - [TEST_STEP][PASSED] - if (downpaymentEnter[i] == "1"): null

2022-04-01 17:07:35 - [TEST_STEP][PASSED] - if (downpaymentEnter[i] == "2"): null

2022-04-01 17:07:35 - [TEST_STEP][PASSED] - if (downpaymentEnter[i] == "3"): null

2022-04-01 17:07:35 - [TEST_STEP][PASSED] - if (downpaymentEnter[i] == "4"): null

2022-04-01 17:07:35 - [TEST_STEP][PASSED] - if (downpaymentEnter[i] == "5"): null

2022-04-01 17:07:35 - [TEST_STEP][PASSED] - if (downpaymentEnter[i] == "6"): null

2022-04-01 17:07:35 - [TEST_STEP][PASSED] - if (downpaymentEnter[i] == "7"): null

2022-04-01 17:07:35 - [TEST_STEP][PASSED] - if (downpaymentEnter[i] == "8"): null

2022-04-01 17:07:35 - [TEST_STEP][PASSED] - if (downpaymentEnter[i] == "9"): null

2022-04-01 17:07:35 - [TEST_STEP][PASSED] - if (downpaymentEnter[i] == "0"): Tapped on element 'Object Repository/Login Onboarding/PIN0'

2022-04-01 17:07:35 - [TEST_STEP][PASSED] - tap(findTestObject("Login Onboarding/PIN0"), 0): Tapped on element 'Object Repository/Login Onboarding/PIN0'

2022-04-01 17:07:35 - [MESSAGE][WARNING] - Timeout '0' is invalid. Using default page load timeout: '20'

2022-04-01 17:07:36 - [MESSAGE][PASSED] - Tapped on element 'Object Repository/Login Onboarding/PIN0'

2022-04-01 17:07:36 - [TEST_STEP][PASSED] - if (downpaymentEnter[i] == "1"): null

2022-04-01 17:07:36 - [TEST_STEP][PASSED] - if (downpaymentEnter[i] == "2"): null

2022-04-01 17:07:36 - [TEST_STEP][PASSED] - if (downpaymentEnter[i] == "3"): null

2022-04-01 17:07:36 - [TEST_STEP][PASSED] - if (downpaymentEnter[i] == "4"): null

2022-04-01 17:07:36 - [TEST_STEP][PASSED] - if (downpaymentEnter[i] == "5"): null

2022-04-01 17:07:36 - [TEST_STEP][PASSED] - if (downpaymentEnter[i] == "6"): null

2022-04-01 17:07:36 - [TEST_STEP][PASSED] - if (downpaymentEnter[i] == "7"): null

2022-04-01 17:07:36 - [TEST_STEP][PASSED] - if (downpaymentEnter[i] == "8"): null

2022-04-01 17:07:36 - [TEST_STEP][PASSED] - if (downpaymentEnter[i] == "9"): null

2022-04-01 17:07:36 - [TEST_STEP][PASSED] - tap(findTestObject("MayaHome/mayahome - MobileSpy 1/pinPropertyPrice - check"), 0): Tapped on element 'Object Repository/MayaHome/mayahome - MobileSpy 1/pinPropertyPrice - check'

2022-04-01 17:07:36 - [MESSAGE][WARNING] - Timeout '0' is invalid. Using default page load timeout: '20'

2022-04-01 17:07:38 - [MESSAGE][PASSED] - Tapped on element 'Object Repository/MayaHome/mayahome - MobileSpy 1/pinPropertyPrice - check'

2022-04-01 17:07:38 - [TEST_STEP][PASSED] - propertyPrice = "RM " + getText(findTestObject("MayaHome/mayahome - MobileSpy 2/propertyPrice - Txt"), 0): Text of element 'Object Repository/MayaHome/mayahome - MobileSpy 2/propertyPrice - Txt' is: '100,000.00'

2022-04-01 17:07:38 - [MESSAGE][WARNING] - Timeout '0' is invalid. Using default page load timeout: '20'

2022-04-01 17:07:39 - [MESSAGE][PASSED] - Text of element 'Object Repository/MayaHome/mayahome - MobileSpy 2/propertyPrice - Txt' is: '100,000.00'

2022-04-01 17:07:39 - [TEST_STEP][PASSED] - downpaymentPrice = "RM " + getText(findTestObject("MayaHome/mayahome - MobileSpy 2/downpaymentAmount - Txt"), 0): Text of element 'Object Repository/MayaHome/mayahome - MobileSpy 2/downpaymentAmount - Txt' is: '20,000.00'

2022-04-01 17:07:39 - [MESSAGE][WARNING] - Timeout '0' is invalid. Using default page load timeout: '20'

2022-04-01 17:07:39 - [MESSAGE][PASSED] - Text of element 'Object Repository/MayaHome/mayahome - MobileSpy 2/downpaymentAmount - Txt' is: '20,000.00'

2022-04-01 17:07:39 - [TEST_STEP][PASSED] - tap(findTestObject("MayaHome/mayahome - MobileSpy 1/propertyPriceContinue - Btn"), 0): Tapped on element 'Object Repository/MayaHome/mayahome - MobileSpy 1/propertyPriceContinue - Btn'

2022-04-01 17:07:39 - [MESSAGE][WARNING] - Timeout '0' is invalid. Using default page load timeout: '20'

2022-04-01 17:07:39 - [MESSAGE][PASSED] - Tapped on element 'Object Repository/MayaHome/mayahome - MobileSpy 1/propertyPriceContinue - Btn'

2022-04-01 17:07:39 - [TEST_STEP][PASSED] - delay(5): Delayed 5 second(s)

2022-04-01 17:07:44 - [MESSAGE][PASSED] - Delayed 5 second(s)

2022-04-01 17:07:44 - [TEST_STEP][PASSED] - loanAmount = getText(findTestObject("MayaHome/mayahome - MobileSpy 2/agreedLoanAmount - Txt"), 0): Text of element 'Object Repository/MayaHome/mayahome - MobileSpy 2/agreedLoanAmount - Txt' is: 'RM 80,000.00'

2022-04-01 17:07:44 - [MESSAGE][WARNING] - Timeout '0' is invalid. Using default page load timeout: '20'

2022-04-01 17:07:45 - [MESSAGE][PASSED] - Text of element 'Object Repository/MayaHome/mayahome - MobileSpy 2/agreedLoanAmount - Txt' is: 'RM 80,000.00'

2022-04-01 17:07:45 - [TEST_STEP][PASSED] - loanPeriod = getText(findTestObject("MayaHome/mayahome - MobileSpy 2/agreedLoanPeriod - Txt"), 0): Text of element 'Object Repository/MayaHome/mayahome - MobileSpy 2/agreedLoanPeriod - Txt' is: '29 years'

2022-04-01 17:07:45 - [MESSAGE][WARNING] - Timeout '0' is invalid. Using default page load timeout: '20'

2022-04-01 17:07:45 - [MESSAGE][PASSED] - Text of element 'Object Repository/MayaHome/mayahome - MobileSpy 2/agreedLoanPeriod - Txt' is: '29 years'

2022-04-01 17:07:45 - [TEST_STEP][PASSED] - tap(findTestObject("MayaHome/mayahome - MobileSpy 1/propertyPriceContinue - Btn"), 0): Tapped on element 'Object Repository/MayaHome/mayahome - MobileSpy 1/propertyPriceContinue - Btn'

2022-04-01 17:07:45 - [MESSAGE][WARNING] - Timeout '0' is invalid. Using default page load timeout: '20'

2022-04-01 17:07:45 - [MESSAGE][PASSED] - Tapped on element 'Object Repository/MayaHome/mayahome - MobileSpy 1/propertyPriceContinue - Btn'

2022-04-01 17:07:45 - [TEST_STEP][PASSED] - delay(3, STOP_ON_FAILURE): Delayed 3 second(s)

2022-04-01 17:07:48 - [MESSAGE][PASSED] - Delayed 3 second(s)

2022-04-01 17:07:48 - [TEST_STEP][PASSED] - callTestCase(findTestCase("MayaHome/mayahome_CEPersonalDetail"), null): Call Test Case 'Test Cases/MayaHome/mayahome_CEPersonalDetail' successfully

2022-04-01 17:07:48 - [TEST_CASE][PASSED] - Test Cases/MayaHome/mayahome_CEPersonalDetail: Test Cases/MayaHome/mayahome_CEPersonalDetail

2022-04-01 17:07:49 - [TEST_STEP][PASSED] - try: Tapped on element 'Object Repository/MayaHome/mayahome - MobileSpy 1/save next - Btn'

2022-04-01 17:07:49 - [TEST_STEP][PASSED] - tap(findTestObject("MayaHome/mayahome - MobileSpy 1/statusinfoOptionTitle - dropdownBtn"), 0): Tapped on element 'Object Repository/MayaHome/mayahome - MobileSpy 1/statusinfoOptionTitle - dropdownBtn'

2022-04-01 17:07:49 - [MESSAGE][WARNING] - Timeout '0' is invalid. Using default page load timeout: '20'

2022-04-01 17:07:49 - [MESSAGE][PASSED] - Tapped on element 'Object Repository/MayaHome/mayahome - MobileSpy 1/statusinfoOptionTitle - dropdownBtn'

2022-04-01 17:07:49 - [TEST_STEP][PASSED] - scrollToText("Tuan"): Scrolling to text 'Tuan' successfully

2022-04-01 17:08:02 - [MESSAGE][PASSED] - Scrolling to text 'Tuan' successfully

2022-04-01 17:08:02 - [TEST_STEP][PASSED] - tap(findTestObject("MayaHome/mayahome - MobileSpy 4/blankScreen - PersonalDetail"), 0): Tapped on element 'Object Repository/MayaHome/mayahome - MobileSpy 4/blankScreen - PersonalDetail'

2022-04-01 17:08:02 - [MESSAGE][WARNING] - Timeout '0' is invalid. Using default page load timeout: '20'

2022-04-01 17:08:03 - [MESSAGE][PASSED] - Tapped on element 'Object Repository/MayaHome/mayahome - MobileSpy 4/blankScreen - PersonalDetail'

2022-04-01 17:08:03 - [TEST_STEP][PASSED] - tap(findTestObject("MayaHome/mayahome - MobileSpy 1/statusinfoOptionResident - dropdownBtn"), 0): Tapped on element 'Object Repository/MayaHome/mayahome - MobileSpy 1/statusinfoOptionResident - dropdownBtn'

2022-04-01 17:08:03 - [MESSAGE][WARNING] - Timeout '0' is invalid. Using default page load timeout: '20'

2022-04-01 17:08:03 - [MESSAGE][PASSED] - Tapped on element 'Object Repository/MayaHome/mayahome - MobileSpy 1/statusinfoOptionResident - dropdownBtn'

2022-04-01 17:08:03 - [TEST_STEP][PASSED] - tap(findTestObject("MayaHome/mayahome - MobileSpy 1/statusInfoResidentOption - Bumiputera"), 0): Tapped on element 'Object Repository/MayaHome/mayahome - MobileSpy 1/statusInfoResidentOption - Bumiputera'

2022-04-01 17:08:04 - [MESSAGE][WARNING] - Timeout '0' is invalid. Using default page load timeout: '20'

2022-04-01 17:08:05 - [MESSAGE][PASSED] - Tapped on element 'Object Repository/MayaHome/mayahome - MobileSpy 1/statusInfoResidentOption - Bumiputera'

2022-04-01 17:08:05 - [TEST_STEP][PASSED] - tap(findTestObject("MayaHome/mayahome - MobileSpy 1/statusInfoDropDown - doneBtn"), 0): Tapped on element 'Object Repository/MayaHome/mayahome - MobileSpy 1/statusInfoDropDown - doneBtn'

2022-04-01 17:08:05 - [MESSAGE][WARNING] - Timeout '0' is invalid. Using default page load timeout: '20'

2022-04-01 17:08:06 - [MESSAGE][PASSED] - Tapped on element 'Object Repository/MayaHome/mayahome - MobileSpy 1/statusInfoDropDown - doneBtn'

2022-04-01 17:08:06 - [TEST_STEP][PASSED] - tap(findTestObject("MayaHome/mayahome - MobileSpy 1/statusinfoOptionEducation - dropdownBtn"), 0): Tapped on element 'Object Repository/MayaHome/mayahome - MobileSpy 1/statusinfoOptionEducation - dropdownBtn'

2022-04-01 17:08:06 - [MESSAGE][WARNING] - Timeout '0' is invalid. Using default page load timeout: '20'

2022-04-01 17:08:07 - [MESSAGE][PASSED] - Tapped on element 'Object Repository/MayaHome/mayahome - MobileSpy 1/statusinfoOptionEducation - dropdownBtn'

2022-04-01 17:08:07 - [TEST_STEP][PASSED] - scrollToText("Professional Qualification", STOP_ON_FAILURE): Scrolling to text 'Professional Qualification' successfully

2022-04-01 17:08:08 - [MESSAGE][PASSED] - Scrolling to text 'Professional Qualification' successfully

2022-04-01 17:08:08 - [TEST_STEP][PASSED] - tap(findTestObject("MayaHome/mayahome - MobileSpy 1/statusInfoEducationOption - Pro Qualify"), 0): Tapped on element 'Object Repository/MayaHome/mayahome - MobileSpy 1/statusInfoEducationOption - Pro Qualify'

2022-04-01 17:08:08 - [MESSAGE][WARNING] - Timeout '0' is invalid. Using default page load timeout: '20'

2022-04-01 17:08:09 - [MESSAGE][PASSED] - Tapped on element 'Object Repository/MayaHome/mayahome - MobileSpy 1/statusInfoEducationOption - Pro Qualify'

2022-04-01 17:08:09 - [TEST_STEP][PASSED] - tap(findTestObject("MayaHome/mayahome - MobileSpy 1/statusInfoDropDown - doneBtn"), 0): Tapped on element 'Object Repository/MayaHome/mayahome - MobileSpy 1/statusInfoDropDown - doneBtn'

2022-04-01 17:08:09 - [MESSAGE][WARNING] - Timeout '0' is invalid. Using default page load timeout: '20'

2022-04-01 17:08:10 - [MESSAGE][PASSED] - Tapped on element 'Object Repository/MayaHome/mayahome - MobileSpy 1/statusInfoDropDown - doneBtn'

2022-04-01 17:08:10 - [TEST_STEP][PASSED] - scrollToText("Employment status"): Scrolling to text 'Employment status' successfully

2022-04-01 17:08:13 - [MESSAGE][PASSED] - Scrolling to text 'Employment status' successfully

2022-04-01 17:08:13 - [TEST_STEP][PASSED] - tap(findTestObject("MayaHome/mayahome - MobileSpy 1/statusinfoOptionMarital - dropdownBtn"), 0): Tapped on element 'Object Repository/MayaHome/mayahome - MobileSpy 1/statusinfoOptionMarital - dropdownBtn'

2022-04-01 17:08:13 - [MESSAGE][WARNING] - Timeout '0' is invalid. Using default page load timeout: '20'

2022-04-01 17:08:13 - [MESSAGE][PASSED] - Tapped on element 'Object Repository/MayaHome/mayahome - MobileSpy 1/statusinfoOptionMarital - dropdownBtn'

2022-04-01 17:08:13 - [TEST_STEP][PASSED] - scrollToText("Single", STOP_ON_FAILURE): Scrolling to text 'Single' successfully

2022-04-01 17:08:14 - [MESSAGE][PASSED] - Scrolling to text 'Single' successfully

2022-04-01 17:08:14 - [TEST_STEP][PASSED] - tap(findTestObject("MayaHome/mayahome - MobileSpy 1/statusInfoMaritalStatus - Married"), 0): Tapped on element 'Object Repository/MayaHome/mayahome - MobileSpy 1/statusInfoMaritalStatus - Married'

2022-04-01 17:08:14 - [MESSAGE][WARNING] - Timeout '0' is invalid. Using default page load timeout: '20'

2022-04-01 17:08:15 - [MESSAGE][PASSED] - Tapped on element 'Object Repository/MayaHome/mayahome - MobileSpy 1/statusInfoMaritalStatus - Married'

2022-04-01 17:08:15 - [TEST_STEP][PASSED] - tap(findTestObject("MayaHome/mayahome - MobileSpy 1/statusInfoDropDown - doneBtn"), 0): Tapped on element 'Object Repository/MayaHome/mayahome - MobileSpy 1/statusInfoDropDown - doneBtn'

2022-04-01 17:08:15 - [MESSAGE][WARNING] - Timeout '0' is invalid. Using default page load timeout: '20'

2022-04-01 17:08:15 - [MESSAGE][PASSED] - Tapped on element 'Object Repository/MayaHome/mayahome - MobileSpy 1/statusInfoDropDown - doneBtn'

2022-04-01 17:08:15 - [TEST_STEP][PASSED] - if (verifyElementExist(findTestObject("MayaHome/mayahome - MobileSpy 1/spouseGrossIncome - header"), 0, OPTIONAL)): Element 'Object Repository/MayaHome/mayahome - MobileSpy 1/spouseGrossIncome - header' not found

2022-04-01 17:08:15 - [MESSAGE][WARNING] - Timeout '0' is invalid. Using default page load timeout: '20'

2022-04-01 17:08:35 - [MESSAGE][WARNING] - Element 'Object Repository/MayaHome/mayahome - MobileSpy 1/spouseGrossIncome - header' not found

2022-04-01 17:08:35 - [TEST_STEP][PASSED] - else: null

2022-04-01 17:08:35 - [TEST_STEP][PASSED] - tap(findTestObject("MayaHome/mayahome - MobileSpy 1/statusinfoOptionReligion - dropdownBtn"), 0): Tapped on element 'Object Repository/MayaHome/mayahome - MobileSpy 1/statusinfoOptionReligion - dropdownBtn'

2022-04-01 17:08:35 - [MESSAGE][WARNING] - Timeout '0' is invalid. Using default page load timeout: '20'

2022-04-01 17:08:36 - [MESSAGE][PASSED] - Tapped on element 'Object Repository/MayaHome/mayahome - MobileSpy 1/statusinfoOptionReligion - dropdownBtn'

2022-04-01 17:08:36 - [TEST_STEP][PASSED] - scrollToText("Others", STOP_ON_FAILURE): Scrolling to text 'Others' successfully

2022-04-01 17:08:41 - [MESSAGE][PASSED] - Scrolling to text 'Others' successfully

2022-04-01 17:08:41 - [TEST_STEP][PASSED] - tap(findTestObject("MayaHome/mayahome - MobileSpy 1/statusInfoReligion - Hinduism"), 0): Tapped on element 'Object Repository/MayaHome/mayahome - MobileSpy 1/statusInfoReligion - Hinduism'

2022-04-01 17:08:41 - [MESSAGE][WARNING] - Timeout '0' is invalid. Using default page load timeout: '20'

2022-04-01 17:08:41 - [MESSAGE][PASSED] - Tapped on element 'Object Repository/MayaHome/mayahome - MobileSpy 1/statusInfoReligion - Hinduism'

2022-04-01 17:08:41 - [TEST_STEP][PASSED] - tap(findTestObject("MayaHome/mayahome - MobileSpy 1/statusInfoDropDown - doneBtn"), 0): Tapped on element 'Object Repository/MayaHome/mayahome - MobileSpy 1/statusInfoDropDown - doneBtn'

2022-04-01 17:08:41 - [MESSAGE][WARNING] - Timeout '0' is invalid. Using default page load timeout: '20'

2022-04-01 17:08:42 - [MESSAGE][PASSED] - Tapped on element 'Object Repository/MayaHome/mayahome - MobileSpy 1/statusInfoDropDown - doneBtn'

2022-04-01 17:08:42 - [TEST_STEP][PASSED] - tap(findTestObject("MayaHome/mayahome - MobileSpy 1/statusinfoOptionEmpStatus - dropdownBtn"), 0): Tapped on element 'Object Repository/MayaHome/mayahome - MobileSpy 1/statusinfoOptionEmpStatus - dropdownBtn'

2022-04-01 17:08:42 - [MESSAGE][WARNING] - Timeout '0' is invalid. Using default page load timeout: '20'

2022-04-01 17:08:44 - [MESSAGE][PASSED] - Tapped on element 'Object Repository/MayaHome/mayahome - MobileSpy 1/statusinfoOptionEmpStatus - dropdownBtn'

2022-04-01 17:08:44 - [TEST_STEP][PASSED] - scrollToText("Unemployed", STOP_ON_FAILURE): Scrolling to text 'Unemployed' successfully

2022-04-01 17:08:49 - [MESSAGE][PASSED] - Scrolling to text 'Unemployed' successfully

2022-04-01 17:08:49 - [TEST_STEP][PASSED] - tap(findTestObject("MayaHome/mayahome - MobileSpy 1/statusInfoDropDown - doneBtn"), 0): Tapped on element 'Object Repository/MayaHome/mayahome - MobileSpy 1/statusInfoDropDown - doneBtn'

2022-04-01 17:08:49 - [MESSAGE][WARNING] - Timeout '0' is invalid. Using default page load timeout: '20'

2022-04-01 17:08:50 - [MESSAGE][PASSED] - Tapped on element 'Object Repository/MayaHome/mayahome - MobileSpy 1/statusInfoDropDown - doneBtn'

2022-04-01 17:08:50 - [TEST_STEP][PASSED] - tap(findTestObject("MayaHome/mayahome - MobileSpy 1/statusInfoBusinessClass - dropdownBtn"), 0): Tapped on element 'Object Repository/MayaHome/mayahome - MobileSpy 1/statusInfoBusinessClass - dropdownBtn'

2022-04-01 17:08:50 - [MESSAGE][WARNING] - Timeout '0' is invalid. Using default page load timeout: '20'

2022-04-01 17:08:51 - [MESSAGE][PASSED] - Tapped on element 'Object Repository/MayaHome/mayahome - MobileSpy 1/statusInfoBusinessClass - dropdownBtn'

2022-04-01 17:08:51 - [TEST_STEP][PASSED] - scrollToText("Sdn Bhd"): Scrolling to text 'Sdn Bhd' successfully

2022-04-01 17:08:55 - [MESSAGE][PASSED] - Scrolling to text 'Sdn Bhd' successfully

2022-04-01 17:08:55 - [TEST_STEP][PASSED] - tap(findTestObject("MayaHome/mayahome - MobileSpy 1/statusInfoOption - SdnBhd"), 0): Tapped on element 'Object Repository/MayaHome/mayahome - MobileSpy 1/statusInfoOption - SdnBhd'

2022-04-01 17:08:55 - [MESSAGE][WARNING] - Timeout '0' is invalid. Using default page load timeout: '20'

2022-04-01 17:08:57 - [MESSAGE][PASSED] - Tapped on element 'Object Repository/MayaHome/mayahome - MobileSpy 1/statusInfoOption - SdnBhd'

2022-04-01 17:08:57 - [TEST_STEP][PASSED] - tap(findTestObject("MayaHome/mayahome - MobileSpy 1/statusInfoDropDown - doneBtn"), 0): Tapped on element 'Object Repository/MayaHome/mayahome - MobileSpy 1/statusInfoDropDown - doneBtn'

2022-04-01 17:08:57 - [MESSAGE][WARNING] - Timeout '0' is invalid. Using default page load timeout: '20'

2022-04-01 17:08:57 - [MESSAGE][PASSED] - Tapped on element 'Object Repository/MayaHome/mayahome - MobileSpy 1/statusInfoDropDown - doneBtn'

2022-04-01 17:08:57 - [TEST_STEP][PASSED] - tap(findTestObject("MayaHome/mayahome - MobileSpy 1/save next - Btn"), 0): Tapped on element 'Object Repository/MayaHome/mayahome - MobileSpy 1/save next - Btn'

2022-04-01 17:08:57 - [MESSAGE][WARNING] - Timeout '0' is invalid. Using default page load timeout: '20'

2022-04-01 17:08:58 - [MESSAGE][PASSED] - Tapped on element 'Object Repository/MayaHome/mayahome - MobileSpy 1/save next - Btn'

2022-04-01 17:08:58 - [MESSAGE][PASSED] - Call Test Case 'Test Cases/MayaHome/mayahome_CEPersonalDetail' successfully

2022-04-01 17:08:58 - [TEST_STEP][PASSED] - callTestCase(findTestCase("MayaHome/mayahome_CEMonthlyIncome"), null): Call Test Case 'Test Cases/MayaHome/mayahome_CEMonthlyIncome' successfully

2022-04-01 17:08:58 - [TEST_CASE][PASSED] - Test Cases/MayaHome/mayahome_CEMonthlyIncome: Test Cases/MayaHome/mayahome_CEMonthlyIncome

2022-04-01 17:08:59 - [TEST_STEP][FAILED] - try: Failed to tap on element 'Object Repository/MayaHome/mayahome - MobileSpy 1/non-bankCommit - Txtfield' (Root cause: com.kms.katalon.core.exception.StepFailedException: Object Object Repository/MayaHome/mayahome - MobileSpy 1/non-bankCommit - Txtfield not found
	at com.kms.katalon.core.keyword.internal.KeywordMain.stepFailed(KeywordMain.groovy:50)
	at com.kms.katalon.core.mobile.keyword.internal.MobileKeywordMain.stepFailed(MobileKeywordMain.groovy:40)
	at com.kms.katalon.core.mobile.keyword.builtin.TapKeyword$_tap_closure1.doCall(TapKeyword.groovy:79)
	at com.kms.katalon.core.mobile.keyword.builtin.TapKeyword$_tap_closure1.call(TapKeyword.groovy)
	at com.kms.katalon.core.mobile.keyword.internal.MobileKeywordMain.runKeyword(MobileKeywordMain.groovy:21)
	at com.kms.katalon.core.mobile.keyword.builtin.TapKeyword.tap(TapKeyword.groovy:86)
	at com.kms.katalon.core.mobile.keyword.builtin.TapKeyword.execute(TapKeyword.groovy:68)
	at com.kms.katalon.core.keyword.internal.KeywordExecutor.executeKeywordForPlatform(KeywordExecutor.groovy:74)
	at com.kms.katalon.core.mobile.keyword.MobileBuiltInKeywords.tap(MobileBuiltInKeywords.groovy:1355)
	at com.kms.katalon.core.mobile.keyword.MobileBuiltInKeywords$tap$1.call(Unknown Source)
	at mayahome_CEMonthlyIncome.run(mayahome_CEMonthlyIncome:83)
	at com.kms.katalon.core.main.ScriptEngine.run(ScriptEngine.java:194)
	at com.kms.katalon.core.main.ScriptEngine.runScriptAsRawText(ScriptEngine.java:119)
	at com.kms.katalon.core.main.TestCaseExecutor.runScript(TestCaseExecutor.java:442)
	at com.kms.katalon.core.main.TestCaseExecutor.doExecute(TestCaseExecutor.java:433)
	at com.kms.katalon.core.main.TestCaseExecutor.processExecutionPhase(TestCaseExecutor.java:412)
	at com.kms.katalon.core.main.TestCaseExecutor.accessMainPhase(TestCaseExecutor.java:404)
	at com.kms.katalon.core.main.TestCaseExecutor.execute(TestCaseExecutor.java:281)
	at com.kms.katalon.core.main.TestCaseMain.runTestCase(TestCaseMain.java:138)
	at com.kms.katalon.core.keyword.builtin.CallTestCaseKeyword$_callTestCase_closure1.doCall(CallTestCaseKeyword.groovy:59)
	at com.kms.katalon.core.keyword.builtin.CallTestCaseKeyword$_callTestCase_closure1.call(CallTestCaseKeyword.groovy)
	at com.kms.katalon.core.keyword.internal.KeywordMain.runKeyword(KeywordMain.groovy:74)
	at com.kms.katalon.core.keyword.builtin.CallTestCaseKeyword.callTestCase(CallTestCaseKeyword.groovy:81)
	at com.kms.katalon.core.keyword.builtin.CallTestCaseKeyword.execute(CallTestCaseKeyword.groovy:44)
	at com.kms.katalon.core.keyword.internal.KeywordExecutor.executeKeywordForPlatform(KeywordExecutor.groovy:74)
	at com.kms.katalon.core.keyword.BuiltinKeywords.callTestCase(BuiltinKeywords.groovy:350)
	at mayahome_CEReviewApplication.run(mayahome_CEReviewApplication:155)
	at com.kms.katalon.core.main.ScriptEngine.run(ScriptEngine.java:194)
	at com.kms.katalon.core.main.ScriptEngine.runScriptAsRawText(ScriptEngine.java:119)
	at com.kms.katalon.core.main.TestCaseExecutor.runScript(TestCaseExecutor.java:442)
	at com.kms.katalon.core.main.TestCaseExecutor.doExecute(TestCaseExecutor.java:433)
	at com.kms.katalon.core.main.TestCaseExecutor.processExecutionPhase(TestCaseExecutor.java:412)
	at com.kms.katalon.core.main.TestCaseExecutor.accessMainPhase(TestCaseExecutor.java:404)
	at com.kms.katalon.core.main.TestCaseExecutor.execute(TestCaseExecutor.java:281)
	at com.kms.katalon.core.main.TestSuiteExecutor.accessTestCaseMainPhase(TestSuiteExecutor.java:202)
	at com.kms.katalon.core.main.TestSuiteExecutor.accessTestSuiteMainPhase(TestSuiteExecutor.java:164)
	at com.kms.katalon.core.main.TestSuiteExecutor.execute(TestSuiteExecutor.java:105)
	at com.kms.katalon.core.main.TestCaseMain.startTestSuite(TestCaseMain.java:181)
	at com.kms.katalon.core.main.TestCaseMain$startTestSuite$0.call(Unknown Source)
	at TempTestSuite1648803906405.run(TempTestSuite1648803906405.groovy:36)
)

2022-04-01 17:08:59 - [TEST_STEP][PASSED] - tap(findTestObject("MayaHome/mayahome - MobileSpy 1/monthlyIncome - Txtfield"), 0): Tapped on element 'Object Repository/MayaHome/mayahome - MobileSpy 1/monthlyIncome - Txtfield'

2022-04-01 17:08:59 - [MESSAGE][WARNING] - Timeout '0' is invalid. Using default page load timeout: '20'

2022-04-01 17:09:02 - [MESSAGE][PASSED] - Tapped on element 'Object Repository/MayaHome/mayahome - MobileSpy 1/monthlyIncome - Txtfield'

2022-04-01 17:09:02 - [TEST_STEP][PASSED] - tap(findTestObject("MayaHome/mayahome - MobileSpy 1/pinMonthlyIncome - 4"), 1): Tapped on element 'Object Repository/MayaHome/mayahome - MobileSpy 1/pinMonthlyIncome - 4'

2022-04-01 17:09:03 - [MESSAGE][PASSED] - Tapped on element 'Object Repository/MayaHome/mayahome - MobileSpy 1/pinMonthlyIncome - 4'

2022-04-01 17:09:03 - [TEST_STEP][PASSED] - tap(findTestObject("MayaHome/mayahome - MobileSpy 1/pinMonthlyIncome - 0"), 1): Tapped on element 'Object Repository/MayaHome/mayahome - MobileSpy 1/pinMonthlyIncome - 0'

2022-04-01 17:09:04 - [MESSAGE][PASSED] - Tapped on element 'Object Repository/MayaHome/mayahome - MobileSpy 1/pinMonthlyIncome - 0'

2022-04-01 17:09:04 - [TEST_STEP][PASSED] - tap(findTestObject("MayaHome/mayahome - MobileSpy 1/pinMonthlyIncome - 0"), 1): Tapped on element 'Object Repository/MayaHome/mayahome - MobileSpy 1/pinMonthlyIncome - 0'

2022-04-01 17:09:05 - [MESSAGE][PASSED] - Tapped on element 'Object Repository/MayaHome/mayahome - MobileSpy 1/pinMonthlyIncome - 0'

2022-04-01 17:09:05 - [TEST_STEP][PASSED] - tap(findTestObject("MayaHome/mayahome - MobileSpy 1/pinMonthlyIncome - 0"), 1): Tapped on element 'Object Repository/MayaHome/mayahome - MobileSpy 1/pinMonthlyIncome - 0'

2022-04-01 17:09:07 - [MESSAGE][PASSED] - Tapped on element 'Object Repository/MayaHome/mayahome - MobileSpy 1/pinMonthlyIncome - 0'

2022-04-01 17:09:07 - [TEST_STEP][PASSED] - tap(findTestObject("MayaHome/mayahome - MobileSpy 1/pinMonthlyIncome - 0"), 1): Tapped on element 'Object Repository/MayaHome/mayahome - MobileSpy 1/pinMonthlyIncome - 0'

2022-04-01 17:09:08 - [MESSAGE][PASSED] - Tapped on element 'Object Repository/MayaHome/mayahome - MobileSpy 1/pinMonthlyIncome - 0'

2022-04-01 17:09:08 - [TEST_STEP][PASSED] - tap(findTestObject("MayaHome/mayahome - MobileSpy 1/pinMonthlyIncome - 0"), 1): Tapped on element 'Object Repository/MayaHome/mayahome - MobileSpy 1/pinMonthlyIncome - 0'

2022-04-01 17:09:09 - [MESSAGE][PASSED] - Tapped on element 'Object Repository/MayaHome/mayahome - MobileSpy 1/pinMonthlyIncome - 0'

2022-04-01 17:09:09 - [TEST_STEP][PASSED] - tap(findTestObject("MayaHome/mayahome - MobileSpy 1/pinMonthlyIncome - check"), 1): Tapped on element 'Object Repository/MayaHome/mayahome - MobileSpy 1/pinMonthlyIncome - check'

2022-04-01 17:09:10 - [MESSAGE][PASSED] - Tapped on element 'Object Repository/MayaHome/mayahome - MobileSpy 1/pinMonthlyIncome - check'

2022-04-01 17:09:10 - [TEST_STEP][PASSED] - tap(findTestObject("MayaHome/mayahome - MobileSpy 1/existingHousingLoan - dropdownBtn"), 0): Tapped on element 'Object Repository/MayaHome/mayahome - MobileSpy 1/existingHousingLoan - dropdownBtn'

2022-04-01 17:09:10 - [MESSAGE][WARNING] - Timeout '0' is invalid. Using default page load timeout: '20'

2022-04-01 17:09:11 - [MESSAGE][PASSED] - Tapped on element 'Object Repository/MayaHome/mayahome - MobileSpy 1/existingHousingLoan - dropdownBtn'

2022-04-01 17:09:11 - [TEST_STEP][PASSED] - tap(findTestObject("MayaHome/mayahome - MobileSpy 3/existingHousingLoan(1) - Btn"), 0): Tapped on element 'Object Repository/MayaHome/mayahome - MobileSpy 3/existingHousingLoan(1) - Btn'

2022-04-01 17:09:11 - [MESSAGE][WARNING] - Timeout '0' is invalid. Using default page load timeout: '20'

2022-04-01 17:09:13 - [MESSAGE][PASSED] - Tapped on element 'Object Repository/MayaHome/mayahome - MobileSpy 3/existingHousingLoan(1) - Btn'

2022-04-01 17:09:13 - [TEST_STEP][PASSED] - tap(findTestObject("MayaHome/mayahome - MobileSpy 1/statusInfoDropDown - doneBtn"), 0): Tapped on element 'Object Repository/MayaHome/mayahome - MobileSpy 1/statusInfoDropDown - doneBtn'

2022-04-01 17:09:13 - [MESSAGE][WARNING] - Timeout '0' is invalid. Using default page load timeout: '20'

2022-04-01 17:09:14 - [MESSAGE][PASSED] - Tapped on element 'Object Repository/MayaHome/mayahome - MobileSpy 1/statusInfoDropDown - doneBtn'

2022-04-01 17:09:14 - [TEST_STEP][PASSED] - delay(3): Delayed 3 second(s)

2022-04-01 17:09:17 - [MESSAGE][PASSED] - Delayed 3 second(s)

2022-04-01 17:09:17 - [TEST_STEP][PASSED] - if (verifyElementExist(findTestObject("MayaHome/mayahome - MobileSpy 3/personalLoanDropDown - header"), 0, OPTIONAL)): Element 'Object Repository/MayaHome/mayahome - MobileSpy 3/personalLoanDropDown - header' not found

2022-04-01 17:09:17 - [MESSAGE][WARNING] - Timeout '0' is invalid. Using default page load timeout: '20'

2022-04-01 17:09:37 - [MESSAGE][WARNING] - Element 'Object Repository/MayaHome/mayahome - MobileSpy 3/personalLoanDropDown - header' not found

2022-04-01 17:09:37 - [TEST_STEP][FAILED] - else: Failed to tap on element 'Object Repository/MayaHome/mayahome - MobileSpy 1/non-bankCommit - Txtfield' (Root cause: com.kms.katalon.core.exception.StepFailedException: Object Object Repository/MayaHome/mayahome - MobileSpy 1/non-bankCommit - Txtfield not found
	at com.kms.katalon.core.keyword.internal.KeywordMain.stepFailed(KeywordMain.groovy:50)
	at com.kms.katalon.core.mobile.keyword.internal.MobileKeywordMain.stepFailed(MobileKeywordMain.groovy:40)
	at com.kms.katalon.core.mobile.keyword.builtin.TapKeyword$_tap_closure1.doCall(TapKeyword.groovy:79)
	at com.kms.katalon.core.mobile.keyword.builtin.TapKeyword$_tap_closure1.call(TapKeyword.groovy)
	at com.kms.katalon.core.mobile.keyword.internal.MobileKeywordMain.runKeyword(MobileKeywordMain.groovy:21)
	at com.kms.katalon.core.mobile.keyword.builtin.TapKeyword.tap(TapKeyword.groovy:86)
	at com.kms.katalon.core.mobile.keyword.builtin.TapKeyword.execute(TapKeyword.groovy:68)
	at com.kms.katalon.core.keyword.internal.KeywordExecutor.executeKeywordForPlatform(KeywordExecutor.groovy:74)
	at com.kms.katalon.core.mobile.keyword.MobileBuiltInKeywords.tap(MobileBuiltInKeywords.groovy:1355)
	at com.kms.katalon.core.mobile.keyword.MobileBuiltInKeywords$tap$1.call(Unknown Source)
	at mayahome_CEMonthlyIncome.run(mayahome_CEMonthlyIncome:83)
	at com.kms.katalon.core.main.ScriptEngine.run(ScriptEngine.java:194)
	at com.kms.katalon.core.main.ScriptEngine.runScriptAsRawText(ScriptEngine.java:119)
	at com.kms.katalon.core.main.TestCaseExecutor.runScript(TestCaseExecutor.java:442)
	at com.kms.katalon.core.main.TestCaseExecutor.doExecute(TestCaseExecutor.java:433)
	at com.kms.katalon.core.main.TestCaseExecutor.processExecutionPhase(TestCaseExecutor.java:412)
	at com.kms.katalon.core.main.TestCaseExecutor.accessMainPhase(TestCaseExecutor.java:404)
	at com.kms.katalon.core.main.TestCaseExecutor.execute(TestCaseExecutor.java:281)
	at com.kms.katalon.core.main.TestCaseMain.runTestCase(TestCaseMain.java:138)
	at com.kms.katalon.core.keyword.builtin.CallTestCaseKeyword$_callTestCase_closure1.doCall(CallTestCaseKeyword.groovy:59)
	at com.kms.katalon.core.keyword.builtin.CallTestCaseKeyword$_callTestCase_closure1.call(CallTestCaseKeyword.groovy)
	at com.kms.katalon.core.keyword.internal.KeywordMain.runKeyword(KeywordMain.groovy:74)
	at com.kms.katalon.core.keyword.builtin.CallTestCaseKeyword.callTestCase(CallTestCaseKeyword.groovy:81)
	at com.kms.katalon.core.keyword.builtin.CallTestCaseKeyword.execute(CallTestCaseKeyword.groovy:44)
	at com.kms.katalon.core.keyword.internal.KeywordExecutor.executeKeywordForPlatform(KeywordExecutor.groovy:74)
	at com.kms.katalon.core.keyword.BuiltinKeywords.callTestCase(BuiltinKeywords.groovy:350)
	at mayahome_CEReviewApplication.run(mayahome_CEReviewApplication:155)
	at com.kms.katalon.core.main.ScriptEngine.run(ScriptEngine.java:194)
	at com.kms.katalon.core.main.ScriptEngine.runScriptAsRawText(ScriptEngine.java:119)
	at com.kms.katalon.core.main.TestCaseExecutor.runScript(TestCaseExecutor.java:442)
	at com.kms.katalon.core.main.TestCaseExecutor.doExecute(TestCaseExecutor.java:433)
	at com.kms.katalon.core.main.TestCaseExecutor.processExecutionPhase(TestCaseExecutor.java:412)
	at com.kms.katalon.core.main.TestCaseExecutor.accessMainPhase(TestCaseExecutor.java:404)
	at com.kms.katalon.core.main.TestCaseExecutor.execute(TestCaseExecutor.java:281)
	at com.kms.katalon.core.main.TestSuiteExecutor.accessTestCaseMainPhase(TestSuiteExecutor.java:202)
	at com.kms.katalon.core.main.TestSuiteExecutor.accessTestSuiteMainPhase(TestSuiteExecutor.java:164)
	at com.kms.katalon.core.main.TestSuiteExecutor.execute(TestSuiteExecutor.java:105)
	at com.kms.katalon.core.main.TestCaseMain.startTestSuite(TestCaseMain.java:181)
	at com.kms.katalon.core.main.TestCaseMain$startTestSuite$0.call(Unknown Source)
	at TempTestSuite1648803906405.run(TempTestSuite1648803906405.groovy:36)
)

2022-04-01 17:09:37 - [TEST_STEP][FAILED] - tap(findTestObject("MayaHome/mayahome - MobileSpy 1/non-bankCommit - Txtfield"), 1): Failed to tap on element 'Object Repository/MayaHome/mayahome - MobileSpy 1/non-bankCommit - Txtfield' (Root cause: com.kms.katalon.core.exception.StepFailedException: Object Object Repository/MayaHome/mayahome - MobileSpy 1/non-bankCommit - Txtfield not found
	at com.kms.katalon.core.keyword.internal.KeywordMain.stepFailed(KeywordMain.groovy:50)
	at com.kms.katalon.core.mobile.keyword.internal.MobileKeywordMain.stepFailed(MobileKeywordMain.groovy:40)
	at com.kms.katalon.core.mobile.keyword.builtin.TapKeyword$_tap_closure1.doCall(TapKeyword.groovy:79)
	at com.kms.katalon.core.mobile.keyword.builtin.TapKeyword$_tap_closure1.call(TapKeyword.groovy)
	at com.kms.katalon.core.mobile.keyword.internal.MobileKeywordMain.runKeyword(MobileKeywordMain.groovy:21)
	at com.kms.katalon.core.mobile.keyword.builtin.TapKeyword.tap(TapKeyword.groovy:86)
	at com.kms.katalon.core.mobile.keyword.builtin.TapKeyword.execute(TapKeyword.groovy:68)
	at com.kms.katalon.core.keyword.internal.KeywordExecutor.executeKeywordForPlatform(KeywordExecutor.groovy:74)
	at com.kms.katalon.core.mobile.keyword.MobileBuiltInKeywords.tap(MobileBuiltInKeywords.groovy:1355)
	at com.kms.katalon.core.mobile.keyword.MobileBuiltInKeywords$tap$1.call(Unknown Source)
	at mayahome_CEMonthlyIncome.run(mayahome_CEMonthlyIncome:83)
	at com.kms.katalon.core.main.ScriptEngine.run(ScriptEngine.java:194)
	at com.kms.katalon.core.main.ScriptEngine.runScriptAsRawText(ScriptEngine.java:119)
	at com.kms.katalon.core.main.TestCaseExecutor.runScript(TestCaseExecutor.java:442)
	at com.kms.katalon.core.main.TestCaseExecutor.doExecute(TestCaseExecutor.java:433)
	at com.kms.katalon.core.main.TestCaseExecutor.processExecutionPhase(TestCaseExecutor.java:412)
	at com.kms.katalon.core.main.TestCaseExecutor.accessMainPhase(TestCaseExecutor.java:404)
	at com.kms.katalon.core.main.TestCaseExecutor.execute(TestCaseExecutor.java:281)
	at com.kms.katalon.core.main.TestCaseMain.runTestCase(TestCaseMain.java:138)
	at com.kms.katalon.core.keyword.builtin.CallTestCaseKeyword$_callTestCase_closure1.doCall(CallTestCaseKeyword.groovy:59)
	at com.kms.katalon.core.keyword.builtin.CallTestCaseKeyword$_callTestCase_closure1.call(CallTestCaseKeyword.groovy)
	at com.kms.katalon.core.keyword.internal.KeywordMain.runKeyword(KeywordMain.groovy:74)
	at com.kms.katalon.core.keyword.builtin.CallTestCaseKeyword.callTestCase(CallTestCaseKeyword.groovy:81)
	at com.kms.katalon.core.keyword.builtin.CallTestCaseKeyword.execute(CallTestCaseKeyword.groovy:44)
	at com.kms.katalon.core.keyword.internal.KeywordExecutor.executeKeywordForPlatform(KeywordExecutor.groovy:74)
	at com.kms.katalon.core.keyword.BuiltinKeywords.callTestCase(BuiltinKeywords.groovy:350)
	at mayahome_CEReviewApplication.run(mayahome_CEReviewApplication:155)
	at com.kms.katalon.core.main.ScriptEngine.run(ScriptEngine.java:194)
	at com.kms.katalon.core.main.ScriptEngine.runScriptAsRawText(ScriptEngine.java:119)
	at com.kms.katalon.core.main.TestCaseExecutor.runScript(TestCaseExecutor.java:442)
	at com.kms.katalon.core.main.TestCaseExecutor.doExecute(TestCaseExecutor.java:433)
	at com.kms.katalon.core.main.TestCaseExecutor.processExecutionPhase(TestCaseExecutor.java:412)
	at com.kms.katalon.core.main.TestCaseExecutor.accessMainPhase(TestCaseExecutor.java:404)
	at com.kms.katalon.core.main.TestCaseExecutor.execute(TestCaseExecutor.java:281)
	at com.kms.katalon.core.main.TestSuiteExecutor.accessTestCaseMainPhase(TestSuiteExecutor.java:202)
	at com.kms.katalon.core.main.TestSuiteExecutor.accessTestSuiteMainPhase(TestSuiteExecutor.java:164)
	at com.kms.katalon.core.main.TestSuiteExecutor.execute(TestSuiteExecutor.java:105)
	at com.kms.katalon.core.main.TestCaseMain.startTestSuite(TestCaseMain.java:181)
	at com.kms.katalon.core.main.TestCaseMain$startTestSuite$0.call(Unknown Source)
	at TempTestSuite1648803906405.run(TempTestSuite1648803906405.groovy:36)
)

2022-04-01 17:09:38 - [MESSAGE][FAILED] - Object Object Repository/MayaHome/mayahome - MobileSpy 1/non-bankCommit - Txtfield not found

2022-04-01 17:09:38 - [MESSAGE][FAILED] - Failed to tap on element 'Object Repository/MayaHome/mayahome - MobileSpy 1/non-bankCommit - Txtfield' (Root cause: com.kms.katalon.core.exception.StepFailedException: Object Object Repository/MayaHome/mayahome - MobileSpy 1/non-bankCommit - Txtfield not found
	at com.kms.katalon.core.keyword.internal.KeywordMain.stepFailed(KeywordMain.groovy:50)
	at com.kms.katalon.core.mobile.keyword.internal.MobileKeywordMain.stepFailed(MobileKeywordMain.groovy:40)
	at com.kms.katalon.core.mobile.keyword.builtin.TapKeyword$_tap_closure1.doCall(TapKeyword.groovy:79)
	at com.kms.katalon.core.mobile.keyword.builtin.TapKeyword$_tap_closure1.call(TapKeyword.groovy)
	at com.kms.katalon.core.mobile.keyword.internal.MobileKeywordMain.runKeyword(MobileKeywordMain.groovy:21)
	at com.kms.katalon.core.mobile.keyword.builtin.TapKeyword.tap(TapKeyword.groovy:86)
	at com.kms.katalon.core.mobile.keyword.builtin.TapKeyword.execute(TapKeyword.groovy:68)
	at com.kms.katalon.core.keyword.internal.KeywordExecutor.executeKeywordForPlatform(KeywordExecutor.groovy:74)
	at com.kms.katalon.core.mobile.keyword.MobileBuiltInKeywords.tap(MobileBuiltInKeywords.groovy:1355)
	at com.kms.katalon.core.mobile.keyword.MobileBuiltInKeywords$tap$1.call(Unknown Source)
	at mayahome_CEMonthlyIncome.run(mayahome_CEMonthlyIncome:83)
	at com.kms.katalon.core.main.ScriptEngine.run(ScriptEngine.java:194)
	at com.kms.katalon.core.main.ScriptEngine.runScriptAsRawText(ScriptEngine.java:119)
	at com.kms.katalon.core.main.TestCaseExecutor.runScript(TestCaseExecutor.java:442)
	at com.kms.katalon.core.main.TestCaseExecutor.doExecute(TestCaseExecutor.java:433)
	at com.kms.katalon.core.main.TestCaseExecutor.processExecutionPhase(TestCaseExecutor.java:412)
	at com.kms.katalon.core.main.TestCaseExecutor.accessMainPhase(TestCaseExecutor.java:404)
	at com.kms.katalon.core.main.TestCaseExecutor.execute(TestCaseExecutor.java:281)
	at com.kms.katalon.core.main.TestCaseMain.runTestCase(TestCaseMain.java:138)
	at com.kms.katalon.core.keyword.builtin.CallTestCaseKeyword$_callTestCase_closure1.doCall(CallTestCaseKeyword.groovy:59)
	at com.kms.katalon.core.keyword.builtin.CallTestCaseKeyword$_callTestCase_closure1.call(CallTestCaseKeyword.groovy)
	at com.kms.katalon.core.keyword.internal.KeywordMain.runKeyword(KeywordMain.groovy:74)
	at com.kms.katalon.core.keyword.builtin.CallTestCaseKeyword.callTestCase(CallTestCaseKeyword.groovy:81)
	at com.kms.katalon.core.keyword.builtin.CallTestCaseKeyword.execute(CallTestCaseKeyword.groovy:44)
	at com.kms.katalon.core.keyword.internal.KeywordExecutor.executeKeywordForPlatform(KeywordExecutor.groovy:74)
	at com.kms.katalon.core.keyword.BuiltinKeywords.callTestCase(BuiltinKeywords.groovy:350)
	at mayahome_CEReviewApplication.run(mayahome_CEReviewApplication:155)
	at com.kms.katalon.core.main.ScriptEngine.run(ScriptEngine.java:194)
	at com.kms.katalon.core.main.ScriptEngine.runScriptAsRawText(ScriptEngine.java:119)
	at com.kms.katalon.core.main.TestCaseExecutor.runScript(TestCaseExecutor.java:442)
	at com.kms.katalon.core.main.TestCaseExecutor.doExecute(TestCaseExecutor.java:433)
	at com.kms.katalon.core.main.TestCaseExecutor.processExecutionPhase(TestCaseExecutor.java:412)
	at com.kms.katalon.core.main.TestCaseExecutor.accessMainPhase(TestCaseExecutor.java:404)
	at com.kms.katalon.core.main.TestCaseExecutor.execute(TestCaseExecutor.java:281)
	at com.kms.katalon.core.main.TestSuiteExecutor.accessTestCaseMainPhase(TestSuiteExecutor.java:202)
	at com.kms.katalon.core.main.TestSuiteExecutor.accessTestSuiteMainPhase(TestSuiteExecutor.java:164)
	at com.kms.katalon.core.main.TestSuiteExecutor.execute(TestSuiteExecutor.java:105)
	at com.kms.katalon.core.main.TestCaseMain.startTestSuite(TestCaseMain.java:181)
	at com.kms.katalon.core.main.TestCaseMain$startTestSuite$0.call(Unknown Source)
	at TempTestSuite1648803906405.run(TempTestSuite1648803906405.groovy:36)
)

2022-04-01 17:09:38 - [TEST_STEP][PASSED] - catch (Exception e): null

2022-04-01 17:09:38 - [TEST_STEP][PASSED] - if (isApplicationOpened == false): null

2022-04-01 17:09:38 - [MESSAGE][PASSED] - Call Test Case 'Test Cases/MayaHome/mayahome_CEMonthlyIncome' successfully

2022-04-01 17:09:38 - [TEST_STEP][PASSED] - if (verifyElementExist(findTestObject("MayaHome/mayahome - MobileSpy 2/hederAdditionalInfo - Txt"), 0, OPTIONAL)): Element 'Object Repository/MayaHome/mayahome - MobileSpy 2/hederAdditionalInfo - Txt' not found

2022-04-01 17:09:38 - [MESSAGE][WARNING] - Timeout '0' is invalid. Using default page load timeout: '20'

2022-04-01 17:09:58 - [MESSAGE][WARNING] - Element 'Object Repository/MayaHome/mayahome - MobileSpy 2/hederAdditionalInfo - Txt' not found

2022-04-01 17:09:58 - [TEST_STEP][PASSED] - else: null

2022-04-01 17:09:58 - [TEST_STEP][PASSED] - delay(5, STOP_ON_FAILURE): Delayed 5 second(s)

2022-04-01 17:10:03 - [MESSAGE][PASSED] - Delayed 5 second(s)

2022-04-01 17:10:03 - [TEST_STEP][PASSED] - if (verifyElementVisible(findTestObject("MayaHome/mayahome - MobileSpy 2/successStatement - Txt"), 0, OPTIONAL)): Failed to check for element exist (Root cause: java.lang.IllegalArgumentException: Object is null
	at com.kms.katalon.core.helper.KeywordHelper.checkTestObjectParameter(KeywordHelper.java:33)
	at com.kms.katalon.core.mobile.keyword.builtin.VerifyElementExistKeyword$_verifyElementExist_closure1.doCall(VerifyElementExistKeyword.groovy:70)
	at com.kms.katalon.core.mobile.keyword.builtin.VerifyElementExistKeyword$_verifyElementExist_closure1.call(VerifyElementExistKeyword.groovy)
	at com.kms.katalon.core.mobile.keyword.internal.MobileKeywordMain.runKeyword(MobileKeywordMain.groovy:21)
	at com.kms.katalon.core.mobile.keyword.builtin.VerifyElementExistKeyword.verifyElementExist(VerifyElementExistKeyword.groovy:80)
	at com.kms.katalon.core.mobile.keyword.builtin.VerifyElementExistKeyword.execute(VerifyElementExistKeyword.groovy:64)
	at com.kms.katalon.core.keyword.internal.KeywordExecutor.executeKeywordForPlatform(KeywordExecutor.groovy:74)
	at com.kms.katalon.core.mobile.keyword.MobileBuiltInKeywords.verifyElementExist(MobileBuiltInKeywords.groovy:1604)
	at com.kms.katalon.core.mobile.keyword.MobileBuiltInKeywords$verifyElementExist$7.call(Unknown Source)
	at mayahome_CEReviewApplication.run(mayahome_CEReviewApplication:253)
	at com.kms.katalon.core.main.ScriptEngine.run(ScriptEngine.java:194)
	at com.kms.katalon.core.main.ScriptEngine.runScriptAsRawText(ScriptEngine.java:119)
	at com.kms.katalon.core.main.TestCaseExecutor.runScript(TestCaseExecutor.java:442)
	at com.kms.katalon.core.main.TestCaseExecutor.doExecute(TestCaseExecutor.java:433)
	at com.kms.katalon.core.main.TestCaseExecutor.processExecutionPhase(TestCaseExecutor.java:412)
	at com.kms.katalon.core.main.TestCaseExecutor.accessMainPhase(TestCaseExecutor.java:404)
	at com.kms.katalon.core.main.TestCaseExecutor.execute(TestCaseExecutor.java:281)
	at com.kms.katalon.core.main.TestSuiteExecutor.accessTestCaseMainPhase(TestSuiteExecutor.java:202)
	at com.kms.katalon.core.main.TestSuiteExecutor.accessTestSuiteMainPhase(TestSuiteExecutor.java:164)
	at com.kms.katalon.core.main.TestSuiteExecutor.execute(TestSuiteExecutor.java:105)
	at com.kms.katalon.core.main.TestCaseMain.startTestSuite(TestCaseMain.java:181)
	at com.kms.katalon.core.main.TestCaseMain$startTestSuite$0.call(Unknown Source)
	at TempTestSuite1648803906405.run(TempTestSuite1648803906405.groovy:36)
)

2022-04-01 17:10:03 - [MESSAGE][WARNING] - Timeout '0' is invalid. Using default page load timeout: '20'

2022-04-01 17:10:24 - [MESSAGE][WARNING] - Element 'Object Repository/MayaHome/mayahome - MobileSpy 2/successStatement - Txt' not found

2022-04-01 17:10:24 - [MESSAGE][WARNING] - Test object with id 'Object Repository/MayaHome/mayahome - MobileSpy2/unaffordableStatement - Txt' does not exist

2022-04-01 17:10:24 - [MESSAGE][WARNING] - Test object with id 'Object Repository/' does not exist

2022-04-01 17:10:24 - [MESSAGE][WARNING] - Failed to check for element exist (Root cause: java.lang.IllegalArgumentException: Object is null
	at com.kms.katalon.core.helper.KeywordHelper.checkTestObjectParameter(KeywordHelper.java:33)
	at com.kms.katalon.core.mobile.keyword.builtin.VerifyElementExistKeyword$_verifyElementExist_closure1.doCall(VerifyElementExistKeyword.groovy:70)
	at com.kms.katalon.core.mobile.keyword.builtin.VerifyElementExistKeyword$_verifyElementExist_closure1.call(VerifyElementExistKeyword.groovy)
	at com.kms.katalon.core.mobile.keyword.internal.MobileKeywordMain.runKeyword(MobileKeywordMain.groovy:21)
	at com.kms.katalon.core.mobile.keyword.builtin.VerifyElementExistKeyword.verifyElementExist(VerifyElementExistKeyword.groovy:80)
	at com.kms.katalon.core.mobile.keyword.builtin.VerifyElementExistKeyword.execute(VerifyElementExistKeyword.groovy:64)
	at com.kms.katalon.core.keyword.internal.KeywordExecutor.executeKeywordForPlatform(KeywordExecutor.groovy:74)
	at com.kms.katalon.core.mobile.keyword.MobileBuiltInKeywords.verifyElementExist(MobileBuiltInKeywords.groovy:1604)
	at com.kms.katalon.core.mobile.keyword.MobileBuiltInKeywords$verifyElementExist$7.call(Unknown Source)
	at mayahome_CEReviewApplication.run(mayahome_CEReviewApplication:253)
	at com.kms.katalon.core.main.ScriptEngine.run(ScriptEngine.java:194)
	at com.kms.katalon.core.main.ScriptEngine.runScriptAsRawText(ScriptEngine.java:119)
	at com.kms.katalon.core.main.TestCaseExecutor.runScript(TestCaseExecutor.java:442)
	at com.kms.katalon.core.main.TestCaseExecutor.doExecute(TestCaseExecutor.java:433)
	at com.kms.katalon.core.main.TestCaseExecutor.processExecutionPhase(TestCaseExecutor.java:412)
	at com.kms.katalon.core.main.TestCaseExecutor.accessMainPhase(TestCaseExecutor.java:404)
	at com.kms.katalon.core.main.TestCaseExecutor.execute(TestCaseExecutor.java:281)
	at com.kms.katalon.core.main.TestSuiteExecutor.accessTestCaseMainPhase(TestSuiteExecutor.java:202)
	at com.kms.katalon.core.main.TestSuiteExecutor.accessTestSuiteMainPhase(TestSuiteExecutor.java:164)
	at com.kms.katalon.core.main.TestSuiteExecutor.execute(TestSuiteExecutor.java:105)
	at com.kms.katalon.core.main.TestCaseMain.startTestSuite(TestCaseMain.java:181)
	at com.kms.katalon.core.main.TestCaseMain$startTestSuite$0.call(Unknown Source)
	at TempTestSuite1648803906405.run(TempTestSuite1648803906405.groovy:36)
)

2022-04-01 17:10:24 - [TEST_STEP][PASSED] - else if (verifyElementExist(findTestObject("MayaHome/mayahome - MobileSpy2/unaffordableStatement - Txt"), 0, OPTIONAL)): null

2022-04-01 17:10:24 - [TEST_STEP][FAILED] - else: Unable to scroll to text 'View Other Properties' (Root cause: org.openqa.selenium.NoSuchElementException: An element could not be located on the page using the given search parameters.
For documentation on this error, please visit: https://www.seleniumhq.org/exceptions/no_such_element.html
Build info: version: '3.141.59', revision: 'e82be7d358', time: '2018-11-14T08:25:53'
System info: host: '80003200.local', ip: '2001:f40:904:36e7:503:73bf:a17d:599e%en0', os.name: 'Mac OS X', os.arch: 'x86_64', os.version: '10.15.7', java.version: '1.8.0_275'
Driver info: com.kms.katalon.core.appium.driver.SwipeableAndroidDriver
Capabilities {app: /Users/vinayeddla/Desktop/M..., appPackage: com.maybank2u.life.sit, appWaitActivity: *, autoGrantPermissions: true, automationName: uiautomator2, chromedriverPort: 52436, databaseEnabled: false, desired: {app: /Users/vinayeddla/Desktop/M..., appWaitActivity: *, autoGrantPermissions: true, automationName: uiautomator2, chromedriverPort: 52436, deviceId: 225ac1ea21057ece, deviceName: samsung SM-G960F (Android 10), fullReset: false, newCommandTimeout: 1800, noReset: true, platform: ANDROID, platformName: android, platformVersion: 10, systemPort: 52434, udid: 225ac1ea21057ece}, deviceApiLevel: 29, deviceId: 225ac1ea21057ece, deviceManufacturer: samsung, deviceModel: SM-G960F, deviceName: 225ac1ea21057ece, deviceScreenDensity: 480, deviceScreenSize: 1080x2220, deviceUDID: 225ac1ea21057ece, fullReset: false, javascriptEnabled: true, locationContextEnabled: false, networkConnectionEnabled: true, newCommandTimeout: 1800, noReset: true, pixelRatio: 3, platform: ANDROID, platformName: Android, platformVersion: 10, statBarHeight: 72, systemPort: 52434, takesScreenshot: true, udid: 225ac1ea21057ece, viewportRect: {height: 2004, left: 0, top: 72, width: 1080}, warnings: {}, webStorageEnabled: false}
Session ID: e0788b22-913a-4671-96f9-ae9066af4131
*** Element info: {Using=-android uiautomator, value=new UiScrollable(new UiSelector().scrollable(true).instance(0)).scrollIntoView(new UiSelector().textContains("View Other Properties"))}
	at org.openqa.selenium.remote.http.W3CHttpResponseCodec.createException(W3CHttpResponseCodec.java:187)
	at org.openqa.selenium.remote.http.W3CHttpResponseCodec.decode(W3CHttpResponseCodec.java:122)
	at org.openqa.selenium.remote.http.W3CHttpResponseCodec.decode(W3CHttpResponseCodec.java:49)
	at org.openqa.selenium.remote.HttpCommandExecutor.execute(HttpCommandExecutor.java:158)
	at io.appium.java_client.remote.AppiumCommandExecutor.execute(AppiumCommandExecutor.java:239)
	at org.openqa.selenium.remote.RemoteWebDriver.execute(RemoteWebDriver.java:552)
	at io.appium.java_client.DefaultGenericMobileDriver.execute(DefaultGenericMobileDriver.java:42)
	at io.appium.java_client.AppiumDriver.execute(AppiumDriver.java:1)
	at io.appium.java_client.android.AndroidDriver.execute(AndroidDriver.java:1)
	at com.kms.katalon.core.appium.driver.SwipeableAndroidDriver.execute(SwipeableAndroidDriver.java:1)
	at org.openqa.selenium.remote.RemoteWebDriver.findElement(RemoteWebDriver.java:323)
	at io.appium.java_client.DefaultGenericMobileDriver.findElement(DefaultGenericMobileDriver.java:62)
	at io.appium.java_client.AppiumDriver.findElement(AppiumDriver.java:1)
	at io.appium.java_client.android.AndroidDriver.findElement(AndroidDriver.java:1)
	at com.kms.katalon.core.appium.driver.SwipeableAndroidDriver.findElement(SwipeableAndroidDriver.java:1)
	at io.appium.java_client.FindsByAndroidUIAutomator.findElementByAndroidUIAutomator(FindsByAndroidUIAutomator.java:38)
	at io.appium.java_client.FindsByAndroidUIAutomator$findElementByAndroidUIAutomator.call(Unknown Source)
	at com.kms.katalon.core.mobile.keyword.builtin.ScrollToTextKeyword$_scrollToText_closure1.doCall(ScrollToTextKeyword.groovy:62)
	at com.kms.katalon.core.mobile.keyword.builtin.ScrollToTextKeyword$_scrollToText_closure1.doCall(ScrollToTextKeyword.groovy)
	at com.kms.katalon.core.mobile.keyword.internal.MobileKeywordMain.runKeyword(MobileKeywordMain.groovy:21)
	at com.kms.katalon.core.mobile.keyword.internal.MobileKeywordMain$runKeyword.call(Unknown Source)
	at com.kms.katalon.core.mobile.keyword.builtin.ScrollToTextKeyword.scrollToText(ScrollToTextKeyword.groovy:85)
	at com.kms.katalon.core.mobile.keyword.builtin.ScrollToTextKeyword.execute(ScrollToTextKeyword.groovy:41)
	at com.kms.katalon.core.keyword.internal.KeywordExecutor.executeKeywordForPlatform(KeywordExecutor.groovy:74)
	at com.kms.katalon.core.mobile.keyword.MobileBuiltInKeywords.scrollToText(MobileBuiltInKeywords.groovy:1863)
	at com.kms.katalon.core.mobile.keyword.MobileBuiltInKeywords$scrollToText$6.call(Unknown Source)
	at mayahome_CEReviewApplication.run(mayahome_CEReviewApplication:339)
	at com.kms.katalon.core.main.ScriptEngine.run(ScriptEngine.java:194)
	at com.kms.katalon.core.main.ScriptEngine.runScriptAsRawText(ScriptEngine.java:119)
	at com.kms.katalon.core.main.TestCaseExecutor.runScript(TestCaseExecutor.java:442)
	at com.kms.katalon.core.main.TestCaseExecutor.doExecute(TestCaseExecutor.java:433)
	at com.kms.katalon.core.main.TestCaseExecutor.processExecutionPhase(TestCaseExecutor.java:412)
	at com.kms.katalon.core.main.TestCaseExecutor.accessMainPhase(TestCaseExecutor.java:404)
	at com.kms.katalon.core.main.TestCaseExecutor.execute(TestCaseExecutor.java:281)
	at com.kms.katalon.core.main.TestSuiteExecutor.accessTestCaseMainPhase(TestSuiteExecutor.java:202)
	at com.kms.katalon.core.main.TestSuiteExecutor.accessTestSuiteMainPhase(TestSuiteExecutor.java:164)
	at com.kms.katalon.core.main.TestSuiteExecutor.execute(TestSuiteExecutor.java:105)
	at com.kms.katalon.core.main.TestCaseMain.startTestSuite(TestCaseMain.java:181)
	at com.kms.katalon.core.main.TestCaseMain$startTestSuite$0.call(Unknown Source)
	at TempTestSuite1648803906405.run(TempTestSuite1648803906405.groovy:36)
)

2022-04-01 17:10:24 - [TEST_STEP][FAILED] - scrollToText("View Other Properties"): Unable to scroll to text 'View Other Properties' (Root cause: org.openqa.selenium.NoSuchElementException: An element could not be located on the page using the given search parameters.
For documentation on this error, please visit: https://www.seleniumhq.org/exceptions/no_such_element.html
Build info: version: '3.141.59', revision: 'e82be7d358', time: '2018-11-14T08:25:53'
System info: host: '80003200.local', ip: '2001:f40:904:36e7:503:73bf:a17d:599e%en0', os.name: 'Mac OS X', os.arch: 'x86_64', os.version: '10.15.7', java.version: '1.8.0_275'
Driver info: com.kms.katalon.core.appium.driver.SwipeableAndroidDriver
Capabilities {app: /Users/vinayeddla/Desktop/M..., appPackage: com.maybank2u.life.sit, appWaitActivity: *, autoGrantPermissions: true, automationName: uiautomator2, chromedriverPort: 52436, databaseEnabled: false, desired: {app: /Users/vinayeddla/Desktop/M..., appWaitActivity: *, autoGrantPermissions: true, automationName: uiautomator2, chromedriverPort: 52436, deviceId: 225ac1ea21057ece, deviceName: samsung SM-G960F (Android 10), fullReset: false, newCommandTimeout: 1800, noReset: true, platform: ANDROID, platformName: android, platformVersion: 10, systemPort: 52434, udid: 225ac1ea21057ece}, deviceApiLevel: 29, deviceId: 225ac1ea21057ece, deviceManufacturer: samsung, deviceModel: SM-G960F, deviceName: 225ac1ea21057ece, deviceScreenDensity: 480, deviceScreenSize: 1080x2220, deviceUDID: 225ac1ea21057ece, fullReset: false, javascriptEnabled: true, locationContextEnabled: false, networkConnectionEnabled: true, newCommandTimeout: 1800, noReset: true, pixelRatio: 3, platform: ANDROID, platformName: Android, platformVersion: 10, statBarHeight: 72, systemPort: 52434, takesScreenshot: true, udid: 225ac1ea21057ece, viewportRect: {height: 2004, left: 0, top: 72, width: 1080}, warnings: {}, webStorageEnabled: false}
Session ID: e0788b22-913a-4671-96f9-ae9066af4131
*** Element info: {Using=-android uiautomator, value=new UiScrollable(new UiSelector().scrollable(true).instance(0)).scrollIntoView(new UiSelector().textContains("View Other Properties"))}
	at org.openqa.selenium.remote.http.W3CHttpResponseCodec.createException(W3CHttpResponseCodec.java:187)
	at org.openqa.selenium.remote.http.W3CHttpResponseCodec.decode(W3CHttpResponseCodec.java:122)
	at org.openqa.selenium.remote.http.W3CHttpResponseCodec.decode(W3CHttpResponseCodec.java:49)
	at org.openqa.selenium.remote.HttpCommandExecutor.execute(HttpCommandExecutor.java:158)
	at io.appium.java_client.remote.AppiumCommandExecutor.execute(AppiumCommandExecutor.java:239)
	at org.openqa.selenium.remote.RemoteWebDriver.execute(RemoteWebDriver.java:552)
	at io.appium.java_client.DefaultGenericMobileDriver.execute(DefaultGenericMobileDriver.java:42)
	at io.appium.java_client.AppiumDriver.execute(AppiumDriver.java:1)
	at io.appium.java_client.android.AndroidDriver.execute(AndroidDriver.java:1)
	at com.kms.katalon.core.appium.driver.SwipeableAndroidDriver.execute(SwipeableAndroidDriver.java:1)
	at org.openqa.selenium.remote.RemoteWebDriver.findElement(RemoteWebDriver.java:323)
	at io.appium.java_client.DefaultGenericMobileDriver.findElement(DefaultGenericMobileDriver.java:62)
	at io.appium.java_client.AppiumDriver.findElement(AppiumDriver.java:1)
	at io.appium.java_client.android.AndroidDriver.findElement(AndroidDriver.java:1)
	at com.kms.katalon.core.appium.driver.SwipeableAndroidDriver.findElement(SwipeableAndroidDriver.java:1)
	at io.appium.java_client.FindsByAndroidUIAutomator.findElementByAndroidUIAutomator(FindsByAndroidUIAutomator.java:38)
	at io.appium.java_client.FindsByAndroidUIAutomator$findElementByAndroidUIAutomator.call(Unknown Source)
	at com.kms.katalon.core.mobile.keyword.builtin.ScrollToTextKeyword$_scrollToText_closure1.doCall(ScrollToTextKeyword.groovy:62)
	at com.kms.katalon.core.mobile.keyword.builtin.ScrollToTextKeyword$_scrollToText_closure1.doCall(ScrollToTextKeyword.groovy)
	at com.kms.katalon.core.mobile.keyword.internal.MobileKeywordMain.runKeyword(MobileKeywordMain.groovy:21)
	at com.kms.katalon.core.mobile.keyword.internal.MobileKeywordMain$runKeyword.call(Unknown Source)
	at com.kms.katalon.core.mobile.keyword.builtin.ScrollToTextKeyword.scrollToText(ScrollToTextKeyword.groovy:85)
	at com.kms.katalon.core.mobile.keyword.builtin.ScrollToTextKeyword.execute(ScrollToTextKeyword.groovy:41)
	at com.kms.katalon.core.keyword.internal.KeywordExecutor.executeKeywordForPlatform(KeywordExecutor.groovy:74)
	at com.kms.katalon.core.mobile.keyword.MobileBuiltInKeywords.scrollToText(MobileBuiltInKeywords.groovy:1863)
	at com.kms.katalon.core.mobile.keyword.MobileBuiltInKeywords$scrollToText$6.call(Unknown Source)
	at mayahome_CEReviewApplication.run(mayahome_CEReviewApplication:339)
	at com.kms.katalon.core.main.ScriptEngine.run(ScriptEngine.java:194)
	at com.kms.katalon.core.main.ScriptEngine.runScriptAsRawText(ScriptEngine.java:119)
	at com.kms.katalon.core.main.TestCaseExecutor.runScript(TestCaseExecutor.java:442)
	at com.kms.katalon.core.main.TestCaseExecutor.doExecute(TestCaseExecutor.java:433)
	at com.kms.katalon.core.main.TestCaseExecutor.processExecutionPhase(TestCaseExecutor.java:412)
	at com.kms.katalon.core.main.TestCaseExecutor.accessMainPhase(TestCaseExecutor.java:404)
	at com.kms.katalon.core.main.TestCaseExecutor.execute(TestCaseExecutor.java:281)
	at com.kms.katalon.core.main.TestSuiteExecutor.accessTestCaseMainPhase(TestSuiteExecutor.java:202)
	at com.kms.katalon.core.main.TestSuiteExecutor.accessTestSuiteMainPhase(TestSuiteExecutor.java:164)
	at com.kms.katalon.core.main.TestSuiteExecutor.execute(TestSuiteExecutor.java:105)
	at com.kms.katalon.core.main.TestCaseMain.startTestSuite(TestCaseMain.java:181)
	at com.kms.katalon.core.main.TestCaseMain$startTestSuite$0.call(Unknown Source)
	at TempTestSuite1648803906405.run(TempTestSuite1648803906405.groovy:36)
)

2022-04-01 17:10:45 - [MESSAGE][FAILED] - Unable to scroll to text 'View Other Properties' (Root cause: org.openqa.selenium.NoSuchElementException: An element could not be located on the page using the given search parameters.
For documentation on this error, please visit: https://www.seleniumhq.org/exceptions/no_such_element.html
Build info: version: '3.141.59', revision: 'e82be7d358', time: '2018-11-14T08:25:53'
System info: host: '80003200.local', ip: '2001:f40:904:36e7:503:73bf:a17d:599e%en0', os.name: 'Mac OS X', os.arch: 'x86_64', os.version: '10.15.7', java.version: '1.8.0_275'
Driver info: com.kms.katalon.core.appium.driver.SwipeableAndroidDriver
Capabilities {app: /Users/vinayeddla/Desktop/M..., appPackage: com.maybank2u.life.sit, appWaitActivity: *, autoGrantPermissions: true, automationName: uiautomator2, chromedriverPort: 52436, databaseEnabled: false, desired: {app: /Users/vinayeddla/Desktop/M..., appWaitActivity: *, autoGrantPermissions: true, automationName: uiautomator2, chromedriverPort: 52436, deviceId: 225ac1ea21057ece, deviceName: samsung SM-G960F (Android 10), fullReset: false, newCommandTimeout: 1800, noReset: true, platform: ANDROID, platformName: android, platformVersion: 10, systemPort: 52434, udid: 225ac1ea21057ece}, deviceApiLevel: 29, deviceId: 225ac1ea21057ece, deviceManufacturer: samsung, deviceModel: SM-G960F, deviceName: 225ac1ea21057ece, deviceScreenDensity: 480, deviceScreenSize: 1080x2220, deviceUDID: 225ac1ea21057ece, fullReset: false, javascriptEnabled: true, locationContextEnabled: false, networkConnectionEnabled: true, newCommandTimeout: 1800, noReset: true, pixelRatio: 3, platform: ANDROID, platformName: Android, platformVersion: 10, statBarHeight: 72, systemPort: 52434, takesScreenshot: true, udid: 225ac1ea21057ece, viewportRect: {height: 2004, left: 0, top: 72, width: 1080}, warnings: {}, webStorageEnabled: false}
Session ID: e0788b22-913a-4671-96f9-ae9066af4131
*** Element info: {Using=-android uiautomator, value=new UiScrollable(new UiSelector().scrollable(true).instance(0)).scrollIntoView(new UiSelector().textContains("View Other Properties"))}
	at org.openqa.selenium.remote.http.W3CHttpResponseCodec.createException(W3CHttpResponseCodec.java:187)
	at org.openqa.selenium.remote.http.W3CHttpResponseCodec.decode(W3CHttpResponseCodec.java:122)
	at org.openqa.selenium.remote.http.W3CHttpResponseCodec.decode(W3CHttpResponseCodec.java:49)
	at org.openqa.selenium.remote.HttpCommandExecutor.execute(HttpCommandExecutor.java:158)
	at io.appium.java_client.remote.AppiumCommandExecutor.execute(AppiumCommandExecutor.java:239)
	at org.openqa.selenium.remote.RemoteWebDriver.execute(RemoteWebDriver.java:552)
	at io.appium.java_client.DefaultGenericMobileDriver.execute(DefaultGenericMobileDriver.java:42)
	at io.appium.java_client.AppiumDriver.execute(AppiumDriver.java:1)
	at io.appium.java_client.android.AndroidDriver.execute(AndroidDriver.java:1)
	at com.kms.katalon.core.appium.driver.SwipeableAndroidDriver.execute(SwipeableAndroidDriver.java:1)
	at org.openqa.selenium.remote.RemoteWebDriver.findElement(RemoteWebDriver.java:323)
	at io.appium.java_client.DefaultGenericMobileDriver.findElement(DefaultGenericMobileDriver.java:62)
	at io.appium.java_client.AppiumDriver.findElement(AppiumDriver.java:1)
	at io.appium.java_client.android.AndroidDriver.findElement(AndroidDriver.java:1)
	at com.kms.katalon.core.appium.driver.SwipeableAndroidDriver.findElement(SwipeableAndroidDriver.java:1)
	at io.appium.java_client.FindsByAndroidUIAutomator.findElementByAndroidUIAutomator(FindsByAndroidUIAutomator.java:38)
	at io.appium.java_client.FindsByAndroidUIAutomator$findElementByAndroidUIAutomator.call(Unknown Source)
	at com.kms.katalon.core.mobile.keyword.builtin.ScrollToTextKeyword$_scrollToText_closure1.doCall(ScrollToTextKeyword.groovy:62)
	at com.kms.katalon.core.mobile.keyword.builtin.ScrollToTextKeyword$_scrollToText_closure1.doCall(ScrollToTextKeyword.groovy)
	at com.kms.katalon.core.mobile.keyword.internal.MobileKeywordMain.runKeyword(MobileKeywordMain.groovy:21)
	at com.kms.katalon.core.mobile.keyword.internal.MobileKeywordMain$runKeyword.call(Unknown Source)
	at com.kms.katalon.core.mobile.keyword.builtin.ScrollToTextKeyword.scrollToText(ScrollToTextKeyword.groovy:85)
	at com.kms.katalon.core.mobile.keyword.builtin.ScrollToTextKeyword.execute(ScrollToTextKeyword.groovy:41)
	at com.kms.katalon.core.keyword.internal.KeywordExecutor.executeKeywordForPlatform(KeywordExecutor.groovy:74)
	at com.kms.katalon.core.mobile.keyword.MobileBuiltInKeywords.scrollToText(MobileBuiltInKeywords.groovy:1863)
	at com.kms.katalon.core.mobile.keyword.MobileBuiltInKeywords$scrollToText$6.call(Unknown Source)
	at mayahome_CEReviewApplication.run(mayahome_CEReviewApplication:339)
	at com.kms.katalon.core.main.ScriptEngine.run(ScriptEngine.java:194)
	at com.kms.katalon.core.main.ScriptEngine.runScriptAsRawText(ScriptEngine.java:119)
	at com.kms.katalon.core.main.TestCaseExecutor.runScript(TestCaseExecutor.java:442)
	at com.kms.katalon.core.main.TestCaseExecutor.doExecute(TestCaseExecutor.java:433)
	at com.kms.katalon.core.main.TestCaseExecutor.processExecutionPhase(TestCaseExecutor.java:412)
	at com.kms.katalon.core.main.TestCaseExecutor.accessMainPhase(TestCaseExecutor.java:404)
	at com.kms.katalon.core.main.TestCaseExecutor.execute(TestCaseExecutor.java:281)
	at com.kms.katalon.core.main.TestSuiteExecutor.accessTestCaseMainPhase(TestSuiteExecutor.java:202)
	at com.kms.katalon.core.main.TestSuiteExecutor.accessTestSuiteMainPhase(TestSuiteExecutor.java:164)
	at com.kms.katalon.core.main.TestSuiteExecutor.execute(TestSuiteExecutor.java:105)
	at com.kms.katalon.core.main.TestCaseMain.startTestSuite(TestCaseMain.java:181)
	at com.kms.katalon.core.main.TestCaseMain$startTestSuite$0.call(Unknown Source)
	at TempTestSuite1648803906405.run(TempTestSuite1648803906405.groovy:36)
)

2022-04-01 17:10:45 - [TEST_STEP][PASSED] - catch (Exception e): null

2022-04-01 17:10:45 - [TEST_STEP][PASSED] - if (isApplicationOpened == false): null]]></system-out>
         <system-err><![CDATA[]]></system-err>
      </testcase>
      <system-out><![CDATA[2022-04-01 17:05:26 - [TEST_SUITE][PASSED] - Maya Home: Test Cases/MayaHome/mayahome_CEReviewApplication]]></system-out>
      <system-err><![CDATA[]]></system-err>
   </testsuite>
</testsuites>
